#-----------------------------------------------------------
# Vivado v2021.1 (64-bit)
# SW Build 3247384 on Thu Jun 10 19:36:33 MDT 2021
# IP Build 3246043 on Fri Jun 11 00:30:35 MDT 2021
# Start of session at: Fri Jan 13 13:35:06 2023
# Process ID: 13240
# Current directory: E:/Zedboard/1DCFNN/1DCFNN
# Command line: vivado.exe -gui_launcher_event rodinguilauncherevent8052 E:\Zedboard\1DCFNN\1DCFNN\1DCFNN.xpr
# Log file: E:/Zedboard/1DCFNN/1DCFNN/vivado.log
# Journal file: E:/Zedboard/1DCFNN/1DCFNN\vivado.jou
#-----------------------------------------------------------
start_gui
open_project E:/Zedboard/1DCFNN/1DCFNN/1DCFNN.xpr
WARNING: [filemgmt 56-3] IP Repository Path: Could not find the directory 'E:/Zedboard/1DCFNN/ip_repo/CFNN_IP_1.0'.
WARNING: [filemgmt 56-3] IP Repository Path: Could not find the directory 'E:/Zedboard/1DCFNN/ip_repo/CFNN_IP_1.0'.
WARNING: [filemgmt 56-3] IP Repository Path: Could not find the directory 'E:/Zedboard/1DCFNN/ip_repo/CFNN_IP_1.0'.
WARNING: [filemgmt 56-3] IP Repository Path: Could not find the directory 'E:/Zedboard/1DCFNN/ip_repo/CFNN_IP_1.0'.
Scanning sources...
Finished scanning sources
INFO: [IP_Flow 19-234] Refreshing IP repositories
WARNING: [IP_Flow 19-2248] Failed to load user IP repository 'e:/Zedboard/1DCFNN/ip_repo/CFNN_IP_1.0'; Can't find the specified path.
If this directory should no longer be in your list of user repositories, go to the IP Settings dialog and remove it.
WARNING: [IP_Flow 19-2207] Repository 'e:/Zedboard/1DCFNN/ip_repo/CFNN_IP_1.0' already exists; ignoring attempt to add it again.
WARNING: [IP_Flow 19-2248] Failed to load user IP repository 'e:/Zedboard/1DCFNN/ip_repo/CFNN_IP_1.0'; Can't find the specified path.
If this directory should no longer be in your list of user repositories, go to the IP Settings dialog and remove it.
WARNING: [IP_Flow 19-2207] Repository 'e:/Zedboard/1DCFNN/ip_repo/CFNN_IP_1.0' already exists; ignoring attempt to add it again.
WARNING: [IP_Flow 19-2248] Failed to load user IP repository 'e:/Zedboard/1DCFNN/ip_repo/CFNN_IP_1.0'; Can't find the specified path.
If this directory should no longer be in your list of user repositories, go to the IP Settings dialog and remove it.
WARNING: [IP_Flow 19-2207] Repository 'e:/Zedboard/1DCFNN/ip_repo/CFNN_IP_1.0' already exists; ignoring attempt to add it again.
WARNING: [IP_Flow 19-2248] Failed to load user IP repository 'e:/Zedboard/1DCFNN/ip_repo/CFNN_IP_1.0'; Can't find the specified path.
If this directory should no longer be in your list of user repositories, go to the IP Settings dialog and remove it.
INFO: [IP_Flow 19-2313] Loaded Vivado IP repository 'E:/Program_Files/Xilinx/Vivado/2021.1/data/ip'.
open_project: Time (s): cpu = 00:00:15 ; elapsed = 00:00:14 . Memory (MB): peak = 1190.484 ; gain = 0.000
update_compile_order -fileset sources_1
exit
INFO: [Common 17-206] Exiting Vivado at Fri Jan 13 13:36:23 2023...
