Copyright 1986-2021 Xilinx, Inc. All Rights Reserved.
---------------------------------------------------------------------------------------------
| Tool Version : Vivado v.2021.1 (win64) Build 3247384 Thu Jun 10 19:36:33 MDT 2021
| Date         : Sun Oct  9 19:09:10 2022
| Host         : DESKTOP-7O83OJ9 running 64-bit major release  (build 9200)
| Command      : report_control_sets -verbose -file design_1_wrapper_control_sets_placed.rpt
| Design       : design_1_wrapper
| Device       : xc7z020
---------------------------------------------------------------------------------------------

Control Set Information

Table of Contents
-----------------
1. Summary
2. Histogram
3. Flip-Flop Distribution
4. Detailed Control Set Information

1. Summary
----------

+----------------------------------------------------------+-------+
|                          Status                          | Count |
+----------------------------------------------------------+-------+
| Total control sets                                       |   128 |
|    Minimum number of control sets                        |   128 |
|    Addition due to synthesis replication                 |     0 |
|    Addition due to physical synthesis replication        |     0 |
| Unused register locations in slices containing registers |   388 |
+----------------------------------------------------------+-------+
* Control sets can be merged at opt_design using control_set_merge or merge_equivalent_drivers
** Run report_qor_suggestions for automated merging and remapping suggestions


2. Histogram
------------

+--------------------+-------+
|       Fanout       | Count |
+--------------------+-------+
| Total control sets |   128 |
| >= 0 to < 4        |     7 |
| >= 4 to < 6        |    29 |
| >= 6 to < 8        |    10 |
| >= 8 to < 10       |    12 |
| >= 10 to < 12      |     3 |
| >= 12 to < 14      |    10 |
| >= 14 to < 16      |     2 |
| >= 16              |    55 |
+--------------------+-------+
* Control sets can be remapped at either synth_design or opt_design


3. Flip-Flop Distribution
-------------------------

+--------------+-----------------------+------------------------+-----------------+--------------+
| Clock Enable | Synchronous Set/Reset | Asynchronous Set/Reset | Total Registers | Total Slices |
+--------------+-----------------------+------------------------+-----------------+--------------+
| No           | No                    | No                     |             330 |          115 |
| No           | No                    | Yes                    |               0 |            0 |
| No           | Yes                   | No                     |            1005 |          348 |
| Yes          | No                    | No                     |            1387 |          351 |
| Yes          | No                    | Yes                    |               0 |            0 |
| Yes          | Yes                   | No                     |            1154 |          435 |
+--------------+-----------------------+------------------------+-----------------+--------------+


4. Detailed Control Set Information
-----------------------------------

+-------------------------------------------------+----------------------------------------------------------------------------------------------------------------------------------------------------------------+-------------------------------------------------------------------------------------------------------------------------------------------------------+------------------+----------------+--------------+
|                   Clock Signal                  |                                                                          Enable Signal                                                                         |                                                                    Set/Reset Signal                                                                   | Slice Load Count | Bel Load Count | Bels / Slice |
+-------------------------------------------------+----------------------------------------------------------------------------------------------------------------------------------------------------------------+-------------------------------------------------------------------------------------------------------------------------------------------------------+------------------+----------------+--------------+
|  design_1_i/processing_system7_0/inst/FCLK_CLK0 |                                                                                                                                                                | design_1_i/axi_timer_0/U0/AXI4_LITE_I/I_SLAVE_ATTACHMENT/I_DECODER/GEN_BKEND_CE_REGISTERS[4].ce_out_i_reg[4]_0                                        |                1 |              1 |         1.00 |
|  design_1_i/processing_system7_0/inst/FCLK_CLK0 | design_1_i/ps7_0_axi_periph/s00_couplers/auto_pc/inst/gen_axilite.gen_b2s_conv.axilite_b2s/WR.aw_channel_0/aw_cmd_fsm_0/FSM_sequential_state_reg[0]_1          | design_1_i/ps7_0_axi_periph/s00_couplers/auto_pc/inst/gen_axilite.gen_b2s_conv.axilite_b2s/WR.aw_channel_0/aw_cmd_fsm_0/FSM_sequential_state_reg[0]_0 |                1 |              1 |         1.00 |
|  design_1_i/processing_system7_0/inst/FCLK_CLK0 |                                                                                                                                                                | design_1_i/axi_timer_0/U0/TC_CORE_I/TIMER_CONTROL_I/READ_DONE1_I_i_1_n_0                                                                              |                1 |              1 |         1.00 |
|  design_1_i/processing_system7_0/inst/FCLK_CLK0 |                                                                                                                                                                | design_1_i/axi_timer_0/U0/TC_CORE_I/TIMER_CONTROL_I/READ_DONE0_I_i_1_n_0                                                                              |                1 |              1 |         1.00 |
|  design_1_i/processing_system7_0/inst/FCLK_CLK0 |                                                                                                                                                                | design_1_i/axi_timer_0/U0/AXI4_LITE_I/I_SLAVE_ATTACHMENT/I_DECODER/GEN_BKEND_CE_REGISTERS[0].ce_out_i_reg[0]_0                                        |                1 |              1 |         1.00 |
|  design_1_i/processing_system7_0/inst/FCLK_CLK0 | design_1_i/ps7_0_axi_periph/s00_couplers/auto_pc/inst/gen_axilite.gen_b2s_conv.axilite_b2s/WR.b_channel_0/bid_fifo_0/sel                                       |                                                                                                                                                       |                1 |              2 |         2.00 |
|  design_1_i/processing_system7_0/inst/FCLK_CLK0 | design_1_i/OneDCFNN_IP_0/inst/OneDCFNN_IP_v1_0_S00_AXI_inst/nolabel_line416/u_convolutional_top/input_pixel_addr[2]_i_2_n_0                                    | design_1_i/OneDCFNN_IP_0/inst/OneDCFNN_IP_v1_0_S00_AXI_inst/nolabel_line416/u_convolutional_top/input_pixel_addr[2]_i_1_n_0                           |                1 |              3 |         3.00 |
|  design_1_i/processing_system7_0/inst/FCLK_CLK0 |                                                                                                                                                                | design_1_i/axi_gpio_1/U0/AXI_LITE_IPIF_I/I_SLAVE_ATTACHMENT/clear                                                                                     |                1 |              4 |         4.00 |
|  design_1_i/processing_system7_0/inst/FCLK_CLK0 | design_1_i/axi_gpio_1/U0/AXI_LITE_IPIF_I/I_SLAVE_ATTACHMENT/bus2ip_addr_i[8]_i_1_n_0                                                                           | design_1_i/axi_gpio_1/U0/AXI_LITE_IPIF_I/I_SLAVE_ATTACHMENT/SS[0]                                                                                     |                1 |              4 |         4.00 |
|  design_1_i/processing_system7_0/inst/FCLK_CLK0 | design_1_i/OneDCFNN_IP_0/inst/OneDCFNN_IP_v1_0_S00_AXI_inst/nolabel_line416/u_batch_normalization_top/u_bn_processing_element/E[0]                             | design_1_i/OneDCFNN_IP_0/inst/OneDCFNN_IP_v1_0_S00_AXI_inst/nolabel_line416/u_fuzzy_rule_top/delay1                                                   |                2 |              4 |         2.00 |
|  design_1_i/processing_system7_0/inst/FCLK_CLK0 |                                                                                                                                                                | design_1_i/OneDCFNN_IP_0/inst/OneDCFNN_IP_v1_0_S00_AXI_inst/nolabel_line416/u_batch_normalization_top/counter[3]_i_1__2_n_0                           |                1 |              4 |         4.00 |
|  design_1_i/processing_system7_0/inst/FCLK_CLK0 | design_1_i/axi_gpio_1/U0/AXI_LITE_IPIF_I/I_SLAVE_ATTACHMENT/start2                                                                                             | design_1_i/axi_gpio_1/U0/AXI_LITE_IPIF_I/I_SLAVE_ATTACHMENT/I_DECODER/cs_ce_clr                                                                       |                1 |              4 |         4.00 |
|  design_1_i/processing_system7_0/inst/FCLK_CLK0 |                                                                                                                                                                | design_1_i/OneDCFNN_IP_0/inst/OneDCFNN_IP_v1_0_S00_AXI_inst/nolabel_line416/u_fuzzy_rule_top/u_fr_processing_element/done_reg                         |                1 |              4 |         4.00 |
|  design_1_i/processing_system7_0/inst/FCLK_CLK0 |                                                                                                                                                                | design_1_i/ps7_0_axi_periph/s00_couplers/auto_pc/inst/gen_axilite.gen_b2s_conv.axilite_b2s/SI_REG/aw.aw_pipe/aresetn_d_reg[0]_0                       |                1 |              4 |         4.00 |
|  design_1_i/processing_system7_0/inst/FCLK_CLK0 |                                                                                                                                                                | design_1_i/ps7_0_axi_periph/s00_couplers/auto_pc/inst/gen_axilite.gen_b2s_conv.axilite_b2s/SI_REG/ar.ar_pipe/aresetn_d_reg[1]_inv_0                   |                1 |              4 |         4.00 |
|  design_1_i/processing_system7_0/inst/FCLK_CLK0 | design_1_i/OneDCFNN_IP_0/inst/OneDCFNN_IP_v1_0_S00_AXI_inst/nolabel_line416/u_convolutional_top/u_conv_input_buffer/counter[3]_i_1__0_n_0                      | design_1_i/OneDCFNN_IP_0/inst/OneDCFNN_IP_v1_0_S00_AXI_inst/nolabel_line416/u_convolutional_top/u_conv_input_buffer/buffer[2][15]_i_1_n_0             |                1 |              4 |         4.00 |
|  design_1_i/processing_system7_0/inst/FCLK_CLK0 | design_1_i/axi_gpio_0/U0/AXI_LITE_IPIF_I/I_SLAVE_ATTACHMENT/bus2ip_addr_i[8]_i_1_n_0                                                                           | design_1_i/axi_gpio_0/U0/AXI_LITE_IPIF_I/I_SLAVE_ATTACHMENT/SR[0]                                                                                     |                2 |              4 |         2.00 |
|  design_1_i/processing_system7_0/inst/FCLK_CLK0 | design_1_i/ps7_0_axi_periph/s00_couplers/auto_pc/inst/gen_axilite.gen_b2s_conv.axilite_b2s/RD.ar_channel_0/ar_cmd_fsm_0/m_axi_arready_2                        | design_1_i/ps7_0_axi_periph/s00_couplers/auto_pc/inst/gen_axilite.gen_b2s_conv.axilite_b2s/RD.ar_channel_0/ar_cmd_fsm_0/FSM_sequential_state_reg[1]_0 |                3 |              4 |         1.33 |
|  design_1_i/processing_system7_0/inst/FCLK_CLK0 | design_1_i/axi_gpio_0/U0/AXI_LITE_IPIF_I/I_SLAVE_ATTACHMENT/start2                                                                                             | design_1_i/axi_gpio_0/U0/AXI_LITE_IPIF_I/I_SLAVE_ATTACHMENT/I_DECODER/cs_ce_clr                                                                       |                2 |              4 |         2.00 |
|  design_1_i/processing_system7_0/inst/FCLK_CLK0 | design_1_i/OneDCFNN_IP_0/inst/OneDCFNN_IP_v1_0_S00_AXI_inst/nolabel_line416/u_max_pooling_top/u_mp_max/E[0]                                                    | design_1_i/OneDCFNN_IP_0/inst/OneDCFNN_IP_v1_0_S00_AXI_inst/nolabel_line416/u_max_pooling_top/u_mp_max/output_filter_reg[3][0]                        |                1 |              4 |         4.00 |
|  design_1_i/processing_system7_0/inst/FCLK_CLK0 | design_1_i/OneDCFNN_IP_0/inst/OneDCFNN_IP_v1_0_S00_AXI_inst/nolabel_line416/u_fuzzy_rule_top/u_fr_processing_element/E[0]                                      | design_1_i/OneDCFNN_IP_0/inst/OneDCFNN_IP_v1_0_S00_AXI_inst/nolabel_line416/u_fuzzy_rule_top/output_pixel_addr[3]_i_1__0_n_0                          |                1 |              4 |         4.00 |
|  design_1_i/processing_system7_0/inst/FCLK_CLK0 | design_1_i/OneDCFNN_IP_0/inst/OneDCFNN_IP_v1_0_S00_AXI_inst/nolabel_line416/u_fuzzy_rule_top/u_fr_processing_element/state[3]_i_2_n_0                          | design_1_i/OneDCFNN_IP_0/inst/OneDCFNN_IP_v1_0_S00_AXI_inst/nolabel_line416/u_fuzzy_rule_top/u_fr_processing_element/done_reg                         |                1 |              4 |         4.00 |
|  design_1_i/processing_system7_0/inst/FCLK_CLK0 |                                                                                                                                                                | design_1_i/rst_ps7_0_100M/U0/EXT_LPF/lpf_int                                                                                                          |                1 |              4 |         4.00 |
|  design_1_i/processing_system7_0/inst/FCLK_CLK0 |                                                                                                                                                                | design_1_i/OneDCFNN_IP_0/inst/OneDCFNN_IP_v1_0_S00_AXI_inst/nolabel_line416/u_defuzzy_top/input_pixel_addr[3]_i_1__1_n_0                              |                1 |              4 |         4.00 |
|  design_1_i/processing_system7_0/inst/FCLK_CLK0 | design_1_i/axi_timer_0/U0/AXI4_LITE_I/I_SLAVE_ATTACHMENT/bus2ip_addr_i[4]_i_1_n_0                                                                              | design_1_i/axi_timer_0/U0/AXI4_LITE_I/I_SLAVE_ATTACHMENT/rst                                                                                          |                1 |              4 |         4.00 |
|  design_1_i/processing_system7_0/inst/FCLK_CLK0 |                                                                                                                                                                | design_1_i/axi_gpio_0/U0/AXI_LITE_IPIF_I/I_SLAVE_ATTACHMENT/clear                                                                                     |                1 |              4 |         4.00 |
|  design_1_i/processing_system7_0/inst/FCLK_CLK0 | design_1_i/axi_timer_0/U0/AXI4_LITE_I/I_SLAVE_ATTACHMENT/I_DECODER/pair0_Select                                                                                | design_1_i/axi_timer_0/U0/TC_CORE_I/GEN_SECOND_TIMER.COUNTER_1_I/COUNTER_I/s_axi_aresetn_0                                                            |                2 |              4 |         2.00 |
|  design_1_i/processing_system7_0/inst/FCLK_CLK0 | design_1_i/OneDCFNN_IP_0/inst/OneDCFNN_IP_v1_0_S00_AXI_inst/nolabel_line416/u_convolutional_top/counter                                                        | design_1_i/OneDCFNN_IP_0/inst/OneDCFNN_IP_v1_0_S00_AXI_inst/nolabel_line416/u_max_pooling_top/delay1                                                  |                3 |              5 |         1.67 |
|  design_1_i/processing_system7_0/inst/FCLK_CLK0 |                                                                                                                                                                | design_1_i/OneDCFNN_IP_0/inst/OneDCFNN_IP_v1_0_S00_AXI_inst/nolabel_line416/u_fuzzy_rule_top/u_fr_input_buffer/SR[0]                                  |                1 |              5 |         5.00 |
|  design_1_i/processing_system7_0/inst/FCLK_CLK0 | design_1_i/OneDCFNN_IP_0/inst/OneDCFNN_IP_v1_0_S00_AXI_inst/nolabel_line416/u_max_pooling_top/u_mp_input_buffer/counter[4]_i_1__1_n_0                          | design_1_i/OneDCFNN_IP_0/inst/OneDCFNN_IP_v1_0_S00_AXI_inst/nolabel_line416/u_max_pooling_top/u_mp_input_buffer/x00                                   |                1 |              5 |         5.00 |
|  design_1_i/processing_system7_0/inst/FCLK_CLK0 | design_1_i/OneDCFNN_IP_0/inst/OneDCFNN_IP_v1_0_S00_AXI_inst/nolabel_line416/u_max_pooling_top/input_filter[4]_i_1_n_0                                          | design_1_i/OneDCFNN_IP_0/inst/OneDCFNN_IP_v1_0_S00_AXI_inst/nolabel_line416/u_max_pooling_top/counter[5]_i_1_n_0                                      |                1 |              5 |         5.00 |
|  design_1_i/processing_system7_0/inst/FCLK_CLK0 |                                                                                                                                                                | design_1_i/OneDCFNN_IP_0/inst/OneDCFNN_IP_v1_0_S00_AXI_inst/nolabel_line416/u_convolutional_top/counter[4]_i_1_n_0                                    |                2 |              5 |         2.50 |
|  design_1_i/processing_system7_0/inst/FCLK_CLK0 | design_1_i/ps7_0_axi_periph/s00_couplers/auto_pc/inst/gen_axilite.gen_b2s_conv.axilite_b2s/RD.r_channel_0/rd_data_fifo_0/cnt_read[4]_i_1__0_n_0                | design_1_i/ps7_0_axi_periph/s00_couplers/auto_pc/inst/gen_axilite.gen_b2s_conv.axilite_b2s/areset_d1                                                  |                1 |              5 |         5.00 |
|  design_1_i/processing_system7_0/inst/FCLK_CLK0 |                                                                                                                                                                | design_1_i/OneDCFNN_IP_0/inst/OneDCFNN_IP_v1_0_S00_AXI_inst/nolabel_line416/u_defuzzy_top/u_df_processing_element/counter[4]_i_1__6_n_0               |                1 |              5 |         5.00 |
|  design_1_i/processing_system7_0/inst/FCLK_CLK0 | design_1_i/ps7_0_axi_periph/s00_couplers/auto_pc/inst/gen_axilite.gen_b2s_conv.axilite_b2s/RD.r_channel_0/transaction_fifo_0/cnt_read[4]_i_1_n_0               | design_1_i/ps7_0_axi_periph/s00_couplers/auto_pc/inst/gen_axilite.gen_b2s_conv.axilite_b2s/areset_d1                                                  |                2 |              5 |         2.50 |
|  design_1_i/processing_system7_0/inst/FCLK_CLK0 |                                                                                                                                                                | design_1_i/OneDCFNN_IP_0/inst/OneDCFNN_IP_v1_0_S00_AXI_inst/nolabel_line416/u_defuzzy_top/counter[4]_i_1__5_n_0                                       |                1 |              5 |         5.00 |
|  design_1_i/processing_system7_0/inst/FCLK_CLK0 |                                                                                                                                                                | design_1_i/axi_timer_0/U0/AXI4_LITE_I/I_SLAVE_ATTACHMENT/INCLUDE_DPHASE_TIMER.dpto_cnt[5]_i_1_n_0                                                     |                2 |              6 |         3.00 |
|  design_1_i/processing_system7_0/inst/FCLK_CLK0 | design_1_i/OneDCFNN_IP_0/inst/OneDCFNN_IP_v1_0_S00_AXI_inst/nolabel_line416/u_fuzzy_rule_top/u_fr_input_buffer/sel                                             | design_1_i/OneDCFNN_IP_0/inst/OneDCFNN_IP_v1_0_S00_AXI_inst/nolabel_line416/u_fuzzy_rule_top/u_fr_input_buffer/buffer[31][7]_i_1_n_0                  |                2 |              6 |         3.00 |
|  design_1_i/processing_system7_0/inst/FCLK_CLK0 |                                                                                                                                                                | design_1_i/OneDCFNN_IP_0/inst/OneDCFNN_IP_v1_0_S00_AXI_inst/nolabel_line416/u_defuzzy_top/u_df_weights_memory/SR[0]                                   |                1 |              6 |         6.00 |
|  design_1_i/processing_system7_0/inst/FCLK_CLK0 |                                                                                                                                                                | design_1_i/OneDCFNN_IP_0/inst/OneDCFNN_IP_v1_0_S00_AXI_inst/nolabel_line416/u_max_pooling_top/counter[5]_i_1_n_0                                      |                2 |              6 |         3.00 |
|  design_1_i/processing_system7_0/inst/FCLK_CLK0 | design_1_i/rst_ps7_0_100M/U0/SEQ/seq_cnt_en                                                                                                                    | design_1_i/rst_ps7_0_100M/U0/SEQ/SEQ_COUNTER/clear                                                                                                    |                2 |              6 |         3.00 |
|  design_1_i/processing_system7_0/inst/FCLK_CLK0 |                                                                                                                                                                | design_1_i/OneDCFNN_IP_0/inst/OneDCFNN_IP_v1_0_S00_AXI_inst/nolabel_line416/u_fuzzy_rule_top/u_fr_processing_element/exp_LUT_addr_reg_n_0_[11]        |                2 |              6 |         3.00 |
|  design_1_i/processing_system7_0/inst/FCLK_CLK0 | design_1_i/axi_timer_0/U0/AXI4_LITE_I/I_SLAVE_ATTACHMENT/start2                                                                                                | design_1_i/axi_timer_0/U0/AXI4_LITE_I/I_SLAVE_ATTACHMENT/I_DECODER/cs_ce_clr                                                                          |                2 |              7 |         3.50 |
|  design_1_i/processing_system7_0/inst/FCLK_CLK0 |                                                                                                                                                                | design_1_i/OneDCFNN_IP_0/inst/OneDCFNN_IP_v1_0_S00_AXI_inst/nolabel_line416/u_fully_connected_top/counter[6]_i_1__0_n_0                               |                2 |              7 |         3.50 |
|  design_1_i/processing_system7_0/inst/FCLK_CLK0 |                                                                                                                                                                | design_1_i/OneDCFNN_IP_0/inst/OneDCFNN_IP_v1_0_S00_AXI_inst/nolabel_line416/u_fully_connected_top/u_fc_processing_element/counter[6]_i_1_n_0          |                2 |              7 |         3.50 |
|  design_1_i/processing_system7_0/inst/FCLK_CLK0 | design_1_i/OneDCFNN_IP_0/inst/OneDCFNN_IP_v1_0_S00_AXI_inst/nolabel_line416/u_fuzzy_rule_top/u_fr_processing_element/output_pixel_reg                          | design_1_i/OneDCFNN_IP_0/inst/OneDCFNN_IP_v1_0_S00_AXI_inst/nolabel_line416/u_fuzzy_rule_top/u_fr_processing_element/done_reg                         |                3 |              7 |         2.33 |
|  design_1_i/processing_system7_0/inst/FCLK_CLK0 | design_1_i/ps7_0_axi_periph/s00_couplers/auto_pc/inst/gen_axilite.gen_b2s_conv.axilite_b2s/WR.b_channel_0/mhandshake_r                                         | design_1_i/ps7_0_axi_periph/s00_couplers/auto_pc/inst/gen_axilite.gen_b2s_conv.axilite_b2s/WR.b_channel_0/bid_fifo_0/SR[0]                            |                2 |              8 |         4.00 |
|  design_1_i/processing_system7_0/inst/FCLK_CLK0 | design_1_i/OneDCFNN_IP_0/inst/OneDCFNN_IP_v1_0_S00_AXI_inst/p_1_in[15]                                                                                         | design_1_i/OneDCFNN_IP_0/inst/OneDCFNN_IP_v1_0_S00_AXI_inst/axi_awready_i_1_n_0                                                                       |                1 |              8 |         8.00 |
|  design_1_i/processing_system7_0/inst/FCLK_CLK0 | design_1_i/OneDCFNN_IP_0/inst/OneDCFNN_IP_v1_0_S00_AXI_inst/p_1_in[0]                                                                                          | design_1_i/OneDCFNN_IP_0/inst/OneDCFNN_IP_v1_0_S00_AXI_inst/axi_awready_i_1_n_0                                                                       |                1 |              8 |         8.00 |
|  design_1_i/processing_system7_0/inst/FCLK_CLK0 | design_1_i/OneDCFNN_IP_0/inst/OneDCFNN_IP_v1_0_S00_AXI_inst/slv_reg1[7]_i_1_n_0                                                                                | design_1_i/OneDCFNN_IP_0/inst/OneDCFNN_IP_v1_0_S00_AXI_inst/axi_awready_i_1_n_0                                                                       |                2 |              8 |         4.00 |
|  design_1_i/processing_system7_0/inst/FCLK_CLK0 | design_1_i/OneDCFNN_IP_0/inst/OneDCFNN_IP_v1_0_S00_AXI_inst/p_1_in[31]                                                                                         | design_1_i/OneDCFNN_IP_0/inst/OneDCFNN_IP_v1_0_S00_AXI_inst/axi_awready_i_1_n_0                                                                       |                1 |              8 |         8.00 |
|  design_1_i/processing_system7_0/inst/FCLK_CLK0 | design_1_i/OneDCFNN_IP_0/inst/OneDCFNN_IP_v1_0_S00_AXI_inst/slv_reg1[15]_i_1_n_0                                                                               | design_1_i/OneDCFNN_IP_0/inst/OneDCFNN_IP_v1_0_S00_AXI_inst/axi_awready_i_1_n_0                                                                       |                1 |              8 |         8.00 |
|  design_1_i/processing_system7_0/inst/FCLK_CLK0 | design_1_i/OneDCFNN_IP_0/inst/OneDCFNN_IP_v1_0_S00_AXI_inst/slv_reg1[31]_i_1_n_0                                                                               | design_1_i/OneDCFNN_IP_0/inst/OneDCFNN_IP_v1_0_S00_AXI_inst/axi_awready_i_1_n_0                                                                       |                2 |              8 |         4.00 |
|  design_1_i/processing_system7_0/inst/FCLK_CLK0 | design_1_i/OneDCFNN_IP_0/inst/OneDCFNN_IP_v1_0_S00_AXI_inst/slv_reg1[23]_i_1_n_0                                                                               | design_1_i/OneDCFNN_IP_0/inst/OneDCFNN_IP_v1_0_S00_AXI_inst/axi_awready_i_1_n_0                                                                       |                2 |              8 |         4.00 |
|  design_1_i/processing_system7_0/inst/FCLK_CLK0 | design_1_i/OneDCFNN_IP_0/inst/OneDCFNN_IP_v1_0_S00_AXI_inst/p_1_in[23]                                                                                         | design_1_i/OneDCFNN_IP_0/inst/OneDCFNN_IP_v1_0_S00_AXI_inst/axi_awready_i_1_n_0                                                                       |                1 |              8 |         8.00 |
|  design_1_i/processing_system7_0/inst/FCLK_CLK0 | design_1_i/axi_timer_0/U0/AXI4_LITE_I/I_SLAVE_ATTACHMENT/I_DECODER/bus2ip_wrce[0]                                                                              | design_1_i/axi_timer_0/U0/TC_CORE_I/GEN_SECOND_TIMER.COUNTER_1_I/COUNTER_I/s_axi_aresetn_0                                                            |                3 |              8 |         2.67 |
|  design_1_i/processing_system7_0/inst/FCLK_CLK0 |                                                                                                                                                                | design_1_i/OneDCFNN_IP_0/inst/OneDCFNN_IP_v1_0_S00_AXI_inst/nolabel_line416/u_fuzzy_rule_top/done_reg_3                                               |                3 |              9 |         3.00 |
|  design_1_i/processing_system7_0/inst/FCLK_CLK0 | design_1_i/axi_timer_0/U0/AXI4_LITE_I/I_SLAVE_ATTACHMENT/I_DECODER/bus2ip_wrce[1]                                                                              | design_1_i/axi_timer_0/U0/TC_CORE_I/GEN_SECOND_TIMER.COUNTER_1_I/COUNTER_I/s_axi_aresetn_0                                                            |                4 |              9 |         2.25 |
|  design_1_i/processing_system7_0/inst/FCLK_CLK0 |                                                                                                                                                                | design_1_i/ps7_0_axi_periph/s00_couplers/auto_pc/inst/gen_axilite.gen_b2s_conv.axilite_b2s/areset_d1                                                  |                4 |             10 |         2.50 |
|  design_1_i/processing_system7_0/inst/FCLK_CLK0 |                                                                                                                                                                | design_1_i/OneDCFNN_IP_0/inst/OneDCFNN_IP_v1_0_S00_AXI_inst/nolabel_line416/u_fully_connected_top/u_fc_weights_memory/w[10]_i_1_n_0                   |               10 |             10 |         1.00 |
|  design_1_i/processing_system7_0/inst/FCLK_CLK0 |                                                                                                                                                                | design_1_i/axi_timer_0/U0/AXI4_LITE_I/I_SLAVE_ATTACHMENT/rst                                                                                          |                5 |             11 |         2.20 |
|  design_1_i/processing_system7_0/inst/FCLK_CLK0 | design_1_i/OneDCFNN_IP_0/inst/OneDCFNN_IP_v1_0_S00_AXI_inst/nolabel_line416/u_fuzzy_rule_top/u_fr_processing_element/output_pixel_addr_reg[3]                  | design_1_i/OneDCFNN_IP_0/inst/OneDCFNN_IP_v1_0_S00_AXI_inst/nolabel_line416/u_fuzzy_rule_top/u_fr_processing_element/done_reg                         |                8 |             12 |         1.50 |
|  design_1_i/processing_system7_0/inst/FCLK_CLK0 | design_1_i/ps7_0_axi_periph/s00_couplers/auto_pc/inst/gen_axilite.gen_b2s_conv.axilite_b2s/RD.ar_channel_0/ar_cmd_fsm_0/sel_first_reg[0]                       |                                                                                                                                                       |                2 |             12 |         6.00 |
|  design_1_i/processing_system7_0/inst/FCLK_CLK0 |                                                                                                                                                                | design_1_i/axi_timer_0/U0/TC_CORE_I/GEN_SECOND_TIMER.COUNTER_1_I/COUNTER_I/s_axi_aresetn_0                                                            |                4 |             12 |         3.00 |
|  design_1_i/processing_system7_0/inst/FCLK_CLK0 | design_1_i/ps7_0_axi_periph/s00_couplers/auto_pc/inst/gen_axilite.gen_b2s_conv.axilite_b2s/WR.aw_channel_0/cmd_translator_0/incr_cmd_0/axaddr_incr[11]_i_1_n_0 |                                                                                                                                                       |                2 |             12 |         6.00 |
|  design_1_i/processing_system7_0/inst/FCLK_CLK0 | design_1_i/ps7_0_axi_periph/s00_couplers/auto_pc/inst/gen_axilite.gen_b2s_conv.axilite_b2s/WR.aw_channel_0/aw_cmd_fsm_0/m_valid_i_reg[0]                       |                                                                                                                                                       |                4 |             12 |         3.00 |
|  design_1_i/processing_system7_0/inst/FCLK_CLK0 | design_1_i/ps7_0_axi_periph/s00_couplers/auto_pc/inst/gen_axilite.gen_b2s_conv.axilite_b2s/RD.ar_channel_0/ar_cmd_fsm_0/E[0]                                   |                                                                                                                                                       |                6 |             12 |         2.00 |
|  design_1_i/processing_system7_0/inst/FCLK_CLK0 | design_1_i/OneDCFNN_IP_0/inst/OneDCFNN_IP_v1_0_S00_AXI_inst/nolabel_line416/u_fuzzy_rule_top/u_fr_processing_element/exp_LUT_addr[11]_i_1_n_0                  |                                                                                                                                                       |                5 |             12 |         2.40 |
|  design_1_i/processing_system7_0/inst/FCLK_CLK0 |                                                                                                                                                                | design_1_i/OneDCFNN_IP_0/inst/OneDCFNN_IP_v1_0_S00_AXI_inst/axi_awready_i_1_n_0                                                                       |                5 |             12 |         2.40 |
|  design_1_i/processing_system7_0/inst/FCLK_CLK0 |                                                                                                                                                                | design_1_i/ps7_0_axi_periph/xbar/inst/gen_sasd.crossbar_sasd_0/addr_arbiter_inst/SR[0]                                                                |                5 |             13 |         2.60 |
|  design_1_i/processing_system7_0/inst/FCLK_CLK0 | design_1_i/ps7_0_axi_periph/s00_couplers/auto_pc/inst/gen_axilite.gen_b2s_conv.axilite_b2s/RD.r_channel_0/r_push_r                                             |                                                                                                                                                       |                4 |             13 |         3.25 |
|  design_1_i/processing_system7_0/inst/FCLK_CLK0 | design_1_i/ps7_0_axi_periph/s00_couplers/auto_pc/inst/gen_axilite.gen_b2s_conv.axilite_b2s/SI_REG/b.b_pipe/p_1_in                                              |                                                                                                                                                       |                3 |             14 |         4.67 |
|  design_1_i/processing_system7_0/inst/FCLK_CLK0 | design_1_i/ps7_0_axi_periph/s00_couplers/auto_pc/inst/gen_axilite.gen_b2s_conv.axilite_b2s/SI_REG/b.b_pipe/s_ready_i_reg_0                                     |                                                                                                                                                       |                3 |             14 |         4.67 |
|  design_1_i/processing_system7_0/inst/FCLK_CLK0 |                                                                                                                                                                | design_1_i/OneDCFNN_IP_0/inst/OneDCFNN_IP_v1_0_S00_AXI_inst/nolabel_line416/u_fully_connected_top/u_fc_processing_element/output_pixel0               |                4 |             16 |         4.00 |
|  design_1_i/processing_system7_0/inst/FCLK_CLK0 |                                                                                                                                                                | design_1_i/axi_gpio_0/U0/AXI_LITE_IPIF_I/I_SLAVE_ATTACHMENT/I_DECODER/bus2ip_rnw_i_reg                                                                |                5 |             16 |         3.20 |
|  design_1_i/processing_system7_0/inst/FCLK_CLK0 | design_1_i/axi_gpio_0/U0/AXI_LITE_IPIF_I/I_SLAVE_ATTACHMENT/I_DECODER/E[0]                                                                                     | design_1_i/axi_gpio_0/U0/AXI_LITE_IPIF_I/I_SLAVE_ATTACHMENT/SR[0]                                                                                     |                4 |             16 |         4.00 |
|  design_1_i/processing_system7_0/inst/FCLK_CLK0 | design_1_i/ps7_0_axi_periph/s00_couplers/auto_pc/inst/gen_axilite.gen_b2s_conv.axilite_b2s/WR.aw_channel_0/aw_cmd_fsm_0/m_axi_awready_0                        |                                                                                                                                                       |                3 |             16 |         5.33 |
|  design_1_i/processing_system7_0/inst/FCLK_CLK0 |                                                                                                                                                                | design_1_i/OneDCFNN_IP_0/inst/OneDCFNN_IP_v1_0_S00_AXI_inst/nolabel_line416/u_defuzzy_top/u_df_processing_element/output_pixel[15]_i_1__2_n_0         |                4 |             16 |         4.00 |
|  design_1_i/processing_system7_0/inst/FCLK_CLK0 |                                                                                                                                                                | design_1_i/OneDCFNN_IP_0/inst/OneDCFNN_IP_v1_0_S00_AXI_inst/nolabel_line416/u_batch_normalization_top/u_bn_input_buffer/ready_reg_0[0]                |                5 |             17 |         3.40 |
|  design_1_i/processing_system7_0/inst/FCLK_CLK0 |                                                                                                                                                                | design_1_i/OneDCFNN_IP_0/inst/OneDCFNN_IP_v1_0_S00_AXI_inst/nolabel_line416/u_convolutional_top/u_conv_processing_element/output_pixel0               |                5 |             17 |         3.40 |
|  design_1_i/processing_system7_0/inst/FCLK_CLK0 | design_1_i/axi_gpio_0/U0/AXI_LITE_IPIF_I/I_SLAVE_ATTACHMENT/s_axi_rresp_i                                                                                      | design_1_i/axi_gpio_0/U0/AXI_LITE_IPIF_I/I_SLAVE_ATTACHMENT/SR[0]                                                                                     |                5 |             17 |         3.40 |
|  design_1_i/processing_system7_0/inst/FCLK_CLK0 |                                                                                                                                                                | design_1_i/OneDCFNN_IP_0/inst/OneDCFNN_IP_v1_0_S00_AXI_inst/nolabel_line416/u_fuzzy_rule_top/SR[0]                                                    |                6 |             17 |         2.83 |
|  design_1_i/processing_system7_0/inst/FCLK_CLK0 | design_1_i/OneDCFNN_IP_0/inst/OneDCFNN_IP_v1_0_S00_AXI_inst/nolabel_line416/u_defuzzy_top/u_df_processing_element/E[0]                                         | design_1_i/OneDCFNN_IP_0/inst/OneDCFNN_IP_v1_0_S00_AXI_inst/nolabel_line416/result0                                                                   |                5 |             17 |         3.40 |
|  design_1_i/processing_system7_0/inst/FCLK_CLK0 |                                                                                                                                                                | design_1_i/OneDCFNN_IP_0/inst/OneDCFNN_IP_v1_0_S00_AXI_inst/nolabel_line416/u_defuzzy_top/u_df_input_buffer/x[15]_i_1__0_n_0                          |                5 |             17 |         3.40 |
|  design_1_i/processing_system7_0/inst/FCLK_CLK0 |                                                                                                                                                                | design_1_i/OneDCFNN_IP_0/inst/OneDCFNN_IP_v1_0_S00_AXI_inst/nolabel_line416/u_max_pooling_top/u_mp_max/output_pixel0                                  |                3 |             17 |         5.67 |
|  design_1_i/processing_system7_0/inst/FCLK_CLK0 |                                                                                                                                                                | design_1_i/OneDCFNN_IP_0/inst/OneDCFNN_IP_v1_0_S00_AXI_inst/nolabel_line416/u_batch_normalization_top/u_bn_input_buffer/counter[2]_i_1__2_n_0         |               13 |             20 |         1.54 |
|  design_1_i/processing_system7_0/inst/FCLK_CLK0 | design_1_i/ps7_0_axi_periph/xbar/inst/gen_sasd.crossbar_sasd_0/addr_arbiter_inst/p_0_in1_in                                                                    | design_1_i/ps7_0_axi_periph/xbar/inst/gen_sasd.crossbar_sasd_0/addr_arbiter_inst/SR[0]                                                                |                8 |             20 |         2.50 |
|  design_1_i/processing_system7_0/inst/FCLK_CLK0 |                                                                                                                                                                | design_1_i/axi_gpio_1/U0/AXI_LITE_IPIF_I/I_SLAVE_ATTACHMENT/SS[0]                                                                                     |                7 |             21 |         3.00 |
|  design_1_i/processing_system7_0/inst/FCLK_CLK0 | design_1_i/ps7_0_axi_periph/s00_couplers/auto_pc/inst/gen_axilite.gen_b2s_conv.axilite_b2s/RD.ar_channel_0/ar_cmd_fsm_0/m_axi_arready_2                        |                                                                                                                                                       |                7 |             21 |         3.00 |
|  design_1_i/processing_system7_0/inst/FCLK_CLK0 | design_1_i/ps7_0_axi_periph/s00_couplers/auto_pc/inst/gen_axilite.gen_b2s_conv.axilite_b2s/WR.aw_channel_0/aw_cmd_fsm_0/FSM_sequential_state_reg[0]_1          |                                                                                                                                                       |               10 |             24 |         2.40 |
|  design_1_i/processing_system7_0/inst/FCLK_CLK0 | design_1_i/OneDCFNN_IP_0/inst/OneDCFNN_IP_v1_0_S00_AXI_inst/nolabel_line416/u_fuzzy_rule_top/u_fr_processing_element/add4[24]_i_1_n_0                          |                                                                                                                                                       |                7 |             25 |         3.57 |
|  design_1_i/processing_system7_0/inst/FCLK_CLK0 | design_1_i/OneDCFNN_IP_0/inst/OneDCFNN_IP_v1_0_S00_AXI_inst/nolabel_line416/u_fully_connected_top/u_fc_input_buffer/E[0]                                       | design_1_i/OneDCFNN_IP_0/inst/OneDCFNN_IP_v1_0_S00_AXI_inst/nolabel_line416/u_fuzzy_rule_top/delay1_0                                                 |               12 |             28 |         2.33 |
|  design_1_i/processing_system7_0/inst/FCLK_CLK0 | design_1_i/axi_timer_0/U0/TC_CORE_I/TIMER_CONTROL_I/TCSR0_GENERATE[20].TCSR0_FF_I_1                                                                            | design_1_i/axi_timer_0/U0/TC_CORE_I/GEN_SECOND_TIMER.COUNTER_1_I/COUNTER_I/s_axi_aresetn_0                                                            |                5 |             32 |         6.40 |
|  design_1_i/processing_system7_0/inst/FCLK_CLK0 | design_1_i/axi_timer_0/U0/TC_CORE_I/TIMER_CONTROL_I/CE_0                                                                                                       | design_1_i/axi_timer_0/U0/TC_CORE_I/GEN_SECOND_TIMER.COUNTER_1_I/COUNTER_I/s_axi_aresetn_0                                                            |                9 |             32 |         3.56 |
|  design_1_i/processing_system7_0/inst/FCLK_CLK0 | design_1_i/axi_timer_0/U0/TC_CORE_I/TIMER_CONTROL_I/CE                                                                                                         | design_1_i/axi_timer_0/U0/TC_CORE_I/GEN_SECOND_TIMER.COUNTER_1_I/COUNTER_I/s_axi_aresetn_0                                                            |               10 |             32 |         3.20 |
|  design_1_i/processing_system7_0/inst/FCLK_CLK0 | design_1_i/OneDCFNN_IP_0/inst/OneDCFNN_IP_v1_0_S00_AXI_inst/slv_reg_rden__0                                                                                    | design_1_i/OneDCFNN_IP_0/inst/OneDCFNN_IP_v1_0_S00_AXI_inst/axi_awready_i_1_n_0                                                                       |               14 |             32 |         2.29 |
|  design_1_i/processing_system7_0/inst/FCLK_CLK0 |                                                                                                                                                                | design_1_i/axi_gpio_0/U0/AXI_LITE_IPIF_I/I_SLAVE_ATTACHMENT/SR[0]                                                                                     |               10 |             32 |         3.20 |
|  design_1_i/processing_system7_0/inst/FCLK_CLK0 | design_1_i/axi_timer_0/U0/AXI4_LITE_I/I_SLAVE_ATTACHMENT/s_axi_rresp_i                                                                                         | design_1_i/axi_timer_0/U0/AXI4_LITE_I/I_SLAVE_ATTACHMENT/rst                                                                                          |               32 |             32 |         1.00 |
|  design_1_i/processing_system7_0/inst/FCLK_CLK0 | design_1_i/axi_timer_0/U0/TC_CORE_I/TIMER_CONTROL_I/generateOutPre0_reg_0                                                                                      | design_1_i/axi_timer_0/U0/TC_CORE_I/GEN_SECOND_TIMER.COUNTER_1_I/COUNTER_I/s_axi_aresetn_0                                                            |                4 |             32 |         8.00 |
|  design_1_i/processing_system7_0/inst/FCLK_CLK0 |                                                                                                                                                                | design_1_i/OneDCFNN_IP_0/inst/OneDCFNN_IP_v1_0_S00_AXI_inst/nolabel_line416/u_max_pooling_top/u_mp_input_buffer/SR[0]                                 |                7 |             33 |         4.71 |
|  design_1_i/processing_system7_0/inst/FCLK_CLK0 |                                                                                                                                                                | design_1_i/OneDCFNN_IP_0/inst/OneDCFNN_IP_v1_0_S00_AXI_inst/nolabel_line416/u_convolutional_top/u_conv_processing_element/adder0                      |                9 |             33 |         3.67 |
|  design_1_i/processing_system7_0/inst/FCLK_CLK0 | design_1_i/ps7_0_axi_periph/s00_couplers/auto_pc/inst/gen_axilite.gen_b2s_conv.axilite_b2s/RD.r_channel_0/rd_data_fifo_0/wr_en0                                |                                                                                                                                                       |                9 |             34 |         3.78 |
|  design_1_i/processing_system7_0/inst/FCLK_CLK0 | design_1_i/ps7_0_axi_periph/xbar/inst/gen_sasd.crossbar_sasd_0/addr_arbiter_inst/E[0]                                                                          |                                                                                                                                                       |                7 |             35 |         5.00 |
|  design_1_i/processing_system7_0/inst/FCLK_CLK0 |                                                                                                                                                                | design_1_i/OneDCFNN_IP_0/inst/OneDCFNN_IP_v1_0_S00_AXI_inst/nolabel_line416/u_convolutional_top/u_conv_processing_element/relu[31]_i_1_n_0            |               15 |             35 |         2.33 |
|  design_1_i/processing_system7_0/inst/FCLK_CLK0 |                                                                                                                                                                | design_1_i/OneDCFNN_IP_0/inst/OneDCFNN_IP_v1_0_S00_AXI_inst/nolabel_line416/u_defuzzy_top/u_df_weights_memory/adder0                                  |               11 |             35 |         3.18 |
|  design_1_i/processing_system7_0/inst/FCLK_CLK0 |                                                                                                                                                                | design_1_i/OneDCFNN_IP_0/inst/OneDCFNN_IP_v1_0_S00_AXI_inst/nolabel_line416/u_fully_connected_top/u_fc_weights_memory/adder0                          |               12 |             36 |         3.00 |
|  design_1_i/processing_system7_0/inst/FCLK_CLK0 |                                                                                                                                                                | design_1_i/OneDCFNN_IP_0/inst/OneDCFNN_IP_v1_0_S00_AXI_inst/nolabel_line416/u_batch_normalization_top/u_bn_weights_memory/SR[0]                       |               14 |             36 |         2.57 |
|  design_1_i/processing_system7_0/inst/FCLK_CLK0 | design_1_i/OneDCFNN_IP_0/inst/OneDCFNN_IP_v1_0_S00_AXI_inst/nolabel_line416/u_convolutional_top/u_conv_weights_memory/w0[15]_i_2_n_0                           | design_1_i/OneDCFNN_IP_0/inst/OneDCFNN_IP_v1_0_S00_AXI_inst/nolabel_line416/u_convolutional_top/u_conv_weights_memory/w0[15]_i_1_n_0                  |                8 |             40 |         5.00 |
|  design_1_i/processing_system7_0/inst/FCLK_CLK0 | design_1_i/ps7_0_axi_periph/s00_couplers/auto_pc/inst/gen_axilite.gen_b2s_conv.axilite_b2s/SI_REG/r.r_pipe/s_ready_i_reg_0                                     |                                                                                                                                                       |                8 |             47 |         5.88 |
|  design_1_i/processing_system7_0/inst/FCLK_CLK0 | design_1_i/ps7_0_axi_periph/s00_couplers/auto_pc/inst/gen_axilite.gen_b2s_conv.axilite_b2s/SI_REG/r.r_pipe/p_1_in                                              |                                                                                                                                                       |                7 |             47 |         6.71 |
|  design_1_i/processing_system7_0/inst/FCLK_CLK0 | design_1_i/OneDCFNN_IP_0/inst/OneDCFNN_IP_v1_0_S00_AXI_inst/nolabel_line416/u_fuzzy_rule_top/u_fr_processing_element/add3[1][23]_i_1_n_0                       |                                                                                                                                                       |               12 |             48 |         4.00 |
|  design_1_i/processing_system7_0/inst/FCLK_CLK0 | design_1_i/OneDCFNN_IP_0/inst/OneDCFNN_IP_v1_0_S00_AXI_inst/nolabel_line416/u_max_pooling_top/u_mp_input_buffer/x2[15]_i_2_n_0                                 | design_1_i/OneDCFNN_IP_0/inst/OneDCFNN_IP_v1_0_S00_AXI_inst/nolabel_line416/u_max_pooling_top/u_mp_input_buffer/x00                                   |                8 |             48 |         6.00 |
|  design_1_i/processing_system7_0/inst/FCLK_CLK0 | design_1_i/OneDCFNN_IP_0/inst/OneDCFNN_IP_v1_0_S00_AXI_inst/nolabel_line416/u_convolutional_top/u_conv_input_buffer/x0[15]_i_1_n_0                             | design_1_i/OneDCFNN_IP_0/inst/OneDCFNN_IP_v1_0_S00_AXI_inst/nolabel_line416/u_convolutional_top/u_conv_input_buffer/buffer[2][15]_i_1_n_0             |               14 |             48 |         3.43 |
|  design_1_i/processing_system7_0/inst/FCLK_CLK0 | design_1_i/ps7_0_axi_periph/s00_couplers/auto_pc/inst/gen_axilite.gen_b2s_conv.axilite_b2s/RD.ar_channel_0/ar_cmd_fsm_0/m_valid_i_reg[0]                       |                                                                                                                                                       |                9 |             48 |         5.33 |
|  design_1_i/processing_system7_0/inst/FCLK_CLK0 | design_1_i/ps7_0_axi_periph/s00_couplers/auto_pc/inst/gen_axilite.gen_b2s_conv.axilite_b2s/SI_REG/ar.ar_pipe/s_ready_i_reg_0                                   |                                                                                                                                                       |               10 |             48 |         4.80 |
|  design_1_i/processing_system7_0/inst/FCLK_CLK0 | design_1_i/ps7_0_axi_periph/s00_couplers/auto_pc/inst/gen_axilite.gen_b2s_conv.axilite_b2s/SI_REG/aw.aw_pipe/s_ready_i_reg_0                                   |                                                                                                                                                       |               10 |             48 |         4.80 |
|  design_1_i/processing_system7_0/inst/FCLK_CLK0 | design_1_i/ps7_0_axi_periph/s00_couplers/auto_pc/inst/gen_axilite.gen_b2s_conv.axilite_b2s/WR.aw_channel_0/aw_cmd_fsm_0/E[0]                                   |                                                                                                                                                       |                7 |             48 |         6.86 |
|  design_1_i/processing_system7_0/inst/FCLK_CLK0 |                                                                                                                                                                | design_1_i/OneDCFNN_IP_0/inst/OneDCFNN_IP_v1_0_S00_AXI_inst/nolabel_line416/u_max_pooling_top/u_mp_input_buffer/output_start0                         |               16 |             49 |         3.06 |
|  design_1_i/processing_system7_0/inst/FCLK_CLK0 |                                                                                                                                                                | design_1_i/OneDCFNN_IP_0/inst/OneDCFNN_IP_v1_0_S00_AXI_inst/nolabel_line416/u_convolutional_top/u_conv_input_buffer/buffer[2][15]_i_1_n_0             |               12 |             49 |         4.08 |
|  design_1_i/processing_system7_0/inst/FCLK_CLK0 |                                                                                                                                                                | design_1_i/OneDCFNN_IP_0/inst/OneDCFNN_IP_v1_0_S00_AXI_inst/nolabel_line416/u_convolutional_top/u_conv_weights_memory/SR[0]                           |               17 |             65 |         3.82 |
|  design_1_i/processing_system7_0/inst/FCLK_CLK0 | design_1_i/OneDCFNN_IP_0/inst/OneDCFNN_IP_v1_0_S00_AXI_inst/nolabel_line416/u_fuzzy_rule_top/u_fr_processing_element/add2[3][22]_i_1_n_0                       |                                                                                                                                                       |               24 |             92 |         3.83 |
|  design_1_i/processing_system7_0/inst/FCLK_CLK0 | design_1_i/OneDCFNN_IP_0/inst/OneDCFNN_IP_v1_0_S00_AXI_inst/nolabel_line416/u_fuzzy_rule_top/u_fr_processing_element/add1[7][21]_i_1_n_0                       |                                                                                                                                                       |               48 |            176 |         3.67 |
|  design_1_i/processing_system7_0/inst/FCLK_CLK0 | design_1_i/OneDCFNN_IP_0/inst/OneDCFNN_IP_v1_0_S00_AXI_inst/nolabel_line416/u_fuzzy_rule_top/u_fr_processing_element/sub0[31][7]_i_1_n_0                       |                                                                                                                                                       |               64 |            256 |         4.00 |
|  design_1_i/processing_system7_0/inst/FCLK_CLK0 | design_1_i/OneDCFNN_IP_0/inst/OneDCFNN_IP_v1_0_S00_AXI_inst/nolabel_line416/u_fuzzy_rule_top/u_fr_input_buffer/x0[7]_i_1_n_0                                   | design_1_i/OneDCFNN_IP_0/inst/OneDCFNN_IP_v1_0_S00_AXI_inst/nolabel_line416/u_fuzzy_rule_top/u_fr_input_buffer/buffer[31][7]_i_1_n_0                  |              110 |            256 |         2.33 |
|  design_1_i/processing_system7_0/inst/FCLK_CLK0 |                                                                                                                                                                | design_1_i/OneDCFNN_IP_0/inst/OneDCFNN_IP_v1_0_S00_AXI_inst/nolabel_line416/u_fuzzy_rule_top/u_fr_input_buffer/buffer[31][7]_i_1_n_0                  |              104 |            257 |         2.47 |
|  design_1_i/processing_system7_0/inst/FCLK_CLK0 | design_1_i/OneDCFNN_IP_0/inst/OneDCFNN_IP_v1_0_S00_AXI_inst/nolabel_line416/u_fuzzy_rule_top/u_fr_processing_element/v_reg                                     | design_1_i/OneDCFNN_IP_0/inst/OneDCFNN_IP_v1_0_S00_AXI_inst/nolabel_line416/u_fuzzy_rule_top/u_fr_processing_element/done_reg                         |              122 |            268 |         2.20 |
|  design_1_i/processing_system7_0/inst/FCLK_CLK0 |                                                                                                                                                                |                                                                                                                                                       |              116 |            331 |         2.85 |
|  design_1_i/processing_system7_0/inst/FCLK_CLK0 | design_1_i/OneDCFNN_IP_0/inst/OneDCFNN_IP_v1_0_S00_AXI_inst/nolabel_line416/u_fuzzy_rule_top/u_fr_processing_element/add0[15][20]_i_1_n_0                      |                                                                                                                                                       |               96 |            336 |         3.50 |
+-------------------------------------------------+----------------------------------------------------------------------------------------------------------------------------------------------------------------+-------------------------------------------------------------------------------------------------------------------------------------------------------+------------------+----------------+--------------+


