#-----------------------------------------------------------
# Vivado v2021.1 (64-bit)
# SW Build 3247384 on Thu Jun 10 19:36:33 MDT 2021
# IP Build 3246043 on Fri Jun 11 00:30:35 MDT 2021
# Start of session at: Fri Jan 13 13:36:25 2023
# Process ID: 3404
# Current directory: E:/Zedboard/1DCFNN/project_1
# Command line: vivado.exe -gui_launcher_event rodinguilauncherevent11600 E:\Zedboard\1DCFNN\project_1\project_1.xpr
# Log file: E:/Zedboard/1DCFNN/project_1/vivado.log
# Journal file: E:/Zedboard/1DCFNN/project_1\vivado.jou
#-----------------------------------------------------------
start_gui
open_project E:/Zedboard/1DCFNN/project_1/project_1.xpr
Scanning sources...
Finished scanning sources
INFO: [IP_Flow 19-234] Refreshing IP repositories
INFO: [IP_Flow 19-1704] No user IP repositories specified
INFO: [IP_Flow 19-2313] Loaded Vivado IP repository 'E:/Program_Files/Xilinx/Vivado/2021.1/data/ip'.
open_project: Time (s): cpu = 00:00:19 ; elapsed = 00:00:10 . Memory (MB): peak = 1553.301 ; gain = 0.000
update_compile_order -fileset sources_1
exit
INFO: [Common 17-206] Exiting Vivado at Fri Jan 13 13:36:58 2023...
