19:27:50 INFO  : Launching XSCT server: xsct.bat -n  -interactive E:\Zedboard\1DCFNN\1DCFNN_SYSTEM\SDK\temp_xsdb_launch_script.tcl
19:27:51 INFO  : Registering command handlers for Vitis TCF services
19:27:51 INFO  : Platform repository initialization has completed.
19:27:56 INFO  : XSCT server has started successfully.
19:28:06 INFO  : plnx-install-location is set to ''
19:28:06 INFO  : Successfully done setting XSCT server connection channel  
19:28:06 INFO  : Successfully done query RDI_DATADIR 
19:28:06 INFO  : Successfully done setting workspace for the tool. 
19:29:15 INFO  : Result from executing command 'getProjects': design_1_wrapper
19:29:15 INFO  : Result from executing command 'getPlatforms': 
19:29:15 WARN  : An unexpected exception occurred in the module 'platform project logging'
19:29:16 INFO  : Platform 'design_1_wrapper' is added to custom repositories.
19:29:24 INFO  : Platform 'design_1_wrapper' is added to custom repositories.
19:30:58 INFO  : Result from executing command 'getProjects': design_1_wrapper
19:30:58 INFO  : Result from executing command 'getPlatforms': design_1_wrapper|E:/Zedboard/1DCFNN/1DCFNN_SYSTEM/SDK/design_1_wrapper/export/design_1_wrapper/design_1_wrapper.xpfm
19:31:04 INFO  : Checking for BSP changes to sync application flags for project '1DCFNN'...
19:31:17 INFO  : Connected to target on host '127.0.0.1' and port '3121'.
19:31:18 INFO  : Jtag cable 'Digilent Zed 210248685375' is selected.
19:31:18 INFO  : 'jtag frequency' command is executed.
19:31:18 INFO  : Context for 'APU' is selected.
19:31:18 INFO  : System reset is completed.
19:31:21 INFO  : 'after 3000' command is executed.
19:31:21 INFO  : 'targets -set -filter {jtag_cable_name =~ "Digilent Zed 210248685375" && level==0 && jtag_device_ctx=="jsn-Zed-210248685375-23727093-0"}' command is executed.
19:31:24 INFO  : Device configured successfully with "E:/Zedboard/1DCFNN/1DCFNN_SYSTEM/SDK/1DCFNN/_ide/bitstream/design_1_wrapper.bit"
19:31:24 INFO  : Context for 'APU' is selected.
19:31:24 INFO  : Hardware design and registers information is loaded from 'E:/Zedboard/1DCFNN/1DCFNN_SYSTEM/SDK/design_1_wrapper/export/design_1_wrapper/hw/design_1_wrapper.xsa'.
19:31:24 INFO  : 'configparams force-mem-access 1' command is executed.
19:31:24 INFO  : Context for 'APU' is selected.
19:31:24 INFO  : Sourcing of 'E:/Zedboard/1DCFNN/1DCFNN_SYSTEM/SDK/1DCFNN/_ide/psinit/ps7_init.tcl' is done.
19:31:24 INFO  : 'ps7_init' command is executed.
19:31:24 INFO  : 'ps7_post_config' command is executed.
19:31:24 INFO  : Context for processor 'ps7_cortexa9_0' is selected.
19:31:24 INFO  : The application 'E:/Zedboard/1DCFNN/1DCFNN_SYSTEM/SDK/1DCFNN/Debug/1DCFNN.elf' is downloaded to processor 'ps7_cortexa9_0'.
19:31:24 INFO  : 'configparams force-mem-access 0' command is executed.
19:31:24 INFO  : ----------------XSDB Script----------------
connect -url tcp:127.0.0.1:3121
targets -set -nocase -filter {name =~"APU*"}
rst -system
after 3000
targets -set -filter {jtag_cable_name =~ "Digilent Zed 210248685375" && level==0 && jtag_device_ctx=="jsn-Zed-210248685375-23727093-0"}
fpga -file E:/Zedboard/1DCFNN/1DCFNN_SYSTEM/SDK/1DCFNN/_ide/bitstream/design_1_wrapper.bit
targets -set -nocase -filter {name =~"APU*"}
loadhw -hw E:/Zedboard/1DCFNN/1DCFNN_SYSTEM/SDK/design_1_wrapper/export/design_1_wrapper/hw/design_1_wrapper.xsa -mem-ranges [list {0x40000000 0xbfffffff}] -regs
configparams force-mem-access 1
targets -set -nocase -filter {name =~"APU*"}
source E:/Zedboard/1DCFNN/1DCFNN_SYSTEM/SDK/1DCFNN/_ide/psinit/ps7_init.tcl
ps7_init
ps7_post_config
targets -set -nocase -filter {name =~ "*A9*#0"}
dow E:/Zedboard/1DCFNN/1DCFNN_SYSTEM/SDK/1DCFNN/Debug/1DCFNN.elf
configparams force-mem-access 0
----------------End of Script----------------

19:31:24 INFO  : Context for processor 'ps7_cortexa9_0' is selected.
19:31:24 INFO  : 'con' command is executed.
19:31:24 INFO  : ----------------XSDB Script (After Launch)----------------
targets -set -nocase -filter {name =~ "*A9*#0"}
con
----------------End of Script----------------

19:31:24 INFO  : Launch script is exported to file 'E:\Zedboard\1DCFNN\1DCFNN_SYSTEM\SDK\1DCFNN_system\_ide\scripts\debugger_1dcfnn-default.tcl'
19:31:55 INFO  : Checking for BSP changes to sync application flags for project '1DCFNN'...
19:33:16 INFO  : Checking for BSP changes to sync application flags for project '1DCFNN'...
19:33:19 INFO  : Disconnected from the channel tcfchan#2.
19:33:20 INFO  : Connected to target on host '127.0.0.1' and port '3121'.
19:33:21 INFO  : Jtag cable 'Digilent Zed 210248685375' is selected.
19:33:21 ERROR : port closed
19:33:21 INFO  : ----------------XSDB Script----------------
connect -url tcp:127.0.0.1:3121
----------------End of Script----------------

19:33:21 ERROR : port closed
19:33:25 INFO  : Connected to target on host '127.0.0.1' and port '3121'.
19:33:25 INFO  : Jtag cable 'Digilent Zed 210248685375' is selected.
19:33:25 INFO  : 'jtag frequency' command is executed.
19:33:25 INFO  : Context for 'APU' is selected.
19:33:25 INFO  : System reset is completed.
19:33:28 INFO  : 'after 3000' command is executed.
19:33:28 INFO  : 'targets -set -filter {jtag_cable_name =~ "Digilent Zed 210248685375" && level==0 && jtag_device_ctx=="jsn-Zed-210248685375-23727093-0"}' command is executed.
19:33:30 INFO  : Device configured successfully with "E:/Zedboard/1DCFNN/1DCFNN_SYSTEM/SDK/1DCFNN/_ide/bitstream/design_1_wrapper.bit"
19:33:30 INFO  : Context for 'APU' is selected.
19:33:30 INFO  : Hardware design and registers information is loaded from 'E:/Zedboard/1DCFNN/1DCFNN_SYSTEM/SDK/design_1_wrapper/export/design_1_wrapper/hw/design_1_wrapper.xsa'.
19:33:30 INFO  : 'configparams force-mem-access 1' command is executed.
19:33:30 INFO  : Context for 'APU' is selected.
19:33:30 INFO  : Sourcing of 'E:/Zedboard/1DCFNN/1DCFNN_SYSTEM/SDK/1DCFNN/_ide/psinit/ps7_init.tcl' is done.
19:33:30 INFO  : 'ps7_init' command is executed.
19:33:30 INFO  : 'ps7_post_config' command is executed.
19:33:30 INFO  : Context for processor 'ps7_cortexa9_0' is selected.
19:33:31 INFO  : The application 'E:/Zedboard/1DCFNN/1DCFNN_SYSTEM/SDK/1DCFNN/Debug/1DCFNN.elf' is downloaded to processor 'ps7_cortexa9_0'.
19:33:31 INFO  : 'configparams force-mem-access 0' command is executed.
19:33:31 INFO  : ----------------XSDB Script----------------
connect -url tcp:127.0.0.1:3121
targets -set -nocase -filter {name =~"APU*"}
rst -system
after 3000
targets -set -filter {jtag_cable_name =~ "Digilent Zed 210248685375" && level==0 && jtag_device_ctx=="jsn-Zed-210248685375-23727093-0"}
fpga -file E:/Zedboard/1DCFNN/1DCFNN_SYSTEM/SDK/1DCFNN/_ide/bitstream/design_1_wrapper.bit
targets -set -nocase -filter {name =~"APU*"}
loadhw -hw E:/Zedboard/1DCFNN/1DCFNN_SYSTEM/SDK/design_1_wrapper/export/design_1_wrapper/hw/design_1_wrapper.xsa -mem-ranges [list {0x40000000 0xbfffffff}] -regs
configparams force-mem-access 1
targets -set -nocase -filter {name =~"APU*"}
source E:/Zedboard/1DCFNN/1DCFNN_SYSTEM/SDK/1DCFNN/_ide/psinit/ps7_init.tcl
ps7_init
ps7_post_config
targets -set -nocase -filter {name =~ "*A9*#0"}
dow E:/Zedboard/1DCFNN/1DCFNN_SYSTEM/SDK/1DCFNN/Debug/1DCFNN.elf
configparams force-mem-access 0
----------------End of Script----------------

19:33:31 INFO  : Context for processor 'ps7_cortexa9_0' is selected.
19:33:31 INFO  : 'con' command is executed.
19:33:31 INFO  : ----------------XSDB Script (After Launch)----------------
targets -set -nocase -filter {name =~ "*A9*#0"}
con
----------------End of Script----------------

19:33:31 INFO  : Launch script is exported to file 'E:\Zedboard\1DCFNN\1DCFNN_SYSTEM\SDK\1DCFNN_system\_ide\scripts\debugger_1dcfnn-default.tcl'
19:38:21 INFO  : Checking for BSP changes to sync application flags for project '1DCFNN'...
19:39:07 INFO  : Checking for BSP changes to sync application flags for project '1DCFNN'...
19:39:10 INFO  : Disconnected from the channel tcfchan#3.
19:39:11 INFO  : Connected to target on host '127.0.0.1' and port '3121'.
19:39:12 INFO  : Jtag cable 'Digilent Zed 210248685375' is selected.
19:39:12 ERROR : port closed
19:39:12 INFO  : ----------------XSDB Script----------------
connect -url tcp:127.0.0.1:3121
----------------End of Script----------------

19:39:12 ERROR : port closed
19:39:16 INFO  : Checking for BSP changes to sync application flags for project '1DCFNN'...
19:39:18 INFO  : Connected to target on host '127.0.0.1' and port '3121'.
19:39:18 INFO  : Jtag cable 'Digilent Zed 210248685375' is selected.
19:39:18 INFO  : 'jtag frequency' command is executed.
19:39:18 INFO  : Context for 'APU' is selected.
19:39:18 INFO  : System reset is completed.
19:39:21 INFO  : 'after 3000' command is executed.
19:39:21 INFO  : 'targets -set -filter {jtag_cable_name =~ "Digilent Zed 210248685375" && level==0 && jtag_device_ctx=="jsn-Zed-210248685375-23727093-0"}' command is executed.
19:39:24 INFO  : Device configured successfully with "E:/Zedboard/1DCFNN/1DCFNN_SYSTEM/SDK/1DCFNN/_ide/bitstream/design_1_wrapper.bit"
19:39:24 INFO  : Context for 'APU' is selected.
19:39:24 INFO  : Hardware design and registers information is loaded from 'E:/Zedboard/1DCFNN/1DCFNN_SYSTEM/SDK/design_1_wrapper/export/design_1_wrapper/hw/design_1_wrapper.xsa'.
19:39:24 INFO  : 'configparams force-mem-access 1' command is executed.
19:39:24 INFO  : Context for 'APU' is selected.
19:39:24 INFO  : Sourcing of 'E:/Zedboard/1DCFNN/1DCFNN_SYSTEM/SDK/1DCFNN/_ide/psinit/ps7_init.tcl' is done.
19:39:24 INFO  : 'ps7_init' command is executed.
19:39:24 INFO  : 'ps7_post_config' command is executed.
19:39:24 INFO  : Context for processor 'ps7_cortexa9_0' is selected.
19:39:24 INFO  : The application 'E:/Zedboard/1DCFNN/1DCFNN_SYSTEM/SDK/1DCFNN/Debug/1DCFNN.elf' is downloaded to processor 'ps7_cortexa9_0'.
19:39:24 INFO  : 'configparams force-mem-access 0' command is executed.
19:39:24 INFO  : ----------------XSDB Script----------------
connect -url tcp:127.0.0.1:3121
targets -set -nocase -filter {name =~"APU*"}
rst -system
after 3000
targets -set -filter {jtag_cable_name =~ "Digilent Zed 210248685375" && level==0 && jtag_device_ctx=="jsn-Zed-210248685375-23727093-0"}
fpga -file E:/Zedboard/1DCFNN/1DCFNN_SYSTEM/SDK/1DCFNN/_ide/bitstream/design_1_wrapper.bit
targets -set -nocase -filter {name =~"APU*"}
loadhw -hw E:/Zedboard/1DCFNN/1DCFNN_SYSTEM/SDK/design_1_wrapper/export/design_1_wrapper/hw/design_1_wrapper.xsa -mem-ranges [list {0x40000000 0xbfffffff}] -regs
configparams force-mem-access 1
targets -set -nocase -filter {name =~"APU*"}
source E:/Zedboard/1DCFNN/1DCFNN_SYSTEM/SDK/1DCFNN/_ide/psinit/ps7_init.tcl
ps7_init
ps7_post_config
targets -set -nocase -filter {name =~ "*A9*#0"}
dow E:/Zedboard/1DCFNN/1DCFNN_SYSTEM/SDK/1DCFNN/Debug/1DCFNN.elf
configparams force-mem-access 0
----------------End of Script----------------

19:39:24 INFO  : Context for processor 'ps7_cortexa9_0' is selected.
19:39:24 INFO  : 'con' command is executed.
19:39:24 INFO  : ----------------XSDB Script (After Launch)----------------
targets -set -nocase -filter {name =~ "*A9*#0"}
con
----------------End of Script----------------

19:39:24 INFO  : Launch script is exported to file 'E:\Zedboard\1DCFNN\1DCFNN_SYSTEM\SDK\1DCFNN_system\_ide\scripts\debugger_1dcfnn-default.tcl'
19:40:04 INFO  : Checking for BSP changes to sync application flags for project '1DCFNN'...
19:40:08 INFO  : Disconnected from the channel tcfchan#4.
19:40:09 INFO  : Connected to target on host '127.0.0.1' and port '3121'.
19:40:09 INFO  : Jtag cable 'Digilent Zed 210248685375' is selected.
19:40:09 INFO  : 'jtag frequency' command is executed.
19:40:09 INFO  : Context for 'APU' is selected.
19:40:10 INFO  : System reset is completed.
19:40:13 INFO  : 'after 3000' command is executed.
19:40:13 INFO  : 'targets -set -filter {jtag_cable_name =~ "Digilent Zed 210248685375" && level==0 && jtag_device_ctx=="jsn-Zed-210248685375-23727093-0"}' command is executed.
19:40:15 INFO  : Device configured successfully with "E:/Zedboard/1DCFNN/1DCFNN_SYSTEM/SDK/1DCFNN/_ide/bitstream/design_1_wrapper.bit"
19:40:15 INFO  : Context for 'APU' is selected.
19:40:15 INFO  : Hardware design and registers information is loaded from 'E:/Zedboard/1DCFNN/1DCFNN_SYSTEM/SDK/design_1_wrapper/export/design_1_wrapper/hw/design_1_wrapper.xsa'.
19:40:15 INFO  : 'configparams force-mem-access 1' command is executed.
19:40:15 INFO  : Context for 'APU' is selected.
19:40:15 INFO  : Sourcing of 'E:/Zedboard/1DCFNN/1DCFNN_SYSTEM/SDK/1DCFNN/_ide/psinit/ps7_init.tcl' is done.
19:40:15 INFO  : 'ps7_init' command is executed.
19:40:15 INFO  : 'ps7_post_config' command is executed.
19:40:15 INFO  : Context for processor 'ps7_cortexa9_0' is selected.
19:40:15 INFO  : The application 'E:/Zedboard/1DCFNN/1DCFNN_SYSTEM/SDK/1DCFNN/Debug/1DCFNN.elf' is downloaded to processor 'ps7_cortexa9_0'.
19:40:15 INFO  : 'configparams force-mem-access 0' command is executed.
19:40:15 INFO  : ----------------XSDB Script----------------
connect -url tcp:127.0.0.1:3121
targets -set -nocase -filter {name =~"APU*"}
rst -system
after 3000
targets -set -filter {jtag_cable_name =~ "Digilent Zed 210248685375" && level==0 && jtag_device_ctx=="jsn-Zed-210248685375-23727093-0"}
fpga -file E:/Zedboard/1DCFNN/1DCFNN_SYSTEM/SDK/1DCFNN/_ide/bitstream/design_1_wrapper.bit
targets -set -nocase -filter {name =~"APU*"}
loadhw -hw E:/Zedboard/1DCFNN/1DCFNN_SYSTEM/SDK/design_1_wrapper/export/design_1_wrapper/hw/design_1_wrapper.xsa -mem-ranges [list {0x40000000 0xbfffffff}] -regs
configparams force-mem-access 1
targets -set -nocase -filter {name =~"APU*"}
source E:/Zedboard/1DCFNN/1DCFNN_SYSTEM/SDK/1DCFNN/_ide/psinit/ps7_init.tcl
ps7_init
ps7_post_config
targets -set -nocase -filter {name =~ "*A9*#0"}
dow E:/Zedboard/1DCFNN/1DCFNN_SYSTEM/SDK/1DCFNN/Debug/1DCFNN.elf
configparams force-mem-access 0
----------------End of Script----------------

19:40:15 INFO  : Context for processor 'ps7_cortexa9_0' is selected.
19:40:15 INFO  : 'con' command is executed.
19:40:15 INFO  : ----------------XSDB Script (After Launch)----------------
targets -set -nocase -filter {name =~ "*A9*#0"}
con
----------------End of Script----------------

19:40:15 INFO  : Launch script is exported to file 'E:\Zedboard\1DCFNN\1DCFNN_SYSTEM\SDK\1DCFNN_system\_ide\scripts\debugger_1dcfnn-default.tcl'
19:41:06 INFO  : Checking for BSP changes to sync application flags for project '1DCFNN'...
19:41:21 INFO  : Checking for BSP changes to sync application flags for project '1DCFNN'...
19:41:23 INFO  : Disconnected from the channel tcfchan#5.
19:41:24 INFO  : Connected to target on host '127.0.0.1' and port '3121'.
19:41:24 INFO  : Jtag cable 'Digilent Zed 210248685375' is selected.
19:41:24 INFO  : 'jtag frequency' command is executed.
19:41:26 INFO  : Context for 'APU' is selected.
19:41:27 INFO  : System reset is completed.
19:41:30 INFO  : 'after 3000' command is executed.
19:41:30 INFO  : 'targets -set -filter {jtag_cable_name =~ "Digilent Zed 210248685375" && level==0 && jtag_device_ctx=="jsn-Zed-210248685375-23727093-0"}' command is executed.
19:41:32 INFO  : Device configured successfully with "E:/Zedboard/1DCFNN/1DCFNN_SYSTEM/SDK/1DCFNN/_ide/bitstream/design_1_wrapper.bit"
19:41:32 INFO  : Context for 'APU' is selected.
19:41:32 INFO  : Hardware design and registers information is loaded from 'E:/Zedboard/1DCFNN/1DCFNN_SYSTEM/SDK/design_1_wrapper/export/design_1_wrapper/hw/design_1_wrapper.xsa'.
19:41:32 INFO  : 'configparams force-mem-access 1' command is executed.
19:41:32 INFO  : Context for 'APU' is selected.
19:41:32 INFO  : Sourcing of 'E:/Zedboard/1DCFNN/1DCFNN_SYSTEM/SDK/1DCFNN/_ide/psinit/ps7_init.tcl' is done.
19:41:32 INFO  : 'ps7_init' command is executed.
19:41:32 INFO  : 'ps7_post_config' command is executed.
19:41:32 INFO  : Context for processor 'ps7_cortexa9_0' is selected.
19:41:32 INFO  : The application 'E:/Zedboard/1DCFNN/1DCFNN_SYSTEM/SDK/1DCFNN/Debug/1DCFNN.elf' is downloaded to processor 'ps7_cortexa9_0'.
19:41:32 INFO  : 'configparams force-mem-access 0' command is executed.
19:41:32 INFO  : ----------------XSDB Script----------------
connect -url tcp:127.0.0.1:3121
targets -set -nocase -filter {name =~"APU*"}
rst -system
after 3000
targets -set -filter {jtag_cable_name =~ "Digilent Zed 210248685375" && level==0 && jtag_device_ctx=="jsn-Zed-210248685375-23727093-0"}
fpga -file E:/Zedboard/1DCFNN/1DCFNN_SYSTEM/SDK/1DCFNN/_ide/bitstream/design_1_wrapper.bit
targets -set -nocase -filter {name =~"APU*"}
loadhw -hw E:/Zedboard/1DCFNN/1DCFNN_SYSTEM/SDK/design_1_wrapper/export/design_1_wrapper/hw/design_1_wrapper.xsa -mem-ranges [list {0x40000000 0xbfffffff}] -regs
configparams force-mem-access 1
targets -set -nocase -filter {name =~"APU*"}
source E:/Zedboard/1DCFNN/1DCFNN_SYSTEM/SDK/1DCFNN/_ide/psinit/ps7_init.tcl
ps7_init
ps7_post_config
targets -set -nocase -filter {name =~ "*A9*#0"}
dow E:/Zedboard/1DCFNN/1DCFNN_SYSTEM/SDK/1DCFNN/Debug/1DCFNN.elf
configparams force-mem-access 0
----------------End of Script----------------

19:41:33 INFO  : Context for processor 'ps7_cortexa9_0' is selected.
19:41:33 INFO  : 'con' command is executed.
19:41:33 INFO  : ----------------XSDB Script (After Launch)----------------
targets -set -nocase -filter {name =~ "*A9*#0"}
con
----------------End of Script----------------

19:41:33 INFO  : Launch script is exported to file 'E:\Zedboard\1DCFNN\1DCFNN_SYSTEM\SDK\1DCFNN_system\_ide\scripts\debugger_1dcfnn-default.tcl'
19:41:43 INFO  : Checking for BSP changes to sync application flags for project '1DCFNN'...
19:41:45 INFO  : Disconnected from the channel tcfchan#6.
19:41:46 INFO  : Connected to target on host '127.0.0.1' and port '3121'.
19:41:46 INFO  : Jtag cable 'Digilent Zed 210248685375' is selected.
19:41:46 ERROR : port closed
19:41:46 INFO  : ----------------XSDB Script----------------
connect -url tcp:127.0.0.1:3121
----------------End of Script----------------

19:41:46 ERROR : port closed
19:41:49 INFO  : Connected to target on host '127.0.0.1' and port '3121'.
19:41:49 INFO  : Jtag cable 'Digilent Zed 210248685375' is selected.
19:41:49 INFO  : 'jtag frequency' command is executed.
19:41:49 INFO  : Context for 'APU' is selected.
19:41:49 INFO  : System reset is completed.
19:41:52 INFO  : 'after 3000' command is executed.
19:41:52 INFO  : 'targets -set -filter {jtag_cable_name =~ "Digilent Zed 210248685375" && level==0 && jtag_device_ctx=="jsn-Zed-210248685375-23727093-0"}' command is executed.
19:41:55 INFO  : Device configured successfully with "E:/Zedboard/1DCFNN/1DCFNN_SYSTEM/SDK/1DCFNN/_ide/bitstream/design_1_wrapper.bit"
19:41:55 INFO  : Context for 'APU' is selected.
19:41:55 INFO  : Hardware design and registers information is loaded from 'E:/Zedboard/1DCFNN/1DCFNN_SYSTEM/SDK/design_1_wrapper/export/design_1_wrapper/hw/design_1_wrapper.xsa'.
19:41:55 INFO  : 'configparams force-mem-access 1' command is executed.
19:41:55 INFO  : Context for 'APU' is selected.
19:41:55 INFO  : Sourcing of 'E:/Zedboard/1DCFNN/1DCFNN_SYSTEM/SDK/1DCFNN/_ide/psinit/ps7_init.tcl' is done.
19:41:55 INFO  : 'ps7_init' command is executed.
19:41:55 INFO  : 'ps7_post_config' command is executed.
19:41:55 INFO  : Context for processor 'ps7_cortexa9_0' is selected.
19:41:55 INFO  : The application 'E:/Zedboard/1DCFNN/1DCFNN_SYSTEM/SDK/1DCFNN/Debug/1DCFNN.elf' is downloaded to processor 'ps7_cortexa9_0'.
19:41:55 INFO  : 'configparams force-mem-access 0' command is executed.
19:41:55 INFO  : ----------------XSDB Script----------------
connect -url tcp:127.0.0.1:3121
targets -set -nocase -filter {name =~"APU*"}
rst -system
after 3000
targets -set -filter {jtag_cable_name =~ "Digilent Zed 210248685375" && level==0 && jtag_device_ctx=="jsn-Zed-210248685375-23727093-0"}
fpga -file E:/Zedboard/1DCFNN/1DCFNN_SYSTEM/SDK/1DCFNN/_ide/bitstream/design_1_wrapper.bit
targets -set -nocase -filter {name =~"APU*"}
loadhw -hw E:/Zedboard/1DCFNN/1DCFNN_SYSTEM/SDK/design_1_wrapper/export/design_1_wrapper/hw/design_1_wrapper.xsa -mem-ranges [list {0x40000000 0xbfffffff}] -regs
configparams force-mem-access 1
targets -set -nocase -filter {name =~"APU*"}
source E:/Zedboard/1DCFNN/1DCFNN_SYSTEM/SDK/1DCFNN/_ide/psinit/ps7_init.tcl
ps7_init
ps7_post_config
targets -set -nocase -filter {name =~ "*A9*#0"}
dow E:/Zedboard/1DCFNN/1DCFNN_SYSTEM/SDK/1DCFNN/Debug/1DCFNN.elf
configparams force-mem-access 0
----------------End of Script----------------

19:41:55 INFO  : Context for processor 'ps7_cortexa9_0' is selected.
19:41:55 INFO  : 'con' command is executed.
19:41:55 INFO  : ----------------XSDB Script (After Launch)----------------
targets -set -nocase -filter {name =~ "*A9*#0"}
con
----------------End of Script----------------

19:41:55 INFO  : Launch script is exported to file 'E:\Zedboard\1DCFNN\1DCFNN_SYSTEM\SDK\1DCFNN_system\_ide\scripts\debugger_1dcfnn-default.tcl'
19:42:15 INFO  : Checking for BSP changes to sync application flags for project '1DCFNN'...
19:42:17 INFO  : Disconnected from the channel tcfchan#7.
19:42:18 INFO  : Connected to target on host '127.0.0.1' and port '3121'.
19:42:18 INFO  : Jtag cable 'Digilent Zed 210248685375' is selected.
19:42:18 ERROR : port closed
19:42:18 INFO  : ----------------XSDB Script----------------
connect -url tcp:127.0.0.1:3121
----------------End of Script----------------

19:42:18 ERROR : port closed
19:42:24 INFO  : Connected to target on host '127.0.0.1' and port '3121'.
19:42:24 INFO  : Jtag cable 'Digilent Zed 210248685375' is selected.
19:42:24 INFO  : 'jtag frequency' command is executed.
19:42:24 INFO  : Context for 'APU' is selected.
19:42:24 INFO  : System reset is completed.
19:42:27 INFO  : 'after 3000' command is executed.
19:42:27 INFO  : 'targets -set -filter {jtag_cable_name =~ "Digilent Zed 210248685375" && level==0 && jtag_device_ctx=="jsn-Zed-210248685375-23727093-0"}' command is executed.
19:42:30 INFO  : Device configured successfully with "E:/Zedboard/1DCFNN/1DCFNN_SYSTEM/SDK/1DCFNN/_ide/bitstream/design_1_wrapper.bit"
19:42:30 INFO  : Context for 'APU' is selected.
19:42:30 INFO  : Hardware design and registers information is loaded from 'E:/Zedboard/1DCFNN/1DCFNN_SYSTEM/SDK/design_1_wrapper/export/design_1_wrapper/hw/design_1_wrapper.xsa'.
19:42:30 INFO  : 'configparams force-mem-access 1' command is executed.
19:42:30 INFO  : Context for 'APU' is selected.
19:42:30 INFO  : Sourcing of 'E:/Zedboard/1DCFNN/1DCFNN_SYSTEM/SDK/1DCFNN/_ide/psinit/ps7_init.tcl' is done.
19:42:30 INFO  : 'ps7_init' command is executed.
19:42:30 INFO  : 'ps7_post_config' command is executed.
19:42:30 INFO  : Context for processor 'ps7_cortexa9_0' is selected.
19:42:30 INFO  : The application 'E:/Zedboard/1DCFNN/1DCFNN_SYSTEM/SDK/1DCFNN/Debug/1DCFNN.elf' is downloaded to processor 'ps7_cortexa9_0'.
19:42:30 INFO  : 'configparams force-mem-access 0' command is executed.
19:42:30 INFO  : ----------------XSDB Script----------------
connect -url tcp:127.0.0.1:3121
targets -set -nocase -filter {name =~"APU*"}
rst -system
after 3000
targets -set -filter {jtag_cable_name =~ "Digilent Zed 210248685375" && level==0 && jtag_device_ctx=="jsn-Zed-210248685375-23727093-0"}
fpga -file E:/Zedboard/1DCFNN/1DCFNN_SYSTEM/SDK/1DCFNN/_ide/bitstream/design_1_wrapper.bit
targets -set -nocase -filter {name =~"APU*"}
loadhw -hw E:/Zedboard/1DCFNN/1DCFNN_SYSTEM/SDK/design_1_wrapper/export/design_1_wrapper/hw/design_1_wrapper.xsa -mem-ranges [list {0x40000000 0xbfffffff}] -regs
configparams force-mem-access 1
targets -set -nocase -filter {name =~"APU*"}
source E:/Zedboard/1DCFNN/1DCFNN_SYSTEM/SDK/1DCFNN/_ide/psinit/ps7_init.tcl
ps7_init
ps7_post_config
targets -set -nocase -filter {name =~ "*A9*#0"}
dow E:/Zedboard/1DCFNN/1DCFNN_SYSTEM/SDK/1DCFNN/Debug/1DCFNN.elf
configparams force-mem-access 0
----------------End of Script----------------

19:42:30 INFO  : Context for processor 'ps7_cortexa9_0' is selected.
19:42:30 INFO  : 'con' command is executed.
19:42:30 INFO  : ----------------XSDB Script (After Launch)----------------
targets -set -nocase -filter {name =~ "*A9*#0"}
con
----------------End of Script----------------

19:42:30 INFO  : Launch script is exported to file 'E:\Zedboard\1DCFNN\1DCFNN_SYSTEM\SDK\1DCFNN_system\_ide\scripts\debugger_1dcfnn-default.tcl'
19:42:45 INFO  : Disconnected from the channel tcfchan#8.
19:42:46 INFO  : Connected to target on host '127.0.0.1' and port '3121'.
19:42:47 INFO  : Jtag cable 'Digilent Zed 210248685375' is selected.
19:42:47 INFO  : 'jtag frequency' command is executed.
19:42:49 INFO  : Context for 'APU' is selected.
19:42:49 INFO  : System reset is completed.
19:42:52 INFO  : 'after 3000' command is executed.
19:42:52 INFO  : 'targets -set -filter {jtag_cable_name =~ "Digilent Zed 210248685375" && level==0 && jtag_device_ctx=="jsn-Zed-210248685375-23727093-0"}' command is executed.
19:42:54 INFO  : Device configured successfully with "E:/Zedboard/1DCFNN/1DCFNN_SYSTEM/SDK/1DCFNN/_ide/bitstream/design_1_wrapper.bit"
19:42:54 INFO  : Context for 'APU' is selected.
19:42:54 INFO  : Hardware design and registers information is loaded from 'E:/Zedboard/1DCFNN/1DCFNN_SYSTEM/SDK/design_1_wrapper/export/design_1_wrapper/hw/design_1_wrapper.xsa'.
19:42:54 INFO  : 'configparams force-mem-access 1' command is executed.
19:42:54 INFO  : Context for 'APU' is selected.
19:42:54 INFO  : Sourcing of 'E:/Zedboard/1DCFNN/1DCFNN_SYSTEM/SDK/1DCFNN/_ide/psinit/ps7_init.tcl' is done.
19:42:54 INFO  : 'ps7_init' command is executed.
19:42:54 INFO  : 'ps7_post_config' command is executed.
19:42:54 INFO  : Context for processor 'ps7_cortexa9_0' is selected.
19:42:55 INFO  : The application 'E:/Zedboard/1DCFNN/1DCFNN_SYSTEM/SDK/1DCFNN/Debug/1DCFNN.elf' is downloaded to processor 'ps7_cortexa9_0'.
19:42:55 INFO  : 'configparams force-mem-access 0' command is executed.
19:42:55 INFO  : ----------------XSDB Script----------------
connect -url tcp:127.0.0.1:3121
targets -set -nocase -filter {name =~"APU*"}
rst -system
after 3000
targets -set -filter {jtag_cable_name =~ "Digilent Zed 210248685375" && level==0 && jtag_device_ctx=="jsn-Zed-210248685375-23727093-0"}
fpga -file E:/Zedboard/1DCFNN/1DCFNN_SYSTEM/SDK/1DCFNN/_ide/bitstream/design_1_wrapper.bit
targets -set -nocase -filter {name =~"APU*"}
loadhw -hw E:/Zedboard/1DCFNN/1DCFNN_SYSTEM/SDK/design_1_wrapper/export/design_1_wrapper/hw/design_1_wrapper.xsa -mem-ranges [list {0x40000000 0xbfffffff}] -regs
configparams force-mem-access 1
targets -set -nocase -filter {name =~"APU*"}
source E:/Zedboard/1DCFNN/1DCFNN_SYSTEM/SDK/1DCFNN/_ide/psinit/ps7_init.tcl
ps7_init
ps7_post_config
targets -set -nocase -filter {name =~ "*A9*#0"}
dow E:/Zedboard/1DCFNN/1DCFNN_SYSTEM/SDK/1DCFNN/Debug/1DCFNN.elf
configparams force-mem-access 0
----------------End of Script----------------

19:42:55 INFO  : Context for processor 'ps7_cortexa9_0' is selected.
19:42:55 INFO  : 'con' command is executed.
19:42:55 INFO  : ----------------XSDB Script (After Launch)----------------
targets -set -nocase -filter {name =~ "*A9*#0"}
con
----------------End of Script----------------

19:42:55 INFO  : Launch script is exported to file 'E:\Zedboard\1DCFNN\1DCFNN_SYSTEM\SDK\1DCFNN_system\_ide\scripts\debugger_1dcfnn-default.tcl'
19:43:04 INFO  : Checking for BSP changes to sync application flags for project '1DCFNN'...
19:43:15 INFO  : Checking for BSP changes to sync application flags for project '1DCFNN'...
19:43:18 INFO  : Disconnected from the channel tcfchan#9.
19:43:19 INFO  : Connected to target on host '127.0.0.1' and port '3121'.
19:43:19 INFO  : Jtag cable 'Digilent Zed 210248685375' is selected.
19:43:19 INFO  : 'jtag frequency' command is executed.
19:43:19 INFO  : Context for 'APU' is selected.
19:43:19 INFO  : System reset is completed.
19:43:22 INFO  : 'after 3000' command is executed.
19:43:22 INFO  : 'targets -set -filter {jtag_cable_name =~ "Digilent Zed 210248685375" && level==0 && jtag_device_ctx=="jsn-Zed-210248685375-23727093-0"}' command is executed.
19:43:25 INFO  : Device configured successfully with "E:/Zedboard/1DCFNN/1DCFNN_SYSTEM/SDK/1DCFNN/_ide/bitstream/design_1_wrapper.bit"
19:43:25 INFO  : Context for 'APU' is selected.
19:43:25 INFO  : Hardware design and registers information is loaded from 'E:/Zedboard/1DCFNN/1DCFNN_SYSTEM/SDK/design_1_wrapper/export/design_1_wrapper/hw/design_1_wrapper.xsa'.
19:43:25 INFO  : 'configparams force-mem-access 1' command is executed.
19:43:25 INFO  : Context for 'APU' is selected.
19:43:25 INFO  : Sourcing of 'E:/Zedboard/1DCFNN/1DCFNN_SYSTEM/SDK/1DCFNN/_ide/psinit/ps7_init.tcl' is done.
19:43:25 INFO  : 'ps7_init' command is executed.
19:43:25 INFO  : 'ps7_post_config' command is executed.
19:43:25 INFO  : Context for processor 'ps7_cortexa9_0' is selected.
19:43:25 INFO  : The application 'E:/Zedboard/1DCFNN/1DCFNN_SYSTEM/SDK/1DCFNN/Debug/1DCFNN.elf' is downloaded to processor 'ps7_cortexa9_0'.
19:43:25 INFO  : 'configparams force-mem-access 0' command is executed.
19:43:25 INFO  : ----------------XSDB Script----------------
connect -url tcp:127.0.0.1:3121
targets -set -nocase -filter {name =~"APU*"}
rst -system
after 3000
targets -set -filter {jtag_cable_name =~ "Digilent Zed 210248685375" && level==0 && jtag_device_ctx=="jsn-Zed-210248685375-23727093-0"}
fpga -file E:/Zedboard/1DCFNN/1DCFNN_SYSTEM/SDK/1DCFNN/_ide/bitstream/design_1_wrapper.bit
targets -set -nocase -filter {name =~"APU*"}
loadhw -hw E:/Zedboard/1DCFNN/1DCFNN_SYSTEM/SDK/design_1_wrapper/export/design_1_wrapper/hw/design_1_wrapper.xsa -mem-ranges [list {0x40000000 0xbfffffff}] -regs
configparams force-mem-access 1
targets -set -nocase -filter {name =~"APU*"}
source E:/Zedboard/1DCFNN/1DCFNN_SYSTEM/SDK/1DCFNN/_ide/psinit/ps7_init.tcl
ps7_init
ps7_post_config
targets -set -nocase -filter {name =~ "*A9*#0"}
dow E:/Zedboard/1DCFNN/1DCFNN_SYSTEM/SDK/1DCFNN/Debug/1DCFNN.elf
configparams force-mem-access 0
----------------End of Script----------------

19:43:25 INFO  : Context for processor 'ps7_cortexa9_0' is selected.
19:43:25 INFO  : 'con' command is executed.
19:43:25 INFO  : ----------------XSDB Script (After Launch)----------------
targets -set -nocase -filter {name =~ "*A9*#0"}
con
----------------End of Script----------------

19:43:25 INFO  : Launch script is exported to file 'E:\Zedboard\1DCFNN\1DCFNN_SYSTEM\SDK\1DCFNN_system\_ide\scripts\debugger_1dcfnn-default.tcl'
19:44:14 INFO  : Checking for BSP changes to sync application flags for project '1DCFNN'...
19:44:17 INFO  : Disconnected from the channel tcfchan#10.
19:44:18 INFO  : Connected to target on host '127.0.0.1' and port '3121'.
19:44:18 INFO  : Jtag cable 'Digilent Zed 210248685375' is selected.
19:44:18 INFO  : 'jtag frequency' command is executed.
19:44:20 INFO  : Context for 'APU' is selected.
19:44:20 INFO  : System reset is completed.
19:44:23 INFO  : 'after 3000' command is executed.
19:44:23 INFO  : 'targets -set -filter {jtag_cable_name =~ "Digilent Zed 210248685375" && level==0 && jtag_device_ctx=="jsn-Zed-210248685375-23727093-0"}' command is executed.
19:44:26 INFO  : Device configured successfully with "E:/Zedboard/1DCFNN/1DCFNN_SYSTEM/SDK/1DCFNN/_ide/bitstream/design_1_wrapper.bit"
19:44:26 INFO  : Context for 'APU' is selected.
19:44:26 INFO  : Hardware design and registers information is loaded from 'E:/Zedboard/1DCFNN/1DCFNN_SYSTEM/SDK/design_1_wrapper/export/design_1_wrapper/hw/design_1_wrapper.xsa'.
19:44:26 INFO  : 'configparams force-mem-access 1' command is executed.
19:44:26 INFO  : Context for 'APU' is selected.
19:44:26 INFO  : Sourcing of 'E:/Zedboard/1DCFNN/1DCFNN_SYSTEM/SDK/1DCFNN/_ide/psinit/ps7_init.tcl' is done.
19:44:26 INFO  : 'ps7_init' command is executed.
19:44:26 INFO  : 'ps7_post_config' command is executed.
19:44:26 INFO  : Context for processor 'ps7_cortexa9_0' is selected.
19:44:26 INFO  : The application 'E:/Zedboard/1DCFNN/1DCFNN_SYSTEM/SDK/1DCFNN/Debug/1DCFNN.elf' is downloaded to processor 'ps7_cortexa9_0'.
19:44:26 INFO  : 'configparams force-mem-access 0' command is executed.
19:44:26 INFO  : ----------------XSDB Script----------------
connect -url tcp:127.0.0.1:3121
targets -set -nocase -filter {name =~"APU*"}
rst -system
after 3000
targets -set -filter {jtag_cable_name =~ "Digilent Zed 210248685375" && level==0 && jtag_device_ctx=="jsn-Zed-210248685375-23727093-0"}
fpga -file E:/Zedboard/1DCFNN/1DCFNN_SYSTEM/SDK/1DCFNN/_ide/bitstream/design_1_wrapper.bit
targets -set -nocase -filter {name =~"APU*"}
loadhw -hw E:/Zedboard/1DCFNN/1DCFNN_SYSTEM/SDK/design_1_wrapper/export/design_1_wrapper/hw/design_1_wrapper.xsa -mem-ranges [list {0x40000000 0xbfffffff}] -regs
configparams force-mem-access 1
targets -set -nocase -filter {name =~"APU*"}
source E:/Zedboard/1DCFNN/1DCFNN_SYSTEM/SDK/1DCFNN/_ide/psinit/ps7_init.tcl
ps7_init
ps7_post_config
targets -set -nocase -filter {name =~ "*A9*#0"}
dow E:/Zedboard/1DCFNN/1DCFNN_SYSTEM/SDK/1DCFNN/Debug/1DCFNN.elf
configparams force-mem-access 0
----------------End of Script----------------

19:44:26 INFO  : Context for processor 'ps7_cortexa9_0' is selected.
19:44:26 INFO  : 'con' command is executed.
19:44:26 INFO  : ----------------XSDB Script (After Launch)----------------
targets -set -nocase -filter {name =~ "*A9*#0"}
con
----------------End of Script----------------

19:44:26 INFO  : Launch script is exported to file 'E:\Zedboard\1DCFNN\1DCFNN_SYSTEM\SDK\1DCFNN_system\_ide\scripts\debugger_1dcfnn-default.tcl'
19:44:50 INFO  : Checking for BSP changes to sync application flags for project '1DCFNN'...
19:44:52 INFO  : Disconnected from the channel tcfchan#11.
19:44:53 INFO  : Connected to target on host '127.0.0.1' and port '3121'.
19:44:54 INFO  : Jtag cable 'Digilent Zed 210248685375' is selected.
19:44:54 INFO  : 'jtag frequency' command is executed.
19:44:54 INFO  : Context for 'APU' is selected.
19:44:54 INFO  : System reset is completed.
19:44:57 INFO  : 'after 3000' command is executed.
19:44:57 INFO  : 'targets -set -filter {jtag_cable_name =~ "Digilent Zed 210248685375" && level==0 && jtag_device_ctx=="jsn-Zed-210248685375-23727093-0"}' command is executed.
19:44:59 INFO  : Device configured successfully with "E:/Zedboard/1DCFNN/1DCFNN_SYSTEM/SDK/1DCFNN/_ide/bitstream/design_1_wrapper.bit"
19:44:59 INFO  : Context for 'APU' is selected.
19:44:59 INFO  : Hardware design and registers information is loaded from 'E:/Zedboard/1DCFNN/1DCFNN_SYSTEM/SDK/design_1_wrapper/export/design_1_wrapper/hw/design_1_wrapper.xsa'.
19:44:59 INFO  : 'configparams force-mem-access 1' command is executed.
19:44:59 INFO  : Context for 'APU' is selected.
19:44:59 INFO  : Sourcing of 'E:/Zedboard/1DCFNN/1DCFNN_SYSTEM/SDK/1DCFNN/_ide/psinit/ps7_init.tcl' is done.
19:44:59 INFO  : 'ps7_init' command is executed.
19:44:59 INFO  : 'ps7_post_config' command is executed.
19:44:59 INFO  : Context for processor 'ps7_cortexa9_0' is selected.
19:45:00 INFO  : The application 'E:/Zedboard/1DCFNN/1DCFNN_SYSTEM/SDK/1DCFNN/Debug/1DCFNN.elf' is downloaded to processor 'ps7_cortexa9_0'.
19:45:00 INFO  : 'configparams force-mem-access 0' command is executed.
19:45:00 INFO  : ----------------XSDB Script----------------
connect -url tcp:127.0.0.1:3121
targets -set -nocase -filter {name =~"APU*"}
rst -system
after 3000
targets -set -filter {jtag_cable_name =~ "Digilent Zed 210248685375" && level==0 && jtag_device_ctx=="jsn-Zed-210248685375-23727093-0"}
fpga -file E:/Zedboard/1DCFNN/1DCFNN_SYSTEM/SDK/1DCFNN/_ide/bitstream/design_1_wrapper.bit
targets -set -nocase -filter {name =~"APU*"}
loadhw -hw E:/Zedboard/1DCFNN/1DCFNN_SYSTEM/SDK/design_1_wrapper/export/design_1_wrapper/hw/design_1_wrapper.xsa -mem-ranges [list {0x40000000 0xbfffffff}] -regs
configparams force-mem-access 1
targets -set -nocase -filter {name =~"APU*"}
source E:/Zedboard/1DCFNN/1DCFNN_SYSTEM/SDK/1DCFNN/_ide/psinit/ps7_init.tcl
ps7_init
ps7_post_config
targets -set -nocase -filter {name =~ "*A9*#0"}
dow E:/Zedboard/1DCFNN/1DCFNN_SYSTEM/SDK/1DCFNN/Debug/1DCFNN.elf
configparams force-mem-access 0
----------------End of Script----------------

19:45:00 INFO  : Context for processor 'ps7_cortexa9_0' is selected.
19:45:00 INFO  : 'con' command is executed.
19:45:00 INFO  : ----------------XSDB Script (After Launch)----------------
targets -set -nocase -filter {name =~ "*A9*#0"}
con
----------------End of Script----------------

19:45:00 INFO  : Launch script is exported to file 'E:\Zedboard\1DCFNN\1DCFNN_SYSTEM\SDK\1DCFNN_system\_ide\scripts\debugger_1dcfnn-default.tcl'
19:47:20 INFO  : Checking for BSP changes to sync application flags for project '1DCFNN'...
19:47:23 INFO  : Disconnected from the channel tcfchan#12.
19:47:24 INFO  : Connected to target on host '127.0.0.1' and port '3121'.
19:47:25 INFO  : Jtag cable 'Digilent Zed 210248685375' is selected.
19:47:25 ERROR : port closed
19:47:25 INFO  : ----------------XSDB Script----------------
connect -url tcp:127.0.0.1:3121
----------------End of Script----------------

19:47:25 ERROR : port closed
19:47:28 INFO  : Connected to target on host '127.0.0.1' and port '3121'.
19:47:28 INFO  : Jtag cable 'Digilent Zed 210248685375' is selected.
19:47:28 INFO  : 'jtag frequency' command is executed.
19:47:28 INFO  : Context for 'APU' is selected.
19:47:28 INFO  : System reset is completed.
19:47:31 INFO  : 'after 3000' command is executed.
19:47:31 INFO  : 'targets -set -filter {jtag_cable_name =~ "Digilent Zed 210248685375" && level==0 && jtag_device_ctx=="jsn-Zed-210248685375-23727093-0"}' command is executed.
19:47:34 INFO  : Device configured successfully with "E:/Zedboard/1DCFNN/1DCFNN_SYSTEM/SDK/1DCFNN/_ide/bitstream/design_1_wrapper.bit"
19:47:34 INFO  : Context for 'APU' is selected.
19:47:34 INFO  : Hardware design and registers information is loaded from 'E:/Zedboard/1DCFNN/1DCFNN_SYSTEM/SDK/design_1_wrapper/export/design_1_wrapper/hw/design_1_wrapper.xsa'.
19:47:34 INFO  : 'configparams force-mem-access 1' command is executed.
19:47:34 INFO  : Context for 'APU' is selected.
19:47:34 INFO  : Sourcing of 'E:/Zedboard/1DCFNN/1DCFNN_SYSTEM/SDK/1DCFNN/_ide/psinit/ps7_init.tcl' is done.
19:47:34 INFO  : 'ps7_init' command is executed.
19:47:34 INFO  : 'ps7_post_config' command is executed.
19:47:34 INFO  : Context for processor 'ps7_cortexa9_0' is selected.
19:47:34 INFO  : The application 'E:/Zedboard/1DCFNN/1DCFNN_SYSTEM/SDK/1DCFNN/Debug/1DCFNN.elf' is downloaded to processor 'ps7_cortexa9_0'.
19:47:34 INFO  : 'configparams force-mem-access 0' command is executed.
19:47:34 INFO  : ----------------XSDB Script----------------
connect -url tcp:127.0.0.1:3121
targets -set -nocase -filter {name =~"APU*"}
rst -system
after 3000
targets -set -filter {jtag_cable_name =~ "Digilent Zed 210248685375" && level==0 && jtag_device_ctx=="jsn-Zed-210248685375-23727093-0"}
fpga -file E:/Zedboard/1DCFNN/1DCFNN_SYSTEM/SDK/1DCFNN/_ide/bitstream/design_1_wrapper.bit
targets -set -nocase -filter {name =~"APU*"}
loadhw -hw E:/Zedboard/1DCFNN/1DCFNN_SYSTEM/SDK/design_1_wrapper/export/design_1_wrapper/hw/design_1_wrapper.xsa -mem-ranges [list {0x40000000 0xbfffffff}] -regs
configparams force-mem-access 1
targets -set -nocase -filter {name =~"APU*"}
source E:/Zedboard/1DCFNN/1DCFNN_SYSTEM/SDK/1DCFNN/_ide/psinit/ps7_init.tcl
ps7_init
ps7_post_config
targets -set -nocase -filter {name =~ "*A9*#0"}
dow E:/Zedboard/1DCFNN/1DCFNN_SYSTEM/SDK/1DCFNN/Debug/1DCFNN.elf
configparams force-mem-access 0
----------------End of Script----------------

19:47:34 INFO  : Context for processor 'ps7_cortexa9_0' is selected.
19:47:34 INFO  : 'con' command is executed.
19:47:34 INFO  : ----------------XSDB Script (After Launch)----------------
targets -set -nocase -filter {name =~ "*A9*#0"}
con
----------------End of Script----------------

19:47:34 INFO  : Launch script is exported to file 'E:\Zedboard\1DCFNN\1DCFNN_SYSTEM\SDK\1DCFNN_system\_ide\scripts\debugger_1dcfnn-default.tcl'
19:48:03 INFO  : Checking for BSP changes to sync application flags for project '1DCFNN'...
19:48:06 INFO  : Disconnected from the channel tcfchan#13.
19:48:07 INFO  : Connected to target on host '127.0.0.1' and port '3121'.
19:48:07 INFO  : Jtag cable 'Digilent Zed 210248685375' is selected.
19:48:07 INFO  : 'jtag frequency' command is executed.
19:48:07 INFO  : Context for 'APU' is selected.
19:48:07 INFO  : System reset is completed.
19:48:10 INFO  : 'after 3000' command is executed.
19:48:10 INFO  : 'targets -set -filter {jtag_cable_name =~ "Digilent Zed 210248685375" && level==0 && jtag_device_ctx=="jsn-Zed-210248685375-23727093-0"}' command is executed.
19:48:12 INFO  : Device configured successfully with "E:/Zedboard/1DCFNN/1DCFNN_SYSTEM/SDK/1DCFNN/_ide/bitstream/design_1_wrapper.bit"
19:48:12 INFO  : Context for 'APU' is selected.
19:48:12 INFO  : Hardware design and registers information is loaded from 'E:/Zedboard/1DCFNN/1DCFNN_SYSTEM/SDK/design_1_wrapper/export/design_1_wrapper/hw/design_1_wrapper.xsa'.
19:48:12 INFO  : 'configparams force-mem-access 1' command is executed.
19:48:12 INFO  : Context for 'APU' is selected.
19:48:12 INFO  : Sourcing of 'E:/Zedboard/1DCFNN/1DCFNN_SYSTEM/SDK/1DCFNN/_ide/psinit/ps7_init.tcl' is done.
19:48:12 INFO  : 'ps7_init' command is executed.
19:48:12 INFO  : 'ps7_post_config' command is executed.
19:48:12 INFO  : Context for processor 'ps7_cortexa9_0' is selected.
19:48:13 INFO  : The application 'E:/Zedboard/1DCFNN/1DCFNN_SYSTEM/SDK/1DCFNN/Debug/1DCFNN.elf' is downloaded to processor 'ps7_cortexa9_0'.
19:48:13 INFO  : 'configparams force-mem-access 0' command is executed.
19:48:13 INFO  : ----------------XSDB Script----------------
connect -url tcp:127.0.0.1:3121
targets -set -nocase -filter {name =~"APU*"}
rst -system
after 3000
targets -set -filter {jtag_cable_name =~ "Digilent Zed 210248685375" && level==0 && jtag_device_ctx=="jsn-Zed-210248685375-23727093-0"}
fpga -file E:/Zedboard/1DCFNN/1DCFNN_SYSTEM/SDK/1DCFNN/_ide/bitstream/design_1_wrapper.bit
targets -set -nocase -filter {name =~"APU*"}
loadhw -hw E:/Zedboard/1DCFNN/1DCFNN_SYSTEM/SDK/design_1_wrapper/export/design_1_wrapper/hw/design_1_wrapper.xsa -mem-ranges [list {0x40000000 0xbfffffff}] -regs
configparams force-mem-access 1
targets -set -nocase -filter {name =~"APU*"}
source E:/Zedboard/1DCFNN/1DCFNN_SYSTEM/SDK/1DCFNN/_ide/psinit/ps7_init.tcl
ps7_init
ps7_post_config
targets -set -nocase -filter {name =~ "*A9*#0"}
dow E:/Zedboard/1DCFNN/1DCFNN_SYSTEM/SDK/1DCFNN/Debug/1DCFNN.elf
configparams force-mem-access 0
----------------End of Script----------------

19:48:13 INFO  : Context for processor 'ps7_cortexa9_0' is selected.
19:48:13 INFO  : 'con' command is executed.
19:48:13 INFO  : ----------------XSDB Script (After Launch)----------------
targets -set -nocase -filter {name =~ "*A9*#0"}
con
----------------End of Script----------------

19:48:13 INFO  : Launch script is exported to file 'E:\Zedboard\1DCFNN\1DCFNN_SYSTEM\SDK\1DCFNN_system\_ide\scripts\debugger_1dcfnn-default.tcl'
19:49:15 INFO  : Checking for BSP changes to sync application flags for project '1DCFNN'...
19:49:18 INFO  : Disconnected from the channel tcfchan#14.
19:49:19 INFO  : Connected to target on host '127.0.0.1' and port '3121'.
19:49:19 INFO  : Jtag cable 'Digilent Zed 210248685375' is selected.
19:49:19 ERROR : port closed
19:49:19 INFO  : ----------------XSDB Script----------------
connect -url tcp:127.0.0.1:3121
----------------End of Script----------------

19:49:19 ERROR : port closed
19:49:21 INFO  : Connected to target on host '127.0.0.1' and port '3121'.
19:49:21 INFO  : Jtag cable 'Digilent Zed 210248685375' is selected.
19:49:21 INFO  : 'jtag frequency' command is executed.
19:49:21 INFO  : Context for 'APU' is selected.
19:49:21 INFO  : System reset is completed.
19:49:24 INFO  : 'after 3000' command is executed.
19:49:24 INFO  : 'targets -set -filter {jtag_cable_name =~ "Digilent Zed 210248685375" && level==0 && jtag_device_ctx=="jsn-Zed-210248685375-23727093-0"}' command is executed.
19:49:27 INFO  : Device configured successfully with "E:/Zedboard/1DCFNN/1DCFNN_SYSTEM/SDK/1DCFNN/_ide/bitstream/design_1_wrapper.bit"
19:49:27 INFO  : Context for 'APU' is selected.
19:49:27 INFO  : Hardware design and registers information is loaded from 'E:/Zedboard/1DCFNN/1DCFNN_SYSTEM/SDK/design_1_wrapper/export/design_1_wrapper/hw/design_1_wrapper.xsa'.
19:49:27 INFO  : 'configparams force-mem-access 1' command is executed.
19:49:27 INFO  : Context for 'APU' is selected.
19:49:27 INFO  : Sourcing of 'E:/Zedboard/1DCFNN/1DCFNN_SYSTEM/SDK/1DCFNN/_ide/psinit/ps7_init.tcl' is done.
19:49:27 INFO  : 'ps7_init' command is executed.
19:49:27 INFO  : 'ps7_post_config' command is executed.
19:49:27 INFO  : Context for processor 'ps7_cortexa9_0' is selected.
19:49:27 INFO  : The application 'E:/Zedboard/1DCFNN/1DCFNN_SYSTEM/SDK/1DCFNN/Debug/1DCFNN.elf' is downloaded to processor 'ps7_cortexa9_0'.
19:49:27 INFO  : 'configparams force-mem-access 0' command is executed.
19:49:27 INFO  : ----------------XSDB Script----------------
connect -url tcp:127.0.0.1:3121
targets -set -nocase -filter {name =~"APU*"}
rst -system
after 3000
targets -set -filter {jtag_cable_name =~ "Digilent Zed 210248685375" && level==0 && jtag_device_ctx=="jsn-Zed-210248685375-23727093-0"}
fpga -file E:/Zedboard/1DCFNN/1DCFNN_SYSTEM/SDK/1DCFNN/_ide/bitstream/design_1_wrapper.bit
targets -set -nocase -filter {name =~"APU*"}
loadhw -hw E:/Zedboard/1DCFNN/1DCFNN_SYSTEM/SDK/design_1_wrapper/export/design_1_wrapper/hw/design_1_wrapper.xsa -mem-ranges [list {0x40000000 0xbfffffff}] -regs
configparams force-mem-access 1
targets -set -nocase -filter {name =~"APU*"}
source E:/Zedboard/1DCFNN/1DCFNN_SYSTEM/SDK/1DCFNN/_ide/psinit/ps7_init.tcl
ps7_init
ps7_post_config
targets -set -nocase -filter {name =~ "*A9*#0"}
dow E:/Zedboard/1DCFNN/1DCFNN_SYSTEM/SDK/1DCFNN/Debug/1DCFNN.elf
configparams force-mem-access 0
----------------End of Script----------------

19:49:27 INFO  : Context for processor 'ps7_cortexa9_0' is selected.
19:49:27 INFO  : 'con' command is executed.
19:49:27 INFO  : ----------------XSDB Script (After Launch)----------------
targets -set -nocase -filter {name =~ "*A9*#0"}
con
----------------End of Script----------------

19:49:27 INFO  : Launch script is exported to file 'E:\Zedboard\1DCFNN\1DCFNN_SYSTEM\SDK\1DCFNN_system\_ide\scripts\debugger_1dcfnn-default.tcl'
19:49:46 INFO  : Checking for BSP changes to sync application flags for project '1DCFNN'...
19:49:51 INFO  : Disconnected from the channel tcfchan#15.
19:49:52 INFO  : Connected to target on host '127.0.0.1' and port '3121'.
19:49:52 INFO  : Jtag cable 'Digilent Zed 210248685375' is selected.
19:49:52 ERROR : port closed
19:49:52 INFO  : ----------------XSDB Script----------------
connect -url tcp:127.0.0.1:3121
----------------End of Script----------------

19:49:52 ERROR : port closed
19:49:58 INFO  : Checking for BSP changes to sync application flags for project '1DCFNN'...
19:49:59 INFO  : Connected to target on host '127.0.0.1' and port '3121'.
19:49:59 INFO  : Jtag cable 'Digilent Zed 210248685375' is selected.
19:49:59 INFO  : 'jtag frequency' command is executed.
19:49:59 INFO  : Context for 'APU' is selected.
19:49:59 INFO  : System reset is completed.
19:50:02 INFO  : 'after 3000' command is executed.
19:50:03 INFO  : 'targets -set -filter {jtag_cable_name =~ "Digilent Zed 210248685375" && level==0 && jtag_device_ctx=="jsn-Zed-210248685375-23727093-0"}' command is executed.
19:50:05 INFO  : Device configured successfully with "E:/Zedboard/1DCFNN/1DCFNN_SYSTEM/SDK/1DCFNN/_ide/bitstream/design_1_wrapper.bit"
19:50:05 INFO  : Context for 'APU' is selected.
19:50:05 INFO  : Hardware design and registers information is loaded from 'E:/Zedboard/1DCFNN/1DCFNN_SYSTEM/SDK/design_1_wrapper/export/design_1_wrapper/hw/design_1_wrapper.xsa'.
19:50:05 INFO  : 'configparams force-mem-access 1' command is executed.
19:50:05 INFO  : Context for 'APU' is selected.
19:50:05 INFO  : Sourcing of 'E:/Zedboard/1DCFNN/1DCFNN_SYSTEM/SDK/1DCFNN/_ide/psinit/ps7_init.tcl' is done.
19:50:05 INFO  : 'ps7_init' command is executed.
19:50:05 INFO  : 'ps7_post_config' command is executed.
19:50:05 INFO  : Context for processor 'ps7_cortexa9_0' is selected.
19:50:05 INFO  : The application 'E:/Zedboard/1DCFNN/1DCFNN_SYSTEM/SDK/1DCFNN/Debug/1DCFNN.elf' is downloaded to processor 'ps7_cortexa9_0'.
19:50:05 INFO  : 'configparams force-mem-access 0' command is executed.
19:50:05 INFO  : ----------------XSDB Script----------------
connect -url tcp:127.0.0.1:3121
targets -set -nocase -filter {name =~"APU*"}
rst -system
after 3000
targets -set -filter {jtag_cable_name =~ "Digilent Zed 210248685375" && level==0 && jtag_device_ctx=="jsn-Zed-210248685375-23727093-0"}
fpga -file E:/Zedboard/1DCFNN/1DCFNN_SYSTEM/SDK/1DCFNN/_ide/bitstream/design_1_wrapper.bit
targets -set -nocase -filter {name =~"APU*"}
loadhw -hw E:/Zedboard/1DCFNN/1DCFNN_SYSTEM/SDK/design_1_wrapper/export/design_1_wrapper/hw/design_1_wrapper.xsa -mem-ranges [list {0x40000000 0xbfffffff}] -regs
configparams force-mem-access 1
targets -set -nocase -filter {name =~"APU*"}
source E:/Zedboard/1DCFNN/1DCFNN_SYSTEM/SDK/1DCFNN/_ide/psinit/ps7_init.tcl
ps7_init
ps7_post_config
targets -set -nocase -filter {name =~ "*A9*#0"}
dow E:/Zedboard/1DCFNN/1DCFNN_SYSTEM/SDK/1DCFNN/Debug/1DCFNN.elf
configparams force-mem-access 0
----------------End of Script----------------

19:50:05 INFO  : Context for processor 'ps7_cortexa9_0' is selected.
19:50:05 INFO  : 'con' command is executed.
19:50:05 INFO  : ----------------XSDB Script (After Launch)----------------
targets -set -nocase -filter {name =~ "*A9*#0"}
con
----------------End of Script----------------

19:50:05 INFO  : Launch script is exported to file 'E:\Zedboard\1DCFNN\1DCFNN_SYSTEM\SDK\1DCFNN_system\_ide\scripts\debugger_1dcfnn-default.tcl'
19:52:13 INFO  : Checking for BSP changes to sync application flags for project '1DCFNN'...
19:52:16 INFO  : Disconnected from the channel tcfchan#16.
19:52:17 INFO  : Connected to target on host '127.0.0.1' and port '3121'.
19:52:17 INFO  : Jtag cable 'Digilent Zed 210248685375' is selected.
19:52:17 ERROR : port closed
19:52:17 INFO  : ----------------XSDB Script----------------
connect -url tcp:127.0.0.1:3121
----------------End of Script----------------

19:52:17 ERROR : port closed
19:52:19 INFO  : Connected to target on host '127.0.0.1' and port '3121'.
19:52:19 INFO  : Jtag cable 'Digilent Zed 210248685375' is selected.
19:52:19 INFO  : 'jtag frequency' command is executed.
19:52:19 INFO  : Context for 'APU' is selected.
19:52:19 INFO  : System reset is completed.
19:52:22 INFO  : 'after 3000' command is executed.
19:52:22 INFO  : 'targets -set -filter {jtag_cable_name =~ "Digilent Zed 210248685375" && level==0 && jtag_device_ctx=="jsn-Zed-210248685375-23727093-0"}' command is executed.
19:52:25 INFO  : Device configured successfully with "E:/Zedboard/1DCFNN/1DCFNN_SYSTEM/SDK/1DCFNN/_ide/bitstream/design_1_wrapper.bit"
19:52:25 INFO  : Context for 'APU' is selected.
19:52:25 INFO  : Hardware design and registers information is loaded from 'E:/Zedboard/1DCFNN/1DCFNN_SYSTEM/SDK/design_1_wrapper/export/design_1_wrapper/hw/design_1_wrapper.xsa'.
19:52:25 INFO  : 'configparams force-mem-access 1' command is executed.
19:52:25 INFO  : Context for 'APU' is selected.
19:52:25 INFO  : Sourcing of 'E:/Zedboard/1DCFNN/1DCFNN_SYSTEM/SDK/1DCFNN/_ide/psinit/ps7_init.tcl' is done.
19:52:25 INFO  : 'ps7_init' command is executed.
19:52:25 INFO  : 'ps7_post_config' command is executed.
19:52:25 INFO  : Context for processor 'ps7_cortexa9_0' is selected.
19:52:25 INFO  : The application 'E:/Zedboard/1DCFNN/1DCFNN_SYSTEM/SDK/1DCFNN/Debug/1DCFNN.elf' is downloaded to processor 'ps7_cortexa9_0'.
19:52:25 INFO  : 'configparams force-mem-access 0' command is executed.
19:52:25 INFO  : ----------------XSDB Script----------------
connect -url tcp:127.0.0.1:3121
targets -set -nocase -filter {name =~"APU*"}
rst -system
after 3000
targets -set -filter {jtag_cable_name =~ "Digilent Zed 210248685375" && level==0 && jtag_device_ctx=="jsn-Zed-210248685375-23727093-0"}
fpga -file E:/Zedboard/1DCFNN/1DCFNN_SYSTEM/SDK/1DCFNN/_ide/bitstream/design_1_wrapper.bit
targets -set -nocase -filter {name =~"APU*"}
loadhw -hw E:/Zedboard/1DCFNN/1DCFNN_SYSTEM/SDK/design_1_wrapper/export/design_1_wrapper/hw/design_1_wrapper.xsa -mem-ranges [list {0x40000000 0xbfffffff}] -regs
configparams force-mem-access 1
targets -set -nocase -filter {name =~"APU*"}
source E:/Zedboard/1DCFNN/1DCFNN_SYSTEM/SDK/1DCFNN/_ide/psinit/ps7_init.tcl
ps7_init
ps7_post_config
targets -set -nocase -filter {name =~ "*A9*#0"}
dow E:/Zedboard/1DCFNN/1DCFNN_SYSTEM/SDK/1DCFNN/Debug/1DCFNN.elf
configparams force-mem-access 0
----------------End of Script----------------

19:52:25 INFO  : Context for processor 'ps7_cortexa9_0' is selected.
19:52:25 INFO  : 'con' command is executed.
19:52:25 INFO  : ----------------XSDB Script (After Launch)----------------
targets -set -nocase -filter {name =~ "*A9*#0"}
con
----------------End of Script----------------

19:52:25 INFO  : Launch script is exported to file 'E:\Zedboard\1DCFNN\1DCFNN_SYSTEM\SDK\1DCFNN_system\_ide\scripts\debugger_1dcfnn-default.tcl'
19:52:41 INFO  : Disconnected from the channel tcfchan#17.
19:52:42 INFO  : Connected to target on host '127.0.0.1' and port '3121'.
19:52:42 INFO  : Jtag cable 'Digilent Zed 210248685375' is selected.
19:52:42 ERROR : port closed
19:52:42 INFO  : ----------------XSDB Script----------------
connect -url tcp:127.0.0.1:3121
----------------End of Script----------------

19:52:42 ERROR : port closed
19:52:45 INFO  : Connected to target on host '127.0.0.1' and port '3121'.
19:52:45 INFO  : Jtag cable 'Digilent Zed 210248685375' is selected.
19:52:45 INFO  : 'jtag frequency' command is executed.
19:52:45 INFO  : Context for 'APU' is selected.
19:52:45 INFO  : System reset is completed.
19:52:48 INFO  : 'after 3000' command is executed.
19:52:48 INFO  : 'targets -set -filter {jtag_cable_name =~ "Digilent Zed 210248685375" && level==0 && jtag_device_ctx=="jsn-Zed-210248685375-23727093-0"}' command is executed.
19:52:50 INFO  : Device configured successfully with "E:/Zedboard/1DCFNN/1DCFNN_SYSTEM/SDK/1DCFNN/_ide/bitstream/design_1_wrapper.bit"
19:52:50 INFO  : Connected to target on host '127.0.0.1' and port '3121'.
19:52:50 INFO  : Context for 'APU' is selected.
19:52:50 INFO  : Hardware design and registers information is loaded from 'E:/Zedboard/1DCFNN/1DCFNN_SYSTEM/SDK/design_1_wrapper/export/design_1_wrapper/hw/design_1_wrapper.xsa'.
19:52:50 INFO  : 'configparams force-mem-access 1' command is executed.
19:52:50 INFO  : Context for 'APU' is selected.
19:52:50 INFO  : Sourcing of 'E:/Zedboard/1DCFNN/1DCFNN_SYSTEM/SDK/1DCFNN/_ide/psinit/ps7_init.tcl' is done.
19:52:50 INFO  : 'ps7_init' command is executed.
19:52:50 INFO  : 'ps7_post_config' command is executed.
19:52:50 INFO  : Context for processor 'ps7_cortexa9_0' is selected.
19:52:51 INFO  : The application 'E:/Zedboard/1DCFNN/1DCFNN_SYSTEM/SDK/1DCFNN/Debug/1DCFNN.elf' is downloaded to processor 'ps7_cortexa9_0'.
19:52:51 INFO  : 'configparams force-mem-access 0' command is executed.
19:52:51 INFO  : ----------------XSDB Script----------------
connect -url tcp:127.0.0.1:3121
targets -set -nocase -filter {name =~"APU*"}
rst -system
after 3000
targets -set -filter {jtag_cable_name =~ "Digilent Zed 210248685375" && level==0 && jtag_device_ctx=="jsn-Zed-210248685375-23727093-0"}
fpga -file E:/Zedboard/1DCFNN/1DCFNN_SYSTEM/SDK/1DCFNN/_ide/bitstream/design_1_wrapper.bit
targets -set -nocase -filter {name =~"APU*"}
loadhw -hw E:/Zedboard/1DCFNN/1DCFNN_SYSTEM/SDK/design_1_wrapper/export/design_1_wrapper/hw/design_1_wrapper.xsa -mem-ranges [list {0x40000000 0xbfffffff}] -regs
configparams force-mem-access 1
targets -set -nocase -filter {name =~"APU*"}
source E:/Zedboard/1DCFNN/1DCFNN_SYSTEM/SDK/1DCFNN/_ide/psinit/ps7_init.tcl
ps7_init
ps7_post_config
targets -set -nocase -filter {name =~ "*A9*#0"}
dow E:/Zedboard/1DCFNN/1DCFNN_SYSTEM/SDK/1DCFNN/Debug/1DCFNN.elf
configparams force-mem-access 0
----------------End of Script----------------

19:52:51 INFO  : Jtag cable 'Digilent Zed 210248685375' is selected.
19:52:51 INFO  : 'jtag frequency' command is executed.
19:52:51 INFO  : Context for processor 'ps7_cortexa9_0' is selected.
19:52:51 INFO  : Context for 'APU' is selected.
19:52:51 INFO  : 'con' command is executed.
19:52:51 INFO  : ----------------XSDB Script (After Launch)----------------
targets -set -nocase -filter {name =~ "*A9*#0"}
con
----------------End of Script----------------

19:52:51 INFO  : Launch script is exported to file 'E:\Zedboard\1DCFNN\1DCFNN_SYSTEM\SDK\1DCFNN_system\_ide\scripts\debugger_1dcfnn-default.tcl'
19:52:51 INFO  : System reset is completed.
19:52:54 INFO  : 'after 3000' command is executed.
19:52:54 INFO  : 'targets -set -filter {jtag_cable_name =~ "Digilent Zed 210248685375" && level==0 && jtag_device_ctx=="jsn-Zed-210248685375-23727093-0"}' command is executed.
19:52:56 INFO  : Device configured successfully with "E:/Zedboard/1DCFNN/1DCFNN_SYSTEM/SDK/1DCFNN/_ide/bitstream/design_1_wrapper.bit"
19:52:56 INFO  : Context for 'APU' is selected.
19:52:56 INFO  : Hardware design and registers information is loaded from 'E:/Zedboard/1DCFNN/1DCFNN_SYSTEM/SDK/design_1_wrapper/export/design_1_wrapper/hw/design_1_wrapper.xsa'.
19:52:56 INFO  : 'configparams force-mem-access 1' command is executed.
19:52:56 INFO  : Context for 'APU' is selected.
19:52:56 INFO  : Sourcing of 'E:/Zedboard/1DCFNN/1DCFNN_SYSTEM/SDK/1DCFNN/_ide/psinit/ps7_init.tcl' is done.
19:52:56 INFO  : 'ps7_init' command is executed.
19:52:56 INFO  : 'ps7_post_config' command is executed.
19:52:56 INFO  : Context for processor 'ps7_cortexa9_0' is selected.
19:52:57 INFO  : The application 'E:/Zedboard/1DCFNN/1DCFNN_SYSTEM/SDK/1DCFNN/Debug/1DCFNN.elf' is downloaded to processor 'ps7_cortexa9_0'.
19:52:57 INFO  : 'configparams force-mem-access 0' command is executed.
19:52:57 INFO  : ----------------XSDB Script----------------
connect -url tcp:127.0.0.1:3121
targets -set -nocase -filter {name =~"APU*"}
rst -system
after 3000
targets -set -filter {jtag_cable_name =~ "Digilent Zed 210248685375" && level==0 && jtag_device_ctx=="jsn-Zed-210248685375-23727093-0"}
fpga -file E:/Zedboard/1DCFNN/1DCFNN_SYSTEM/SDK/1DCFNN/_ide/bitstream/design_1_wrapper.bit
targets -set -nocase -filter {name =~"APU*"}
loadhw -hw E:/Zedboard/1DCFNN/1DCFNN_SYSTEM/SDK/design_1_wrapper/export/design_1_wrapper/hw/design_1_wrapper.xsa -mem-ranges [list {0x40000000 0xbfffffff}] -regs
configparams force-mem-access 1
targets -set -nocase -filter {name =~"APU*"}
source E:/Zedboard/1DCFNN/1DCFNN_SYSTEM/SDK/1DCFNN/_ide/psinit/ps7_init.tcl
ps7_init
ps7_post_config
targets -set -nocase -filter {name =~ "*A9*#0"}
dow E:/Zedboard/1DCFNN/1DCFNN_SYSTEM/SDK/1DCFNN/Debug/1DCFNN.elf
configparams force-mem-access 0
----------------End of Script----------------

19:52:57 INFO  : Context for processor 'ps7_cortexa9_0' is selected.
19:52:57 INFO  : 'con' command is executed.
19:52:57 INFO  : ----------------XSDB Script (After Launch)----------------
targets -set -nocase -filter {name =~ "*A9*#0"}
con
----------------End of Script----------------

19:52:57 INFO  : Launch script is exported to file 'E:\Zedboard\1DCFNN\1DCFNN_SYSTEM\SDK\1DCFNN_system\_ide\scripts\debugger_1dcfnn-default.tcl'
19:55:28 INFO  : Checking for BSP changes to sync application flags for project '1DCFNN'...
19:55:42 INFO  : Checking for BSP changes to sync application flags for project '1DCFNN'...
19:55:44 INFO  : Disconnected from the channel tcfchan#18.
19:55:45 INFO  : Connected to target on host '127.0.0.1' and port '3121'.
19:55:45 INFO  : Jtag cable 'Digilent Zed 210248685375' is selected.
19:55:45 INFO  : 'jtag frequency' command is executed.
19:55:45 INFO  : Context for 'APU' is selected.
19:55:46 INFO  : System reset is completed.
19:55:49 INFO  : 'after 3000' command is executed.
19:55:49 INFO  : 'targets -set -filter {jtag_cable_name =~ "Digilent Zed 210248685375" && level==0 && jtag_device_ctx=="jsn-Zed-210248685375-23727093-0"}' command is executed.
19:55:51 INFO  : Device configured successfully with "E:/Zedboard/1DCFNN/1DCFNN_SYSTEM/SDK/1DCFNN/_ide/bitstream/design_1_wrapper.bit"
19:55:51 INFO  : Context for 'APU' is selected.
19:55:51 INFO  : Hardware design and registers information is loaded from 'E:/Zedboard/1DCFNN/1DCFNN_SYSTEM/SDK/design_1_wrapper/export/design_1_wrapper/hw/design_1_wrapper.xsa'.
19:55:51 INFO  : 'configparams force-mem-access 1' command is executed.
19:55:51 INFO  : Context for 'APU' is selected.
19:55:51 INFO  : Sourcing of 'E:/Zedboard/1DCFNN/1DCFNN_SYSTEM/SDK/1DCFNN/_ide/psinit/ps7_init.tcl' is done.
19:55:51 INFO  : 'ps7_init' command is executed.
19:55:51 INFO  : 'ps7_post_config' command is executed.
19:55:51 INFO  : Context for processor 'ps7_cortexa9_0' is selected.
19:55:51 INFO  : The application 'E:/Zedboard/1DCFNN/1DCFNN_SYSTEM/SDK/1DCFNN/Debug/1DCFNN.elf' is downloaded to processor 'ps7_cortexa9_0'.
19:55:51 INFO  : 'configparams force-mem-access 0' command is executed.
19:55:51 INFO  : ----------------XSDB Script----------------
connect -url tcp:127.0.0.1:3121
targets -set -nocase -filter {name =~"APU*"}
rst -system
after 3000
targets -set -filter {jtag_cable_name =~ "Digilent Zed 210248685375" && level==0 && jtag_device_ctx=="jsn-Zed-210248685375-23727093-0"}
fpga -file E:/Zedboard/1DCFNN/1DCFNN_SYSTEM/SDK/1DCFNN/_ide/bitstream/design_1_wrapper.bit
targets -set -nocase -filter {name =~"APU*"}
loadhw -hw E:/Zedboard/1DCFNN/1DCFNN_SYSTEM/SDK/design_1_wrapper/export/design_1_wrapper/hw/design_1_wrapper.xsa -mem-ranges [list {0x40000000 0xbfffffff}] -regs
configparams force-mem-access 1
targets -set -nocase -filter {name =~"APU*"}
source E:/Zedboard/1DCFNN/1DCFNN_SYSTEM/SDK/1DCFNN/_ide/psinit/ps7_init.tcl
ps7_init
ps7_post_config
targets -set -nocase -filter {name =~ "*A9*#0"}
dow E:/Zedboard/1DCFNN/1DCFNN_SYSTEM/SDK/1DCFNN/Debug/1DCFNN.elf
configparams force-mem-access 0
----------------End of Script----------------

19:55:51 INFO  : Context for processor 'ps7_cortexa9_0' is selected.
19:55:51 INFO  : 'con' command is executed.
19:55:51 INFO  : ----------------XSDB Script (After Launch)----------------
targets -set -nocase -filter {name =~ "*A9*#0"}
con
----------------End of Script----------------

19:55:51 INFO  : Launch script is exported to file 'E:\Zedboard\1DCFNN\1DCFNN_SYSTEM\SDK\1DCFNN_system\_ide\scripts\debugger_1dcfnn-default.tcl'
19:58:21 INFO  : Checking for BSP changes to sync application flags for project '1DCFNN'...
19:58:24 INFO  : Disconnected from the channel tcfchan#19.
19:58:25 INFO  : Connected to target on host '127.0.0.1' and port '3121'.
19:58:25 INFO  : Jtag cable 'Digilent Zed 210248685375' is selected.
19:58:25 INFO  : 'jtag frequency' command is executed.
19:58:26 INFO  : Context for 'APU' is selected.
19:58:26 INFO  : System reset is completed.
19:58:29 INFO  : 'after 3000' command is executed.
19:58:29 INFO  : 'targets -set -filter {jtag_cable_name =~ "Digilent Zed 210248685375" && level==0 && jtag_device_ctx=="jsn-Zed-210248685375-23727093-0"}' command is executed.
19:58:31 INFO  : Device configured successfully with "E:/Zedboard/1DCFNN/1DCFNN_SYSTEM/SDK/1DCFNN/_ide/bitstream/design_1_wrapper.bit"
19:58:31 INFO  : Context for 'APU' is selected.
19:58:31 INFO  : Hardware design and registers information is loaded from 'E:/Zedboard/1DCFNN/1DCFNN_SYSTEM/SDK/design_1_wrapper/export/design_1_wrapper/hw/design_1_wrapper.xsa'.
19:58:31 INFO  : 'configparams force-mem-access 1' command is executed.
19:58:31 INFO  : Context for 'APU' is selected.
19:58:31 INFO  : Sourcing of 'E:/Zedboard/1DCFNN/1DCFNN_SYSTEM/SDK/1DCFNN/_ide/psinit/ps7_init.tcl' is done.
19:58:31 INFO  : 'ps7_init' command is executed.
19:58:31 INFO  : 'ps7_post_config' command is executed.
19:58:31 INFO  : Context for processor 'ps7_cortexa9_0' is selected.
19:58:31 INFO  : The application 'E:/Zedboard/1DCFNN/1DCFNN_SYSTEM/SDK/1DCFNN/Debug/1DCFNN.elf' is downloaded to processor 'ps7_cortexa9_0'.
19:58:31 INFO  : 'configparams force-mem-access 0' command is executed.
19:58:31 INFO  : ----------------XSDB Script----------------
connect -url tcp:127.0.0.1:3121
targets -set -nocase -filter {name =~"APU*"}
rst -system
after 3000
targets -set -filter {jtag_cable_name =~ "Digilent Zed 210248685375" && level==0 && jtag_device_ctx=="jsn-Zed-210248685375-23727093-0"}
fpga -file E:/Zedboard/1DCFNN/1DCFNN_SYSTEM/SDK/1DCFNN/_ide/bitstream/design_1_wrapper.bit
targets -set -nocase -filter {name =~"APU*"}
loadhw -hw E:/Zedboard/1DCFNN/1DCFNN_SYSTEM/SDK/design_1_wrapper/export/design_1_wrapper/hw/design_1_wrapper.xsa -mem-ranges [list {0x40000000 0xbfffffff}] -regs
configparams force-mem-access 1
targets -set -nocase -filter {name =~"APU*"}
source E:/Zedboard/1DCFNN/1DCFNN_SYSTEM/SDK/1DCFNN/_ide/psinit/ps7_init.tcl
ps7_init
ps7_post_config
targets -set -nocase -filter {name =~ "*A9*#0"}
dow E:/Zedboard/1DCFNN/1DCFNN_SYSTEM/SDK/1DCFNN/Debug/1DCFNN.elf
configparams force-mem-access 0
----------------End of Script----------------

19:58:31 INFO  : Context for processor 'ps7_cortexa9_0' is selected.
19:58:31 INFO  : 'con' command is executed.
19:58:31 INFO  : ----------------XSDB Script (After Launch)----------------
targets -set -nocase -filter {name =~ "*A9*#0"}
con
----------------End of Script----------------

19:58:31 INFO  : Launch script is exported to file 'E:\Zedboard\1DCFNN\1DCFNN_SYSTEM\SDK\1DCFNN_system\_ide\scripts\debugger_1dcfnn-default.tcl'
11:53:48 INFO  : Launching XSCT server: xsct.bat -n  -interactive E:\Zedboard\1DCFNN\1DCFNN_SYSTEM\SDK\temp_xsdb_launch_script.tcl
11:53:54 INFO  : XSCT server has started successfully.
11:53:54 INFO  : Successfully done setting XSCT server connection channel  
11:53:54 INFO  : plnx-install-location is set to ''
11:53:54 INFO  : Successfully done setting workspace for the tool. 
11:53:58 INFO  : Registering command handlers for Vitis TCF services
11:54:00 INFO  : Platform repository initialization has completed.
11:54:08 INFO  : Successfully done query RDI_DATADIR 
11:55:12 INFO  : Result from executing command 'getProjects': design_1_wrapper
11:55:12 INFO  : Result from executing command 'getPlatforms': design_1_wrapper|E:/Zedboard/1DCFNN/1DCFNN_SYSTEM/SDK/design_1_wrapper/export/design_1_wrapper/design_1_wrapper.xpfm
11:55:14 INFO  : Checking for BSP changes to sync application flags for project '1DCFNN'...
11:55:25 INFO  : Connected to target on host '127.0.0.1' and port '3121'.
11:55:26 INFO  : Jtag cable 'Digilent Zed 210248685375' is selected.
11:55:26 INFO  : 'jtag frequency' command is executed.
11:55:26 INFO  : Context for 'APU' is selected.
11:55:26 INFO  : System reset is completed.
11:55:29 INFO  : 'after 3000' command is executed.
11:55:29 INFO  : 'targets -set -filter {jtag_cable_name =~ "Digilent Zed 210248685375" && level==0 && jtag_device_ctx=="jsn-Zed-210248685375-23727093-0"}' command is executed.
11:55:31 INFO  : Device configured successfully with "E:/Zedboard/1DCFNN/1DCFNN_SYSTEM/SDK/1DCFNN/_ide/bitstream/design_1_wrapper.bit"
11:55:31 INFO  : Context for 'APU' is selected.
11:55:32 INFO  : Hardware design and registers information is loaded from 'E:/Zedboard/1DCFNN/1DCFNN_SYSTEM/SDK/design_1_wrapper/export/design_1_wrapper/hw/design_1_wrapper.xsa'.
11:55:32 INFO  : 'configparams force-mem-access 1' command is executed.
11:55:32 INFO  : Context for 'APU' is selected.
11:55:32 INFO  : Sourcing of 'E:/Zedboard/1DCFNN/1DCFNN_SYSTEM/SDK/1DCFNN/_ide/psinit/ps7_init.tcl' is done.
11:55:32 INFO  : 'ps7_init' command is executed.
11:55:32 INFO  : 'ps7_post_config' command is executed.
11:55:32 INFO  : Context for processor 'ps7_cortexa9_0' is selected.
11:55:32 INFO  : The application 'E:/Zedboard/1DCFNN/1DCFNN_SYSTEM/SDK/1DCFNN/Debug/1DCFNN.elf' is downloaded to processor 'ps7_cortexa9_0'.
11:55:32 INFO  : 'configparams force-mem-access 0' command is executed.
11:55:32 INFO  : ----------------XSDB Script----------------
connect -url tcp:127.0.0.1:3121
targets -set -nocase -filter {name =~"APU*"}
rst -system
after 3000
targets -set -filter {jtag_cable_name =~ "Digilent Zed 210248685375" && level==0 && jtag_device_ctx=="jsn-Zed-210248685375-23727093-0"}
fpga -file E:/Zedboard/1DCFNN/1DCFNN_SYSTEM/SDK/1DCFNN/_ide/bitstream/design_1_wrapper.bit
targets -set -nocase -filter {name =~"APU*"}
loadhw -hw E:/Zedboard/1DCFNN/1DCFNN_SYSTEM/SDK/design_1_wrapper/export/design_1_wrapper/hw/design_1_wrapper.xsa -mem-ranges [list {0x40000000 0xbfffffff}] -regs
configparams force-mem-access 1
targets -set -nocase -filter {name =~"APU*"}
source E:/Zedboard/1DCFNN/1DCFNN_SYSTEM/SDK/1DCFNN/_ide/psinit/ps7_init.tcl
ps7_init
ps7_post_config
targets -set -nocase -filter {name =~ "*A9*#0"}
dow E:/Zedboard/1DCFNN/1DCFNN_SYSTEM/SDK/1DCFNN/Debug/1DCFNN.elf
configparams force-mem-access 0
----------------End of Script----------------

11:55:32 INFO  : Context for processor 'ps7_cortexa9_0' is selected.
11:55:32 INFO  : 'con' command is executed.
11:55:32 INFO  : ----------------XSDB Script (After Launch)----------------
targets -set -nocase -filter {name =~ "*A9*#0"}
con
----------------End of Script----------------

11:55:32 INFO  : Launch script is exported to file 'E:\Zedboard\1DCFNN\1DCFNN_SYSTEM\SDK\1DCFNN_system\_ide\scripts\debugger_1dcfnn-default.tcl'
13:59:39 WARN  : Unexpected exception occurred.
java.io.IOException: Command [C 106 xsdb eval "disconnect tcfchan#2"] aborted
	at org.eclipse.tcf.core.AbstractChannel$9.run(AbstractChannel.java:844)
	at org.eclipse.tcf.EventQueue.run(EventQueue.java:98)
	at java.base/java.lang.Thread.run(Thread.java:834)
Caused by: java.net.SocketException: Connection reset
	at java.base/java.net.SocketInputStream.read(SocketInputStream.java:186)
	at java.base/java.net.SocketInputStream.read(SocketInputStream.java:140)
	at java.base/java.io.BufferedInputStream.read1(BufferedInputStream.java:290)
	at java.base/java.io.BufferedInputStream.read(BufferedInputStream.java:351)
	at java.base/java.io.FilterInputStream.read(FilterInputStream.java:107)
	at org.eclipse.tcf.core.ChannelTCP.get(ChannelTCP.java:186)
	at org.eclipse.tcf.core.StreamChannel.read(StreamChannel.java:85)
	at org.eclipse.tcf.core.AbstractChannel$1.run(AbstractChannel.java:329)
