Time resolution is 1 ps
 Block Memory Generator module loading initial data...
 Block Memory Generator data initialization complete.
Block Memory Generator module CFNN_top_tb.u_CFNN_top.u_input_signal.inst.\native_mem_module.blk_mem_gen_v8_4_4_inst  is using a behavioral model for simulation which will not precisely model memory collision behavior.
Block Memory Generator module CFNN_top_tb.u_CFNN_top.u_conv_feature_map_buffer_0.inst.\native_mem_module.blk_mem_gen_v8_4_4_inst  is using a behavioral model for simulation which will not precisely model memory collision behavior.
Block Memory Generator module CFNN_top_tb.u_CFNN_top.u_conv_feature_map_buffer_1.inst.\native_mem_module.blk_mem_gen_v8_4_4_inst  is using a behavioral model for simulation which will not precisely model memory collision behavior.
Block Memory Generator module CFNN_top_tb.u_CFNN_top.u_conv_feature_map_buffer_2.inst.\native_mem_module.blk_mem_gen_v8_4_4_inst  is using a behavioral model for simulation which will not precisely model memory collision behavior.
Block Memory Generator module CFNN_top_tb.u_CFNN_top.u_conv_feature_map_buffer_3.inst.\native_mem_module.blk_mem_gen_v8_4_4_inst  is using a behavioral model for simulation which will not precisely model memory collision behavior.
Block Memory Generator module CFNN_top_tb.u_CFNN_top.u_conv_feature_map_buffer_4.inst.\native_mem_module.blk_mem_gen_v8_4_4_inst  is using a behavioral model for simulation which will not precisely model memory collision behavior.
Block Memory Generator module CFNN_top_tb.u_CFNN_top.u_conv_feature_map_buffer_5.inst.\native_mem_module.blk_mem_gen_v8_4_4_inst  is using a behavioral model for simulation which will not precisely model memory collision behavior.
Block Memory Generator module CFNN_top_tb.u_CFNN_top.u_conv_feature_map_buffer_6.inst.\native_mem_module.blk_mem_gen_v8_4_4_inst  is using a behavioral model for simulation which will not precisely model memory collision behavior.
Block Memory Generator module CFNN_top_tb.u_CFNN_top.u_conv_feature_map_buffer_7.inst.\native_mem_module.blk_mem_gen_v8_4_4_inst  is using a behavioral model for simulation which will not precisely model memory collision behavior.
Block Memory Generator module CFNN_top_tb.u_CFNN_top.u_conv_feature_map_buffer_8.inst.\native_mem_module.blk_mem_gen_v8_4_4_inst  is using a behavioral model for simulation which will not precisely model memory collision behavior.
Block Memory Generator module CFNN_top_tb.u_CFNN_top.u_conv_feature_map_buffer_9.inst.\native_mem_module.blk_mem_gen_v8_4_4_inst  is using a behavioral model for simulation which will not precisely model memory collision behavior.
Block Memory Generator module CFNN_top_tb.u_CFNN_top.u_conv_feature_map_buffer_10.inst.\native_mem_module.blk_mem_gen_v8_4_4_inst  is using a behavioral model for simulation which will not precisely model memory collision behavior.
Block Memory Generator module CFNN_top_tb.u_CFNN_top.u_conv_feature_map_buffer_11.inst.\native_mem_module.blk_mem_gen_v8_4_4_inst  is using a behavioral model for simulation which will not precisely model memory collision behavior.
Block Memory Generator module CFNN_top_tb.u_CFNN_top.u_conv_feature_map_buffer_12.inst.\native_mem_module.blk_mem_gen_v8_4_4_inst  is using a behavioral model for simulation which will not precisely model memory collision behavior.
Block Memory Generator module CFNN_top_tb.u_CFNN_top.u_conv_feature_map_buffer_13.inst.\native_mem_module.blk_mem_gen_v8_4_4_inst  is using a behavioral model for simulation which will not precisely model memory collision behavior.
Block Memory Generator module CFNN_top_tb.u_CFNN_top.u_conv_feature_map_buffer_14.inst.\native_mem_module.blk_mem_gen_v8_4_4_inst  is using a behavioral model for simulation which will not precisely model memory collision behavior.
Block Memory Generator module CFNN_top_tb.u_CFNN_top.u_conv_feature_map_buffer_15.inst.\native_mem_module.blk_mem_gen_v8_4_4_inst  is using a behavioral model for simulation which will not precisely model memory collision behavior.
Block Memory Generator module CFNN_top_tb.u_CFNN_top.u_conv_feature_map_buffer_16.inst.\native_mem_module.blk_mem_gen_v8_4_4_inst  is using a behavioral model for simulation which will not precisely model memory collision behavior.
Block Memory Generator module CFNN_top_tb.u_CFNN_top.u_conv_feature_map_buffer_17.inst.\native_mem_module.blk_mem_gen_v8_4_4_inst  is using a behavioral model for simulation which will not precisely model memory collision behavior.
Block Memory Generator module CFNN_top_tb.u_CFNN_top.u_conv_feature_map_buffer_18.inst.\native_mem_module.blk_mem_gen_v8_4_4_inst  is using a behavioral model for simulation which will not precisely model memory collision behavior.
Block Memory Generator module CFNN_top_tb.u_CFNN_top.u_conv_feature_map_buffer_19.inst.\native_mem_module.blk_mem_gen_v8_4_4_inst  is using a behavioral model for simulation which will not precisely model memory collision behavior.
Block Memory Generator module CFNN_top_tb.u_CFNN_top.u_conv_feature_map_buffer_20.inst.\native_mem_module.blk_mem_gen_v8_4_4_inst  is using a behavioral model for simulation which will not precisely model memory collision behavior.
Block Memory Generator module CFNN_top_tb.u_CFNN_top.u_conv_feature_map_buffer_21.inst.\native_mem_module.blk_mem_gen_v8_4_4_inst  is using a behavioral model for simulation which will not precisely model memory collision behavior.
Block Memory Generator module CFNN_top_tb.u_CFNN_top.u_conv_feature_map_buffer_22.inst.\native_mem_module.blk_mem_gen_v8_4_4_inst  is using a behavioral model for simulation which will not precisely model memory collision behavior.
Block Memory Generator module CFNN_top_tb.u_CFNN_top.u_conv_feature_map_buffer_23.inst.\native_mem_module.blk_mem_gen_v8_4_4_inst  is using a behavioral model for simulation which will not precisely model memory collision behavior.
Block Memory Generator module CFNN_top_tb.u_CFNN_top.u_conv_feature_map_buffer_24.inst.\native_mem_module.blk_mem_gen_v8_4_4_inst  is using a behavioral model for simulation which will not precisely model memory collision behavior.
Block Memory Generator module CFNN_top_tb.u_CFNN_top.u_conv_feature_map_buffer_25.inst.\native_mem_module.blk_mem_gen_v8_4_4_inst  is using a behavioral model for simulation which will not precisely model memory collision behavior.
Block Memory Generator module CFNN_top_tb.u_CFNN_top.u_conv_feature_map_buffer_26.inst.\native_mem_module.blk_mem_gen_v8_4_4_inst  is using a behavioral model for simulation which will not precisely model memory collision behavior.
Block Memory Generator module CFNN_top_tb.u_CFNN_top.u_conv_feature_map_buffer_27.inst.\native_mem_module.blk_mem_gen_v8_4_4_inst  is using a behavioral model for simulation which will not precisely model memory collision behavior.
Block Memory Generator module CFNN_top_tb.u_CFNN_top.u_conv_feature_map_buffer_28.inst.\native_mem_module.blk_mem_gen_v8_4_4_inst  is using a behavioral model for simulation which will not precisely model memory collision behavior.
Block Memory Generator module CFNN_top_tb.u_CFNN_top.u_conv_feature_map_buffer_29.inst.\native_mem_module.blk_mem_gen_v8_4_4_inst  is using a behavioral model for simulation which will not precisely model memory collision behavior.
Block Memory Generator module CFNN_top_tb.u_CFNN_top.u_mp_feature_map_buffer_0.inst.\native_mem_module.blk_mem_gen_v8_4_4_inst  is using a behavioral model for simulation which will not precisely model memory collision behavior.
Block Memory Generator module CFNN_top_tb.u_CFNN_top.u_mp_feature_map_buffer_1.inst.\native_mem_module.blk_mem_gen_v8_4_4_inst  is using a behavioral model for simulation which will not precisely model memory collision behavior.
Block Memory Generator module CFNN_top_tb.u_CFNN_top.u_mp_feature_map_buffer_2.inst.\native_mem_module.blk_mem_gen_v8_4_4_inst  is using a behavioral model for simulation which will not precisely model memory collision behavior.
Block Memory Generator module CFNN_top_tb.u_CFNN_top.u_mp_feature_map_buffer_3.inst.\native_mem_module.blk_mem_gen_v8_4_4_inst  is using a behavioral model for simulation which will not precisely model memory collision behavior.
Block Memory Generator module CFNN_top_tb.u_CFNN_top.u_mp_feature_map_buffer_4.inst.\native_mem_module.blk_mem_gen_v8_4_4_inst  is using a behavioral model for simulation which will not precisely model memory collision behavior.
Block Memory Generator module CFNN_top_tb.u_CFNN_top.u_mp_feature_map_buffer_5.inst.\native_mem_module.blk_mem_gen_v8_4_4_inst  is using a behavioral model for simulation which will not precisely model memory collision behavior.
Block Memory Generator module CFNN_top_tb.u_CFNN_top.u_mp_feature_map_buffer_6.inst.\native_mem_module.blk_mem_gen_v8_4_4_inst  is using a behavioral model for simulation which will not precisely model memory collision behavior.
Block Memory Generator module CFNN_top_tb.u_CFNN_top.u_mp_feature_map_buffer_7.inst.\native_mem_module.blk_mem_gen_v8_4_4_inst  is using a behavioral model for simulation which will not precisely model memory collision behavior.
Block Memory Generator module CFNN_top_tb.u_CFNN_top.u_mp_feature_map_buffer_8.inst.\native_mem_module.blk_mem_gen_v8_4_4_inst  is using a behavioral model for simulation which will not precisely model memory collision behavior.
Block Memory Generator module CFNN_top_tb.u_CFNN_top.u_mp_feature_map_buffer_9.inst.\native_mem_module.blk_mem_gen_v8_4_4_inst  is using a behavioral model for simulation which will not precisely model memory collision behavior.
Block Memory Generator module CFNN_top_tb.u_CFNN_top.u_bn_feature_map_buffer.inst.\native_mem_module.blk_mem_gen_v8_4_4_inst  is using a behavioral model for simulation which will not precisely model memory collision behavior.
Block Memory Generator module CFNN_top_tb.u_CFNN_top.u_fc_feature_map_buffer.inst.\native_mem_module.blk_mem_gen_v8_4_4_inst  is using a behavioral model for simulation which will not precisely model memory collision behavior.
Block Memory Generator module CFNN_top_tb.u_CFNN_top.u_fr_feature_map_buffer.inst.\native_mem_module.blk_mem_gen_v8_4_4_inst  is using a behavioral model for simulation which will not precisely model memory collision behavior.
Block Memory Generator module CFNN_top_tb.u_CFNN_top.u_df_output_buffer.inst.\native_mem_module.blk_mem_gen_v8_4_4_inst  is using a behavioral model for simulation which will not precisely model memory collision behavior.
blk_mem_gen_v8_4_4 WARNING: Address 6 is outside range for A Read
blk_mem_gen_v8_4_4 WARNING: Address 6 is outside range for A Read
blk_mem_gen_v8_4_4 WARNING: Address 6 is outside range for A Read
blk_mem_gen_v8_4_4 WARNING: Address 6 is outside range for A Read
blk_mem_gen_v8_4_4 WARNING: Address 6 is outside range for A Read
blk_mem_gen_v8_4_4 WARNING: Address 6 is outside range for A Read
blk_mem_gen_v8_4_4 WARNING: Address 6 is outside range for A Read
blk_mem_gen_v8_4_4 WARNING: Address 6 is outside range for A Read
blk_mem_gen_v8_4_4 WARNING: Address 6 is outside range for A Read
blk_mem_gen_v8_4_4 WARNING: Address 6 is outside range for A Read
blk_mem_gen_v8_4_4 WARNING: Address 7 is outside range for A Read
blk_mem_gen_v8_4_4 WARNING: Address 7 is outside range for A Read
blk_mem_gen_v8_4_4 WARNING: Address 7 is outside range for A Read
blk_mem_gen_v8_4_4 WARNING: Address 7 is outside range for A Read
blk_mem_gen_v8_4_4 WARNING: Address 7 is outside range for A Read
blk_mem_gen_v8_4_4 WARNING: Address 7 is outside range for A Read
blk_mem_gen_v8_4_4 WARNING: Address 7 is outside range for A Read
blk_mem_gen_v8_4_4 WARNING: Address 7 is outside range for A Read
blk_mem_gen_v8_4_4 WARNING: Address 7 is outside range for A Read
blk_mem_gen_v8_4_4 WARNING: Address 7 is outside range for A Read
blk_mem_gen_v8_4_4 WARNING: Address 7 is outside range for A Read
blk_mem_gen_v8_4_4 WARNING: Address 7 is outside range for A Read
blk_mem_gen_v8_4_4 WARNING: Address 7 is outside range for A Read
blk_mem_gen_v8_4_4 WARNING: Address 7 is outside range for A Read
blk_mem_gen_v8_4_4 WARNING: Address 7 is outside range for A Read
blk_mem_gen_v8_4_4 WARNING: Address 7 is outside range for A Read
blk_mem_gen_v8_4_4 WARNING: Address 7 is outside range for A Read
blk_mem_gen_v8_4_4 WARNING: Address 7 is outside range for A Read
blk_mem_gen_v8_4_4 WARNING: Address 7 is outside range for A Read
blk_mem_gen_v8_4_4 WARNING: Address 7 is outside range for A Read
blk_mem_gen_v8_4_4 WARNING: Address 7 is outside range for A Read
blk_mem_gen_v8_4_4 WARNING: Address 7 is outside range for A Read
blk_mem_gen_v8_4_4 WARNING: Address 7 is outside range for A Read
blk_mem_gen_v8_4_4 WARNING: Address 7 is outside range for A Read
blk_mem_gen_v8_4_4 WARNING: Address 7 is outside range for A Read
blk_mem_gen_v8_4_4 WARNING: Address 7 is outside range for A Read
blk_mem_gen_v8_4_4 WARNING: Address 7 is outside range for A Read
blk_mem_gen_v8_4_4 WARNING: Address 7 is outside range for A Read
blk_mem_gen_v8_4_4 WARNING: Address 7 is outside range for A Read
blk_mem_gen_v8_4_4 WARNING: Address 7 is outside range for A Read
blk_mem_gen_v8_4_4 WARNING: Address 7 is outside range for A Read
blk_mem_gen_v8_4_4 WARNING: Address 7 is outside range for A Read
blk_mem_gen_v8_4_4 WARNING: Address 7 is outside range for A Read
blk_mem_gen_v8_4_4 WARNING: Address 7 is outside range for A Read
blk_mem_gen_v8_4_4 WARNING: Address 7 is outside range for A Read
blk_mem_gen_v8_4_4 WARNING: Address 7 is outside range for A Read
blk_mem_gen_v8_4_4 WARNING: Address 7 is outside range for A Read
blk_mem_gen_v8_4_4 WARNING: Address 7 is outside range for A Read
blk_mem_gen_v8_4_4 WARNING: Address 7 is outside range for A Read
blk_mem_gen_v8_4_4 WARNING: Address 7 is outside range for A Read
blk_mem_gen_v8_4_4 WARNING: Address 7 is outside range for A Read
blk_mem_gen_v8_4_4 WARNING: Address 7 is outside range for A Read
blk_mem_gen_v8_4_4 WARNING: Address 7 is outside range for A Read
blk_mem_gen_v8_4_4 WARNING: Address 7 is outside range for A Read
blk_mem_gen_v8_4_4 WARNING: Address 7 is outside range for A Read
blk_mem_gen_v8_4_4 WARNING: Address 7 is outside range for A Read
blk_mem_gen_v8_4_4 WARNING: Address 7 is outside range for A Read
blk_mem_gen_v8_4_4 WARNING: Address 7 is outside range for A Read
blk_mem_gen_v8_4_4 WARNING: Address 7 is outside range for A Read
blk_mem_gen_v8_4_4 WARNING: Address 7 is outside range for A Read
blk_mem_gen_v8_4_4 WARNING: Address 7 is outside range for A Read
blk_mem_gen_v8_4_4 WARNING: Address 7 is outside range for A Read
blk_mem_gen_v8_4_4 WARNING: Address 7 is outside range for A Read
blk_mem_gen_v8_4_4 WARNING: Address 7 is outside range for A Read
blk_mem_gen_v8_4_4 WARNING: Address 7 is outside range for A Read
blk_mem_gen_v8_4_4 WARNING: Address 7 is outside range for A Read
blk_mem_gen_v8_4_4 WARNING: Address 7 is outside range for A Read
blk_mem_gen_v8_4_4 WARNING: Address 7 is outside range for A Read
blk_mem_gen_v8_4_4 WARNING: Address 7 is outside range for A Read
blk_mem_gen_v8_4_4 WARNING: Address 7 is outside range for A Read
blk_mem_gen_v8_4_4 WARNING: Address 6 is outside range for A Read
blk_mem_gen_v8_4_4 WARNING: Address 6 is outside range for A Read
blk_mem_gen_v8_4_4 WARNING: Address 6 is outside range for A Read
blk_mem_gen_v8_4_4 WARNING: Address 6 is outside range for A Read
blk_mem_gen_v8_4_4 WARNING: Address 6 is outside range for A Read
blk_mem_gen_v8_4_4 WARNING: Address 6 is outside range for A Read
blk_mem_gen_v8_4_4 WARNING: Address 6 is outside range for A Read
blk_mem_gen_v8_4_4 WARNING: Address 6 is outside range for A Read
blk_mem_gen_v8_4_4 WARNING: Address 6 is outside range for A Read
blk_mem_gen_v8_4_4 WARNING: Address 6 is outside range for A Read
blk_mem_gen_v8_4_4 WARNING: Address 7 is outside range for A Read
blk_mem_gen_v8_4_4 WARNING: Address 7 is outside range for A Read
blk_mem_gen_v8_4_4 WARNING: Address 7 is outside range for A Read
blk_mem_gen_v8_4_4 WARNING: Address 7 is outside range for A Read
blk_mem_gen_v8_4_4 WARNING: Address 7 is outside range for A Read
blk_mem_gen_v8_4_4 WARNING: Address 7 is outside range for A Read
blk_mem_gen_v8_4_4 WARNING: Address 7 is outside range for A Read
blk_mem_gen_v8_4_4 WARNING: Address 7 is outside range for A Read
blk_mem_gen_v8_4_4 WARNING: Address 7 is outside range for A Read
blk_mem_gen_v8_4_4 WARNING: Address 7 is outside range for A Read
blk_mem_gen_v8_4_4 WARNING: Address 7 is outside range for A Read
blk_mem_gen_v8_4_4 WARNING: Address 7 is outside range for A Read
blk_mem_gen_v8_4_4 WARNING: Address 7 is outside range for A Read
blk_mem_gen_v8_4_4 WARNING: Address 7 is outside range for A Read
blk_mem_gen_v8_4_4 WARNING: Address 7 is outside range for A Read
blk_mem_gen_v8_4_4 WARNING: Address 7 is outside range for A Read
blk_mem_gen_v8_4_4 WARNING: Address 7 is outside range for A Read
blk_mem_gen_v8_4_4 WARNING: Address 7 is outside range for A Read
blk_mem_gen_v8_4_4 WARNING: Address 7 is outside range for A Read
blk_mem_gen_v8_4_4 WARNING: Address 7 is outside range for A Read
blk_mem_gen_v8_4_4 WARNING: Address 7 is outside range for A Read
blk_mem_gen_v8_4_4 WARNING: Address 7 is outside range for A Read
blk_mem_gen_v8_4_4 WARNING: Address 7 is outside range for A Read
blk_mem_gen_v8_4_4 WARNING: Address 7 is outside range for A Read
blk_mem_gen_v8_4_4 WARNING: Address 7 is outside range for A Read
blk_mem_gen_v8_4_4 WARNING: Address 7 is outside range for A Read
blk_mem_gen_v8_4_4 WARNING: Address 7 is outside range for A Read
blk_mem_gen_v8_4_4 WARNING: Address 7 is outside range for A Read
blk_mem_gen_v8_4_4 WARNING: Address 7 is outside range for A Read
blk_mem_gen_v8_4_4 WARNING: Address 7 is outside range for A Read
blk_mem_gen_v8_4_4 WARNING: Address 7 is outside range for A Read
blk_mem_gen_v8_4_4 WARNING: Address 7 is outside range for A Read
blk_mem_gen_v8_4_4 WARNING: Address 7 is outside range for A Read
blk_mem_gen_v8_4_4 WARNING: Address 7 is outside range for A Read
blk_mem_gen_v8_4_4 WARNING: Address 7 is outside range for A Read
blk_mem_gen_v8_4_4 WARNING: Address 7 is outside range for A Read
blk_mem_gen_v8_4_4 WARNING: Address 7 is outside range for A Read
blk_mem_gen_v8_4_4 WARNING: Address 7 is outside range for A Read
blk_mem_gen_v8_4_4 WARNING: Address 7 is outside range for A Read
blk_mem_gen_v8_4_4 WARNING: Address 7 is outside range for A Read
blk_mem_gen_v8_4_4 WARNING: Address 7 is outside range for A Read
blk_mem_gen_v8_4_4 WARNING: Address 7 is outside range for A Read
blk_mem_gen_v8_4_4 WARNING: Address 7 is outside range for A Read
blk_mem_gen_v8_4_4 WARNING: Address 7 is outside range for A Read
blk_mem_gen_v8_4_4 WARNING: Address 7 is outside range for A Read
blk_mem_gen_v8_4_4 WARNING: Address 7 is outside range for A Read
blk_mem_gen_v8_4_4 WARNING: Address 7 is outside range for A Read
blk_mem_gen_v8_4_4 WARNING: Address 7 is outside range for A Read
blk_mem_gen_v8_4_4 WARNING: Address 7 is outside range for A Read
blk_mem_gen_v8_4_4 WARNING: Address 7 is outside range for A Read
blk_mem_gen_v8_4_4 WARNING: Address 7 is outside range for A Read
blk_mem_gen_v8_4_4 WARNING: Address 7 is outside range for A Read
blk_mem_gen_v8_4_4 WARNING: Address 7 is outside range for A Read
blk_mem_gen_v8_4_4 WARNING: Address 7 is outside range for A Read
blk_mem_gen_v8_4_4 WARNING: Address 7 is outside range for A Read
blk_mem_gen_v8_4_4 WARNING: Address 7 is outside range for A Read
blk_mem_gen_v8_4_4 WARNING: Address 7 is outside range for A Read
blk_mem_gen_v8_4_4 WARNING: Address 7 is outside range for A Read
blk_mem_gen_v8_4_4 WARNING: Address 7 is outside range for A Read
blk_mem_gen_v8_4_4 WARNING: Address 7 is outside range for A Read
blk_mem_gen_v8_4_4 WARNING: Address 6 is outside range for A Read
blk_mem_gen_v8_4_4 WARNING: Address 6 is outside range for A Read
blk_mem_gen_v8_4_4 WARNING: Address 6 is outside range for A Read
blk_mem_gen_v8_4_4 WARNING: Address 6 is outside range for A Read
blk_mem_gen_v8_4_4 WARNING: Address 6 is outside range for A Read
blk_mem_gen_v8_4_4 WARNING: Address 6 is outside range for A Read
blk_mem_gen_v8_4_4 WARNING: Address 6 is outside range for A Read
blk_mem_gen_v8_4_4 WARNING: Address 6 is outside range for A Read
blk_mem_gen_v8_4_4 WARNING: Address 6 is outside range for A Read
blk_mem_gen_v8_4_4 WARNING: Address 6 is outside range for A Read
blk_mem_gen_v8_4_4 WARNING: Address 7 is outside range for A Read
blk_mem_gen_v8_4_4 WARNING: Address 7 is outside range for A Read
blk_mem_gen_v8_4_4 WARNING: Address 7 is outside range for A Read
blk_mem_gen_v8_4_4 WARNING: Address 7 is outside range for A Read
blk_mem_gen_v8_4_4 WARNING: Address 7 is outside range for A Read
blk_mem_gen_v8_4_4 WARNING: Address 7 is outside range for A Read
blk_mem_gen_v8_4_4 WARNING: Address 7 is outside range for A Read
blk_mem_gen_v8_4_4 WARNING: Address 7 is outside range for A Read
blk_mem_gen_v8_4_4 WARNING: Address 7 is outside range for A Read
blk_mem_gen_v8_4_4 WARNING: Address 7 is outside range for A Read
blk_mem_gen_v8_4_4 WARNING: Address 7 is outside range for A Read
blk_mem_gen_v8_4_4 WARNING: Address 7 is outside range for A Read
blk_mem_gen_v8_4_4 WARNING: Address 7 is outside range for A Read
blk_mem_gen_v8_4_4 WARNING: Address 7 is outside range for A Read
blk_mem_gen_v8_4_4 WARNING: Address 7 is outside range for A Read
blk_mem_gen_v8_4_4 WARNING: Address 7 is outside range for A Read
blk_mem_gen_v8_4_4 WARNING: Address 7 is outside range for A Read
blk_mem_gen_v8_4_4 WARNING: Address 7 is outside range for A Read
blk_mem_gen_v8_4_4 WARNING: Address 7 is outside range for A Read
blk_mem_gen_v8_4_4 WARNING: Address 7 is outside range for A Read
blk_mem_gen_v8_4_4 WARNING: Address 7 is outside range for A Read
blk_mem_gen_v8_4_4 WARNING: Address 7 is outside range for A Read
blk_mem_gen_v8_4_4 WARNING: Address 7 is outside range for A Read
blk_mem_gen_v8_4_4 WARNING: Address 7 is outside range for A Read
blk_mem_gen_v8_4_4 WARNING: Address 7 is outside range for A Read
blk_mem_gen_v8_4_4 WARNING: Address 7 is outside range for A Read
blk_mem_gen_v8_4_4 WARNING: Address 7 is outside range for A Read
blk_mem_gen_v8_4_4 WARNING: Address 7 is outside range for A Read
blk_mem_gen_v8_4_4 WARNING: Address 7 is outside range for A Read
blk_mem_gen_v8_4_4 WARNING: Address 7 is outside range for A Read
blk_mem_gen_v8_4_4 WARNING: Address 7 is outside range for A Read
blk_mem_gen_v8_4_4 WARNING: Address 7 is outside range for A Read
blk_mem_gen_v8_4_4 WARNING: Address 7 is outside range for A Read
blk_mem_gen_v8_4_4 WARNING: Address 7 is outside range for A Read
blk_mem_gen_v8_4_4 WARNING: Address 7 is outside range for A Read
blk_mem_gen_v8_4_4 WARNING: Address 7 is outside range for A Read
blk_mem_gen_v8_4_4 WARNING: Address 7 is outside range for A Read
blk_mem_gen_v8_4_4 WARNING: Address 7 is outside range for A Read
blk_mem_gen_v8_4_4 WARNING: Address 7 is outside range for A Read
blk_mem_gen_v8_4_4 WARNING: Address 7 is outside range for A Read
blk_mem_gen_v8_4_4 WARNING: Address 7 is outside range for A Read
blk_mem_gen_v8_4_4 WARNING: Address 7 is outside range for A Read
blk_mem_gen_v8_4_4 WARNING: Address 7 is outside range for A Read
blk_mem_gen_v8_4_4 WARNING: Address 7 is outside range for A Read
blk_mem_gen_v8_4_4 WARNING: Address 7 is outside range for A Read
blk_mem_gen_v8_4_4 WARNING: Address 7 is outside range for A Read
blk_mem_gen_v8_4_4 WARNING: Address 7 is outside range for A Read
blk_mem_gen_v8_4_4 WARNING: Address 7 is outside range for A Read
blk_mem_gen_v8_4_4 WARNING: Address 7 is outside range for A Read
blk_mem_gen_v8_4_4 WARNING: Address 7 is outside range for A Read
blk_mem_gen_v8_4_4 WARNING: Address 7 is outside range for A Read
blk_mem_gen_v8_4_4 WARNING: Address 7 is outside range for A Read
blk_mem_gen_v8_4_4 WARNING: Address 7 is outside range for A Read
blk_mem_gen_v8_4_4 WARNING: Address 7 is outside range for A Read
blk_mem_gen_v8_4_4 WARNING: Address 7 is outside range for A Read
blk_mem_gen_v8_4_4 WARNING: Address 7 is outside range for A Read
blk_mem_gen_v8_4_4 WARNING: Address 7 is outside range for A Read
blk_mem_gen_v8_4_4 WARNING: Address 7 is outside range for A Read
blk_mem_gen_v8_4_4 WARNING: Address 7 is outside range for A Read
blk_mem_gen_v8_4_4 WARNING: Address 7 is outside range for A Read
blk_mem_gen_v8_4_4 WARNING: Address 6 is outside range for A Read
blk_mem_gen_v8_4_4 WARNING: Address 6 is outside range for A Read
blk_mem_gen_v8_4_4 WARNING: Address 6 is outside range for A Read
blk_mem_gen_v8_4_4 WARNING: Address 6 is outside range for A Read
blk_mem_gen_v8_4_4 WARNING: Address 6 is outside range for A Read
blk_mem_gen_v8_4_4 WARNING: Address 6 is outside range for A Read
blk_mem_gen_v8_4_4 WARNING: Address 6 is outside range for A Read
blk_mem_gen_v8_4_4 WARNING: Address 6 is outside range for A Read
blk_mem_gen_v8_4_4 WARNING: Address 6 is outside range for A Read
blk_mem_gen_v8_4_4 WARNING: Address 6 is outside range for A Read
blk_mem_gen_v8_4_4 WARNING: Address 7 is outside range for A Read
blk_mem_gen_v8_4_4 WARNING: Address 7 is outside range for A Read
blk_mem_gen_v8_4_4 WARNING: Address 7 is outside range for A Read
blk_mem_gen_v8_4_4 WARNING: Address 7 is outside range for A Read
blk_mem_gen_v8_4_4 WARNING: Address 7 is outside range for A Read
blk_mem_gen_v8_4_4 WARNING: Address 7 is outside range for A Read
blk_mem_gen_v8_4_4 WARNING: Address 7 is outside range for A Read
blk_mem_gen_v8_4_4 WARNING: Address 7 is outside range for A Read
blk_mem_gen_v8_4_4 WARNING: Address 7 is outside range for A Read
blk_mem_gen_v8_4_4 WARNING: Address 7 is outside range for A Read
blk_mem_gen_v8_4_4 WARNING: Address 7 is outside range for A Read
blk_mem_gen_v8_4_4 WARNING: Address 7 is outside range for A Read
blk_mem_gen_v8_4_4 WARNING: Address 7 is outside range for A Read
blk_mem_gen_v8_4_4 WARNING: Address 7 is outside range for A Read
blk_mem_gen_v8_4_4 WARNING: Address 7 is outside range for A Read
blk_mem_gen_v8_4_4 WARNING: Address 7 is outside range for A Read
blk_mem_gen_v8_4_4 WARNING: Address 7 is outside range for A Read
blk_mem_gen_v8_4_4 WARNING: Address 7 is outside range for A Read
blk_mem_gen_v8_4_4 WARNING: Address 7 is outside range for A Read
blk_mem_gen_v8_4_4 WARNING: Address 7 is outside range for A Read
blk_mem_gen_v8_4_4 WARNING: Address 7 is outside range for A Read
blk_mem_gen_v8_4_4 WARNING: Address 7 is outside range for A Read
blk_mem_gen_v8_4_4 WARNING: Address 7 is outside range for A Read
blk_mem_gen_v8_4_4 WARNING: Address 7 is outside range for A Read
blk_mem_gen_v8_4_4 WARNING: Address 7 is outside range for A Read
blk_mem_gen_v8_4_4 WARNING: Address 7 is outside range for A Read
blk_mem_gen_v8_4_4 WARNING: Address 7 is outside range for A Read
blk_mem_gen_v8_4_4 WARNING: Address 7 is outside range for A Read
blk_mem_gen_v8_4_4 WARNING: Address 7 is outside range for A Read
blk_mem_gen_v8_4_4 WARNING: Address 7 is outside range for A Read
blk_mem_gen_v8_4_4 WARNING: Address 7 is outside range for A Read
blk_mem_gen_v8_4_4 WARNING: Address 7 is outside range for A Read
blk_mem_gen_v8_4_4 WARNING: Address 7 is outside range for A Read
blk_mem_gen_v8_4_4 WARNING: Address 7 is outside range for A Read
blk_mem_gen_v8_4_4 WARNING: Address 7 is outside range for A Read
blk_mem_gen_v8_4_4 WARNING: Address 7 is outside range for A Read
blk_mem_gen_v8_4_4 WARNING: Address 7 is outside range for A Read
blk_mem_gen_v8_4_4 WARNING: Address 7 is outside range for A Read
blk_mem_gen_v8_4_4 WARNING: Address 7 is outside range for A Read
blk_mem_gen_v8_4_4 WARNING: Address 7 is outside range for A Read
blk_mem_gen_v8_4_4 WARNING: Address 7 is outside range for A Read
blk_mem_gen_v8_4_4 WARNING: Address 7 is outside range for A Read
blk_mem_gen_v8_4_4 WARNING: Address 7 is outside range for A Read
blk_mem_gen_v8_4_4 WARNING: Address 7 is outside range for A Read
blk_mem_gen_v8_4_4 WARNING: Address 7 is outside range for A Read
blk_mem_gen_v8_4_4 WARNING: Address 7 is outside range for A Read
blk_mem_gen_v8_4_4 WARNING: Address 7 is outside range for A Read
blk_mem_gen_v8_4_4 WARNING: Address 7 is outside range for A Read
blk_mem_gen_v8_4_4 WARNING: Address 7 is outside range for A Read
blk_mem_gen_v8_4_4 WARNING: Address 7 is outside range for A Read
blk_mem_gen_v8_4_4 WARNING: Address 7 is outside range for A Read
blk_mem_gen_v8_4_4 WARNING: Address 7 is outside range for A Read
blk_mem_gen_v8_4_4 WARNING: Address 7 is outside range for A Read
blk_mem_gen_v8_4_4 WARNING: Address 7 is outside range for A Read
blk_mem_gen_v8_4_4 WARNING: Address 7 is outside range for A Read
blk_mem_gen_v8_4_4 WARNING: Address 7 is outside range for A Read
blk_mem_gen_v8_4_4 WARNING: Address 7 is outside range for A Read
blk_mem_gen_v8_4_4 WARNING: Address 7 is outside range for A Read
blk_mem_gen_v8_4_4 WARNING: Address 7 is outside range for A Read
blk_mem_gen_v8_4_4 WARNING: Address 7 is outside range for A Read
blk_mem_gen_v8_4_4 WARNING: Address 6 is outside range for A Read
blk_mem_gen_v8_4_4 WARNING: Address 6 is outside range for A Read
blk_mem_gen_v8_4_4 WARNING: Address 6 is outside range for A Read
blk_mem_gen_v8_4_4 WARNING: Address 6 is outside range for A Read
blk_mem_gen_v8_4_4 WARNING: Address 6 is outside range for A Read
blk_mem_gen_v8_4_4 WARNING: Address 6 is outside range for A Read
blk_mem_gen_v8_4_4 WARNING: Address 6 is outside range for A Read
blk_mem_gen_v8_4_4 WARNING: Address 6 is outside range for A Read
blk_mem_gen_v8_4_4 WARNING: Address 6 is outside range for A Read
blk_mem_gen_v8_4_4 WARNING: Address 6 is outside range for A Read
blk_mem_gen_v8_4_4 WARNING: Address 7 is outside range for A Read
blk_mem_gen_v8_4_4 WARNING: Address 7 is outside range for A Read
blk_mem_gen_v8_4_4 WARNING: Address 7 is outside range for A Read
blk_mem_gen_v8_4_4 WARNING: Address 7 is outside range for A Read
blk_mem_gen_v8_4_4 WARNING: Address 7 is outside range for A Read
blk_mem_gen_v8_4_4 WARNING: Address 7 is outside range for A Read
blk_mem_gen_v8_4_4 WARNING: Address 7 is outside range for A Read
blk_mem_gen_v8_4_4 WARNING: Address 7 is outside range for A Read
blk_mem_gen_v8_4_4 WARNING: Address 7 is outside range for A Read
blk_mem_gen_v8_4_4 WARNING: Address 7 is outside range for A Read
blk_mem_gen_v8_4_4 WARNING: Address 7 is outside range for A Read
blk_mem_gen_v8_4_4 WARNING: Address 7 is outside range for A Read
blk_mem_gen_v8_4_4 WARNING: Address 7 is outside range for A Read
blk_mem_gen_v8_4_4 WARNING: Address 7 is outside range for A Read
blk_mem_gen_v8_4_4 WARNING: Address 7 is outside range for A Read
blk_mem_gen_v8_4_4 WARNING: Address 7 is outside range for A Read
blk_mem_gen_v8_4_4 WARNING: Address 7 is outside range for A Read
blk_mem_gen_v8_4_4 WARNING: Address 7 is outside range for A Read
blk_mem_gen_v8_4_4 WARNING: Address 7 is outside range for A Read
blk_mem_gen_v8_4_4 WARNING: Address 7 is outside range for A Read
blk_mem_gen_v8_4_4 WARNING: Address 7 is outside range for A Read
blk_mem_gen_v8_4_4 WARNING: Address 7 is outside range for A Read
blk_mem_gen_v8_4_4 WARNING: Address 7 is outside range for A Read
blk_mem_gen_v8_4_4 WARNING: Address 7 is outside range for A Read
blk_mem_gen_v8_4_4 WARNING: Address 7 is outside range for A Read
blk_mem_gen_v8_4_4 WARNING: Address 7 is outside range for A Read
blk_mem_gen_v8_4_4 WARNING: Address 7 is outside range for A Read
blk_mem_gen_v8_4_4 WARNING: Address 7 is outside range for A Read
blk_mem_gen_v8_4_4 WARNING: Address 7 is outside range for A Read
blk_mem_gen_v8_4_4 WARNING: Address 7 is outside range for A Read
blk_mem_gen_v8_4_4 WARNING: Address 7 is outside range for A Read
blk_mem_gen_v8_4_4 WARNING: Address 7 is outside range for A Read
blk_mem_gen_v8_4_4 WARNING: Address 7 is outside range for A Read
blk_mem_gen_v8_4_4 WARNING: Address 7 is outside range for A Read
blk_mem_gen_v8_4_4 WARNING: Address 7 is outside range for A Read
blk_mem_gen_v8_4_4 WARNING: Address 7 is outside range for A Read
blk_mem_gen_v8_4_4 WARNING: Address 7 is outside range for A Read
blk_mem_gen_v8_4_4 WARNING: Address 7 is outside range for A Read
blk_mem_gen_v8_4_4 WARNING: Address 7 is outside range for A Read
blk_mem_gen_v8_4_4 WARNING: Address 7 is outside range for A Read
blk_mem_gen_v8_4_4 WARNING: Address 7 is outside range for A Read
blk_mem_gen_v8_4_4 WARNING: Address 7 is outside range for A Read
blk_mem_gen_v8_4_4 WARNING: Address 7 is outside range for A Read
blk_mem_gen_v8_4_4 WARNING: Address 7 is outside range for A Read
blk_mem_gen_v8_4_4 WARNING: Address 7 is outside range for A Read
blk_mem_gen_v8_4_4 WARNING: Address 7 is outside range for A Read
blk_mem_gen_v8_4_4 WARNING: Address 7 is outside range for A Read
blk_mem_gen_v8_4_4 WARNING: Address 7 is outside range for A Read
blk_mem_gen_v8_4_4 WARNING: Address 7 is outside range for A Read
blk_mem_gen_v8_4_4 WARNING: Address 7 is outside range for A Read
blk_mem_gen_v8_4_4 WARNING: Address 7 is outside range for A Read
blk_mem_gen_v8_4_4 WARNING: Address 7 is outside range for A Read
blk_mem_gen_v8_4_4 WARNING: Address 7 is outside range for A Read
blk_mem_gen_v8_4_4 WARNING: Address 7 is outside range for A Read
blk_mem_gen_v8_4_4 WARNING: Address 7 is outside range for A Read
blk_mem_gen_v8_4_4 WARNING: Address 7 is outside range for A Read
blk_mem_gen_v8_4_4 WARNING: Address 7 is outside range for A Read
blk_mem_gen_v8_4_4 WARNING: Address 7 is outside range for A Read
blk_mem_gen_v8_4_4 WARNING: Address 7 is outside range for A Read
blk_mem_gen_v8_4_4 WARNING: Address 7 is outside range for A Read
blk_mem_gen_v8_4_4 WARNING: Address 6 is outside range for A Read
blk_mem_gen_v8_4_4 WARNING: Address 6 is outside range for A Read
blk_mem_gen_v8_4_4 WARNING: Address 6 is outside range for A Read
blk_mem_gen_v8_4_4 WARNING: Address 6 is outside range for A Read
blk_mem_gen_v8_4_4 WARNING: Address 6 is outside range for A Read
blk_mem_gen_v8_4_4 WARNING: Address 6 is outside range for A Read
blk_mem_gen_v8_4_4 WARNING: Address 6 is outside range for A Read
blk_mem_gen_v8_4_4 WARNING: Address 6 is outside range for A Read
blk_mem_gen_v8_4_4 WARNING: Address 6 is outside range for A Read
blk_mem_gen_v8_4_4 WARNING: Address 6 is outside range for A Read
blk_mem_gen_v8_4_4 WARNING: Address 7 is outside range for A Read
blk_mem_gen_v8_4_4 WARNING: Address 7 is outside range for A Read
blk_mem_gen_v8_4_4 WARNING: Address 7 is outside range for A Read
blk_mem_gen_v8_4_4 WARNING: Address 7 is outside range for A Read
blk_mem_gen_v8_4_4 WARNING: Address 7 is outside range for A Read
blk_mem_gen_v8_4_4 WARNING: Address 7 is outside range for A Read
blk_mem_gen_v8_4_4 WARNING: Address 7 is outside range for A Read
blk_mem_gen_v8_4_4 WARNING: Address 7 is outside range for A Read
blk_mem_gen_v8_4_4 WARNING: Address 7 is outside range for A Read
blk_mem_gen_v8_4_4 WARNING: Address 7 is outside range for A Read
blk_mem_gen_v8_4_4 WARNING: Address 7 is outside range for A Read
blk_mem_gen_v8_4_4 WARNING: Address 7 is outside range for A Read
blk_mem_gen_v8_4_4 WARNING: Address 7 is outside range for A Read
blk_mem_gen_v8_4_4 WARNING: Address 7 is outside range for A Read
blk_mem_gen_v8_4_4 WARNING: Address 7 is outside range for A Read
blk_mem_gen_v8_4_4 WARNING: Address 7 is outside range for A Read
blk_mem_gen_v8_4_4 WARNING: Address 7 is outside range for A Read
blk_mem_gen_v8_4_4 WARNING: Address 7 is outside range for A Read
blk_mem_gen_v8_4_4 WARNING: Address 7 is outside range for A Read
blk_mem_gen_v8_4_4 WARNING: Address 7 is outside range for A Read
blk_mem_gen_v8_4_4 WARNING: Address 7 is outside range for A Read
blk_mem_gen_v8_4_4 WARNING: Address 7 is outside range for A Read
blk_mem_gen_v8_4_4 WARNING: Address 7 is outside range for A Read
blk_mem_gen_v8_4_4 WARNING: Address 7 is outside range for A Read
blk_mem_gen_v8_4_4 WARNING: Address 7 is outside range for A Read
blk_mem_gen_v8_4_4 WARNING: Address 7 is outside range for A Read
blk_mem_gen_v8_4_4 WARNING: Address 7 is outside range for A Read
blk_mem_gen_v8_4_4 WARNING: Address 7 is outside range for A Read
blk_mem_gen_v8_4_4 WARNING: Address 7 is outside range for A Read
blk_mem_gen_v8_4_4 WARNING: Address 7 is outside range for A Read
blk_mem_gen_v8_4_4 WARNING: Address 7 is outside range for A Read
blk_mem_gen_v8_4_4 WARNING: Address 7 is outside range for A Read
blk_mem_gen_v8_4_4 WARNING: Address 7 is outside range for A Read
blk_mem_gen_v8_4_4 WARNING: Address 7 is outside range for A Read
blk_mem_gen_v8_4_4 WARNING: Address 7 is outside range for A Read
blk_mem_gen_v8_4_4 WARNING: Address 7 is outside range for A Read
blk_mem_gen_v8_4_4 WARNING: Address 7 is outside range for A Read
blk_mem_gen_v8_4_4 WARNING: Address 7 is outside range for A Read
blk_mem_gen_v8_4_4 WARNING: Address 7 is outside range for A Read
blk_mem_gen_v8_4_4 WARNING: Address 7 is outside range for A Read
blk_mem_gen_v8_4_4 WARNING: Address 7 is outside range for A Read
blk_mem_gen_v8_4_4 WARNING: Address 7 is outside range for A Read
blk_mem_gen_v8_4_4 WARNING: Address 7 is outside range for A Read
blk_mem_gen_v8_4_4 WARNING: Address 7 is outside range for A Read
blk_mem_gen_v8_4_4 WARNING: Address 7 is outside range for A Read
blk_mem_gen_v8_4_4 WARNING: Address 7 is outside range for A Read
blk_mem_gen_v8_4_4 WARNING: Address 7 is outside range for A Read
blk_mem_gen_v8_4_4 WARNING: Address 7 is outside range for A Read
blk_mem_gen_v8_4_4 WARNING: Address 7 is outside range for A Read
blk_mem_gen_v8_4_4 WARNING: Address 7 is outside range for A Read
blk_mem_gen_v8_4_4 WARNING: Address 7 is outside range for A Read
blk_mem_gen_v8_4_4 WARNING: Address 7 is outside range for A Read
blk_mem_gen_v8_4_4 WARNING: Address 7 is outside range for A Read
blk_mem_gen_v8_4_4 WARNING: Address 7 is outside range for A Read
blk_mem_gen_v8_4_4 WARNING: Address 7 is outside range for A Read
blk_mem_gen_v8_4_4 WARNING: Address 7 is outside range for A Read
blk_mem_gen_v8_4_4 WARNING: Address 7 is outside range for A Read
blk_mem_gen_v8_4_4 WARNING: Address 7 is outside range for A Read
blk_mem_gen_v8_4_4 WARNING: Address 7 is outside range for A Read
blk_mem_gen_v8_4_4 WARNING: Address 7 is outside range for A Read
blk_mem_gen_v8_4_4 WARNING: Address 6 is outside range for A Read
blk_mem_gen_v8_4_4 WARNING: Address 6 is outside range for A Read
blk_mem_gen_v8_4_4 WARNING: Address 6 is outside range for A Read
blk_mem_gen_v8_4_4 WARNING: Address 6 is outside range for A Read
blk_mem_gen_v8_4_4 WARNING: Address 6 is outside range for A Read
blk_mem_gen_v8_4_4 WARNING: Address 6 is outside range for A Read
blk_mem_gen_v8_4_4 WARNING: Address 6 is outside range for A Read
blk_mem_gen_v8_4_4 WARNING: Address 6 is outside range for A Read
blk_mem_gen_v8_4_4 WARNING: Address 6 is outside range for A Read
blk_mem_gen_v8_4_4 WARNING: Address 6 is outside range for A Read
blk_mem_gen_v8_4_4 WARNING: Address 7 is outside range for A Read
blk_mem_gen_v8_4_4 WARNING: Address 7 is outside range for A Read
blk_mem_gen_v8_4_4 WARNING: Address 7 is outside range for A Read
blk_mem_gen_v8_4_4 WARNING: Address 7 is outside range for A Read
blk_mem_gen_v8_4_4 WARNING: Address 7 is outside range for A Read
blk_mem_gen_v8_4_4 WARNING: Address 7 is outside range for A Read
blk_mem_gen_v8_4_4 WARNING: Address 7 is outside range for A Read
blk_mem_gen_v8_4_4 WARNING: Address 7 is outside range for A Read
blk_mem_gen_v8_4_4 WARNING: Address 7 is outside range for A Read
blk_mem_gen_v8_4_4 WARNING: Address 7 is outside range for A Read
blk_mem_gen_v8_4_4 WARNING: Address 7 is outside range for A Read
blk_mem_gen_v8_4_4 WARNING: Address 7 is outside range for A Read
blk_mem_gen_v8_4_4 WARNING: Address 7 is outside range for A Read
blk_mem_gen_v8_4_4 WARNING: Address 7 is outside range for A Read
blk_mem_gen_v8_4_4 WARNING: Address 7 is outside range for A Read
blk_mem_gen_v8_4_4 WARNING: Address 7 is outside range for A Read
blk_mem_gen_v8_4_4 WARNING: Address 7 is outside range for A Read
blk_mem_gen_v8_4_4 WARNING: Address 7 is outside range for A Read
blk_mem_gen_v8_4_4 WARNING: Address 7 is outside range for A Read
blk_mem_gen_v8_4_4 WARNING: Address 7 is outside range for A Read
blk_mem_gen_v8_4_4 WARNING: Address 7 is outside range for A Read
blk_mem_gen_v8_4_4 WARNING: Address 7 is outside range for A Read
blk_mem_gen_v8_4_4 WARNING: Address 7 is outside range for A Read
blk_mem_gen_v8_4_4 WARNING: Address 7 is outside range for A Read
blk_mem_gen_v8_4_4 WARNING: Address 7 is outside range for A Read
blk_mem_gen_v8_4_4 WARNING: Address 7 is outside range for A Read
blk_mem_gen_v8_4_4 WARNING: Address 7 is outside range for A Read
blk_mem_gen_v8_4_4 WARNING: Address 7 is outside range for A Read
blk_mem_gen_v8_4_4 WARNING: Address 7 is outside range for A Read
blk_mem_gen_v8_4_4 WARNING: Address 7 is outside range for A Read
blk_mem_gen_v8_4_4 WARNING: Address 7 is outside range for A Read
blk_mem_gen_v8_4_4 WARNING: Address 7 is outside range for A Read
blk_mem_gen_v8_4_4 WARNING: Address 7 is outside range for A Read
blk_mem_gen_v8_4_4 WARNING: Address 7 is outside range for A Read
blk_mem_gen_v8_4_4 WARNING: Address 7 is outside range for A Read
blk_mem_gen_v8_4_4 WARNING: Address 7 is outside range for A Read
blk_mem_gen_v8_4_4 WARNING: Address 7 is outside range for A Read
blk_mem_gen_v8_4_4 WARNING: Address 7 is outside range for A Read
blk_mem_gen_v8_4_4 WARNING: Address 7 is outside range for A Read
blk_mem_gen_v8_4_4 WARNING: Address 7 is outside range for A Read
blk_mem_gen_v8_4_4 WARNING: Address 7 is outside range for A Read
blk_mem_gen_v8_4_4 WARNING: Address 7 is outside range for A Read
blk_mem_gen_v8_4_4 WARNING: Address 7 is outside range for A Read
blk_mem_gen_v8_4_4 WARNING: Address 7 is outside range for A Read
blk_mem_gen_v8_4_4 WARNING: Address 7 is outside range for A Read
blk_mem_gen_v8_4_4 WARNING: Address 7 is outside range for A Read
blk_mem_gen_v8_4_4 WARNING: Address 7 is outside range for A Read
blk_mem_gen_v8_4_4 WARNING: Address 7 is outside range for A Read
blk_mem_gen_v8_4_4 WARNING: Address 7 is outside range for A Read
blk_mem_gen_v8_4_4 WARNING: Address 7 is outside range for A Read
blk_mem_gen_v8_4_4 WARNING: Address 7 is outside range for A Read
blk_mem_gen_v8_4_4 WARNING: Address 7 is outside range for A Read
blk_mem_gen_v8_4_4 WARNING: Address 7 is outside range for A Read
blk_mem_gen_v8_4_4 WARNING: Address 7 is outside range for A Read
blk_mem_gen_v8_4_4 WARNING: Address 7 is outside range for A Read
blk_mem_gen_v8_4_4 WARNING: Address 7 is outside range for A Read
blk_mem_gen_v8_4_4 WARNING: Address 7 is outside range for A Read
blk_mem_gen_v8_4_4 WARNING: Address 7 is outside range for A Read
blk_mem_gen_v8_4_4 WARNING: Address 7 is outside range for A Read
blk_mem_gen_v8_4_4 WARNING: Address 7 is outside range for A Read
blk_mem_gen_v8_4_4 WARNING: Address 6 is outside range for A Read
blk_mem_gen_v8_4_4 WARNING: Address 6 is outside range for A Read
blk_mem_gen_v8_4_4 WARNING: Address 6 is outside range for A Read
blk_mem_gen_v8_4_4 WARNING: Address 6 is outside range for A Read
blk_mem_gen_v8_4_4 WARNING: Address 6 is outside range for A Read
blk_mem_gen_v8_4_4 WARNING: Address 6 is outside range for A Read
blk_mem_gen_v8_4_4 WARNING: Address 6 is outside range for A Read
blk_mem_gen_v8_4_4 WARNING: Address 6 is outside range for A Read
blk_mem_gen_v8_4_4 WARNING: Address 6 is outside range for A Read
blk_mem_gen_v8_4_4 WARNING: Address 6 is outside range for A Read
blk_mem_gen_v8_4_4 WARNING: Address 7 is outside range for A Read
blk_mem_gen_v8_4_4 WARNING: Address 7 is outside range for A Read
blk_mem_gen_v8_4_4 WARNING: Address 7 is outside range for A Read
blk_mem_gen_v8_4_4 WARNING: Address 7 is outside range for A Read
blk_mem_gen_v8_4_4 WARNING: Address 7 is outside range for A Read
blk_mem_gen_v8_4_4 WARNING: Address 7 is outside range for A Read
blk_mem_gen_v8_4_4 WARNING: Address 7 is outside range for A Read
blk_mem_gen_v8_4_4 WARNING: Address 7 is outside range for A Read
blk_mem_gen_v8_4_4 WARNING: Address 7 is outside range for A Read
blk_mem_gen_v8_4_4 WARNING: Address 7 is outside range for A Read
blk_mem_gen_v8_4_4 WARNING: Address 7 is outside range for A Read
blk_mem_gen_v8_4_4 WARNING: Address 7 is outside range for A Read
blk_mem_gen_v8_4_4 WARNING: Address 7 is outside range for A Read
blk_mem_gen_v8_4_4 WARNING: Address 7 is outside range for A Read
blk_mem_gen_v8_4_4 WARNING: Address 7 is outside range for A Read
blk_mem_gen_v8_4_4 WARNING: Address 7 is outside range for A Read
blk_mem_gen_v8_4_4 WARNING: Address 7 is outside range for A Read
blk_mem_gen_v8_4_4 WARNING: Address 7 is outside range for A Read
blk_mem_gen_v8_4_4 WARNING: Address 7 is outside range for A Read
blk_mem_gen_v8_4_4 WARNING: Address 7 is outside range for A Read
blk_mem_gen_v8_4_4 WARNING: Address 7 is outside range for A Read
blk_mem_gen_v8_4_4 WARNING: Address 7 is outside range for A Read
blk_mem_gen_v8_4_4 WARNING: Address 7 is outside range for A Read
blk_mem_gen_v8_4_4 WARNING: Address 7 is outside range for A Read
blk_mem_gen_v8_4_4 WARNING: Address 7 is outside range for A Read
blk_mem_gen_v8_4_4 WARNING: Address 7 is outside range for A Read
blk_mem_gen_v8_4_4 WARNING: Address 7 is outside range for A Read
blk_mem_gen_v8_4_4 WARNING: Address 7 is outside range for A Read
blk_mem_gen_v8_4_4 WARNING: Address 7 is outside range for A Read
blk_mem_gen_v8_4_4 WARNING: Address 7 is outside range for A Read
blk_mem_gen_v8_4_4 WARNING: Address 7 is outside range for A Read
blk_mem_gen_v8_4_4 WARNING: Address 7 is outside range for A Read
blk_mem_gen_v8_4_4 WARNING: Address 7 is outside range for A Read
blk_mem_gen_v8_4_4 WARNING: Address 7 is outside range for A Read
blk_mem_gen_v8_4_4 WARNING: Address 7 is outside range for A Read
blk_mem_gen_v8_4_4 WARNING: Address 7 is outside range for A Read
blk_mem_gen_v8_4_4 WARNING: Address 7 is outside range for A Read
blk_mem_gen_v8_4_4 WARNING: Address 7 is outside range for A Read
blk_mem_gen_v8_4_4 WARNING: Address 7 is outside range for A Read
blk_mem_gen_v8_4_4 WARNING: Address 7 is outside range for A Read
blk_mem_gen_v8_4_4 WARNING: Address 7 is outside range for A Read
blk_mem_gen_v8_4_4 WARNING: Address 7 is outside range for A Read
blk_mem_gen_v8_4_4 WARNING: Address 7 is outside range for A Read
blk_mem_gen_v8_4_4 WARNING: Address 7 is outside range for A Read
blk_mem_gen_v8_4_4 WARNING: Address 7 is outside range for A Read
blk_mem_gen_v8_4_4 WARNING: Address 7 is outside range for A Read
blk_mem_gen_v8_4_4 WARNING: Address 7 is outside range for A Read
blk_mem_gen_v8_4_4 WARNING: Address 7 is outside range for A Read
blk_mem_gen_v8_4_4 WARNING: Address 7 is outside range for A Read
blk_mem_gen_v8_4_4 WARNING: Address 7 is outside range for A Read
blk_mem_gen_v8_4_4 WARNING: Address 7 is outside range for A Read
blk_mem_gen_v8_4_4 WARNING: Address 7 is outside range for A Read
blk_mem_gen_v8_4_4 WARNING: Address 7 is outside range for A Read
blk_mem_gen_v8_4_4 WARNING: Address 7 is outside range for A Read
blk_mem_gen_v8_4_4 WARNING: Address 7 is outside range for A Read
blk_mem_gen_v8_4_4 WARNING: Address 7 is outside range for A Read
blk_mem_gen_v8_4_4 WARNING: Address 7 is outside range for A Read
blk_mem_gen_v8_4_4 WARNING: Address 7 is outside range for A Read
blk_mem_gen_v8_4_4 WARNING: Address 7 is outside range for A Read
blk_mem_gen_v8_4_4 WARNING: Address 7 is outside range for A Read
blk_mem_gen_v8_4_4 WARNING: Address 6 is outside range for A Read
blk_mem_gen_v8_4_4 WARNING: Address 6 is outside range for A Read
blk_mem_gen_v8_4_4 WARNING: Address 6 is outside range for A Read
blk_mem_gen_v8_4_4 WARNING: Address 6 is outside range for A Read
blk_mem_gen_v8_4_4 WARNING: Address 6 is outside range for A Read
blk_mem_gen_v8_4_4 WARNING: Address 6 is outside range for A Read
blk_mem_gen_v8_4_4 WARNING: Address 6 is outside range for A Read
blk_mem_gen_v8_4_4 WARNING: Address 6 is outside range for A Read
blk_mem_gen_v8_4_4 WARNING: Address 6 is outside range for A Read
blk_mem_gen_v8_4_4 WARNING: Address 6 is outside range for A Read
blk_mem_gen_v8_4_4 WARNING: Address 7 is outside range for A Read
blk_mem_gen_v8_4_4 WARNING: Address 7 is outside range for A Read
blk_mem_gen_v8_4_4 WARNING: Address 7 is outside range for A Read
blk_mem_gen_v8_4_4 WARNING: Address 7 is outside range for A Read
blk_mem_gen_v8_4_4 WARNING: Address 7 is outside range for A Read
blk_mem_gen_v8_4_4 WARNING: Address 7 is outside range for A Read
blk_mem_gen_v8_4_4 WARNING: Address 7 is outside range for A Read
blk_mem_gen_v8_4_4 WARNING: Address 7 is outside range for A Read
blk_mem_gen_v8_4_4 WARNING: Address 7 is outside range for A Read
blk_mem_gen_v8_4_4 WARNING: Address 7 is outside range for A Read
blk_mem_gen_v8_4_4 WARNING: Address 7 is outside range for A Read
blk_mem_gen_v8_4_4 WARNING: Address 7 is outside range for A Read
blk_mem_gen_v8_4_4 WARNING: Address 7 is outside range for A Read
blk_mem_gen_v8_4_4 WARNING: Address 7 is outside range for A Read
blk_mem_gen_v8_4_4 WARNING: Address 7 is outside range for A Read
blk_mem_gen_v8_4_4 WARNING: Address 7 is outside range for A Read
blk_mem_gen_v8_4_4 WARNING: Address 7 is outside range for A Read
blk_mem_gen_v8_4_4 WARNING: Address 7 is outside range for A Read
blk_mem_gen_v8_4_4 WARNING: Address 7 is outside range for A Read
blk_mem_gen_v8_4_4 WARNING: Address 7 is outside range for A Read
blk_mem_gen_v8_4_4 WARNING: Address 7 is outside range for A Read
blk_mem_gen_v8_4_4 WARNING: Address 7 is outside range for A Read
blk_mem_gen_v8_4_4 WARNING: Address 7 is outside range for A Read
blk_mem_gen_v8_4_4 WARNING: Address 7 is outside range for A Read
blk_mem_gen_v8_4_4 WARNING: Address 7 is outside range for A Read
blk_mem_gen_v8_4_4 WARNING: Address 7 is outside range for A Read
blk_mem_gen_v8_4_4 WARNING: Address 7 is outside range for A Read
blk_mem_gen_v8_4_4 WARNING: Address 7 is outside range for A Read
blk_mem_gen_v8_4_4 WARNING: Address 7 is outside range for A Read
blk_mem_gen_v8_4_4 WARNING: Address 7 is outside range for A Read
blk_mem_gen_v8_4_4 WARNING: Address 7 is outside range for A Read
blk_mem_gen_v8_4_4 WARNING: Address 7 is outside range for A Read
blk_mem_gen_v8_4_4 WARNING: Address 7 is outside range for A Read
blk_mem_gen_v8_4_4 WARNING: Address 7 is outside range for A Read
blk_mem_gen_v8_4_4 WARNING: Address 7 is outside range for A Read
blk_mem_gen_v8_4_4 WARNING: Address 7 is outside range for A Read
blk_mem_gen_v8_4_4 WARNING: Address 7 is outside range for A Read
blk_mem_gen_v8_4_4 WARNING: Address 7 is outside range for A Read
blk_mem_gen_v8_4_4 WARNING: Address 7 is outside range for A Read
blk_mem_gen_v8_4_4 WARNING: Address 7 is outside range for A Read
blk_mem_gen_v8_4_4 WARNING: Address 7 is outside range for A Read
blk_mem_gen_v8_4_4 WARNING: Address 7 is outside range for A Read
blk_mem_gen_v8_4_4 WARNING: Address 7 is outside range for A Read
blk_mem_gen_v8_4_4 WARNING: Address 7 is outside range for A Read
blk_mem_gen_v8_4_4 WARNING: Address 7 is outside range for A Read
blk_mem_gen_v8_4_4 WARNING: Address 7 is outside range for A Read
blk_mem_gen_v8_4_4 WARNING: Address 7 is outside range for A Read
blk_mem_gen_v8_4_4 WARNING: Address 7 is outside range for A Read
blk_mem_gen_v8_4_4 WARNING: Address 7 is outside range for A Read
blk_mem_gen_v8_4_4 WARNING: Address 7 is outside range for A Read
blk_mem_gen_v8_4_4 WARNING: Address 7 is outside range for A Read
blk_mem_gen_v8_4_4 WARNING: Address 7 is outside range for A Read
blk_mem_gen_v8_4_4 WARNING: Address 7 is outside range for A Read
blk_mem_gen_v8_4_4 WARNING: Address 7 is outside range for A Read
blk_mem_gen_v8_4_4 WARNING: Address 7 is outside range for A Read
blk_mem_gen_v8_4_4 WARNING: Address 7 is outside range for A Read
blk_mem_gen_v8_4_4 WARNING: Address 7 is outside range for A Read
blk_mem_gen_v8_4_4 WARNING: Address 7 is outside range for A Read
blk_mem_gen_v8_4_4 WARNING: Address 7 is outside range for A Read
blk_mem_gen_v8_4_4 WARNING: Address 7 is outside range for A Read
blk_mem_gen_v8_4_4 WARNING: Address 6 is outside range for A Read
blk_mem_gen_v8_4_4 WARNING: Address 6 is outside range for A Read
blk_mem_gen_v8_4_4 WARNING: Address 6 is outside range for A Read
blk_mem_gen_v8_4_4 WARNING: Address 6 is outside range for A Read
blk_mem_gen_v8_4_4 WARNING: Address 6 is outside range for A Read
blk_mem_gen_v8_4_4 WARNING: Address 6 is outside range for A Read
blk_mem_gen_v8_4_4 WARNING: Address 6 is outside range for A Read
blk_mem_gen_v8_4_4 WARNING: Address 6 is outside range for A Read
blk_mem_gen_v8_4_4 WARNING: Address 6 is outside range for A Read
blk_mem_gen_v8_4_4 WARNING: Address 6 is outside range for A Read
blk_mem_gen_v8_4_4 WARNING: Address 7 is outside range for A Read
blk_mem_gen_v8_4_4 WARNING: Address 7 is outside range for A Read
blk_mem_gen_v8_4_4 WARNING: Address 7 is outside range for A Read
blk_mem_gen_v8_4_4 WARNING: Address 7 is outside range for A Read
blk_mem_gen_v8_4_4 WARNING: Address 7 is outside range for A Read
blk_mem_gen_v8_4_4 WARNING: Address 7 is outside range for A Read
blk_mem_gen_v8_4_4 WARNING: Address 7 is outside range for A Read
blk_mem_gen_v8_4_4 WARNING: Address 7 is outside range for A Read
blk_mem_gen_v8_4_4 WARNING: Address 7 is outside range for A Read
blk_mem_gen_v8_4_4 WARNING: Address 7 is outside range for A Read
blk_mem_gen_v8_4_4 WARNING: Address 7 is outside range for A Read
blk_mem_gen_v8_4_4 WARNING: Address 7 is outside range for A Read
blk_mem_gen_v8_4_4 WARNING: Address 7 is outside range for A Read
blk_mem_gen_v8_4_4 WARNING: Address 7 is outside range for A Read
blk_mem_gen_v8_4_4 WARNING: Address 7 is outside range for A Read
blk_mem_gen_v8_4_4 WARNING: Address 7 is outside range for A Read
blk_mem_gen_v8_4_4 WARNING: Address 7 is outside range for A Read
blk_mem_gen_v8_4_4 WARNING: Address 7 is outside range for A Read
blk_mem_gen_v8_4_4 WARNING: Address 7 is outside range for A Read
blk_mem_gen_v8_4_4 WARNING: Address 7 is outside range for A Read
blk_mem_gen_v8_4_4 WARNING: Address 7 is outside range for A Read
blk_mem_gen_v8_4_4 WARNING: Address 7 is outside range for A Read
blk_mem_gen_v8_4_4 WARNING: Address 7 is outside range for A Read
blk_mem_gen_v8_4_4 WARNING: Address 7 is outside range for A Read
blk_mem_gen_v8_4_4 WARNING: Address 7 is outside range for A Read
blk_mem_gen_v8_4_4 WARNING: Address 7 is outside range for A Read
blk_mem_gen_v8_4_4 WARNING: Address 7 is outside range for A Read
blk_mem_gen_v8_4_4 WARNING: Address 7 is outside range for A Read
blk_mem_gen_v8_4_4 WARNING: Address 7 is outside range for A Read
blk_mem_gen_v8_4_4 WARNING: Address 7 is outside range for A Read
blk_mem_gen_v8_4_4 WARNING: Address 7 is outside range for A Read
blk_mem_gen_v8_4_4 WARNING: Address 7 is outside range for A Read
blk_mem_gen_v8_4_4 WARNING: Address 7 is outside range for A Read
blk_mem_gen_v8_4_4 WARNING: Address 7 is outside range for A Read
blk_mem_gen_v8_4_4 WARNING: Address 7 is outside range for A Read
blk_mem_gen_v8_4_4 WARNING: Address 7 is outside range for A Read
blk_mem_gen_v8_4_4 WARNING: Address 7 is outside range for A Read
blk_mem_gen_v8_4_4 WARNING: Address 7 is outside range for A Read
blk_mem_gen_v8_4_4 WARNING: Address 7 is outside range for A Read
blk_mem_gen_v8_4_4 WARNING: Address 7 is outside range for A Read
blk_mem_gen_v8_4_4 WARNING: Address 7 is outside range for A Read
blk_mem_gen_v8_4_4 WARNING: Address 7 is outside range for A Read
blk_mem_gen_v8_4_4 WARNING: Address 7 is outside range for A Read
blk_mem_gen_v8_4_4 WARNING: Address 7 is outside range for A Read
blk_mem_gen_v8_4_4 WARNING: Address 7 is outside range for A Read
blk_mem_gen_v8_4_4 WARNING: Address 7 is outside range for A Read
blk_mem_gen_v8_4_4 WARNING: Address 7 is outside range for A Read
blk_mem_gen_v8_4_4 WARNING: Address 7 is outside range for A Read
blk_mem_gen_v8_4_4 WARNING: Address 7 is outside range for A Read
blk_mem_gen_v8_4_4 WARNING: Address 7 is outside range for A Read
blk_mem_gen_v8_4_4 WARNING: Address 7 is outside range for A Read
blk_mem_gen_v8_4_4 WARNING: Address 7 is outside range for A Read
blk_mem_gen_v8_4_4 WARNING: Address 7 is outside range for A Read
blk_mem_gen_v8_4_4 WARNING: Address 7 is outside range for A Read
blk_mem_gen_v8_4_4 WARNING: Address 7 is outside range for A Read
blk_mem_gen_v8_4_4 WARNING: Address 7 is outside range for A Read
blk_mem_gen_v8_4_4 WARNING: Address 7 is outside range for A Read
blk_mem_gen_v8_4_4 WARNING: Address 7 is outside range for A Read
blk_mem_gen_v8_4_4 WARNING: Address 7 is outside range for A Read
blk_mem_gen_v8_4_4 WARNING: Address 7 is outside range for A Read
blk_mem_gen_v8_4_4 WARNING: Address 3c is outside range for A Read
blk_mem_gen_v8_4_4 WARNING: Address 3d is outside range for A Read
blk_mem_gen_v8_4_4 WARNING: Address 3e is outside range for A Read
blk_mem_gen_v8_4_4 WARNING: Address 3c is outside range for A Read
blk_mem_gen_v8_4_4 WARNING: Address 3d is outside range for A Read
blk_mem_gen_v8_4_4 WARNING: Address 3e is outside range for A Read
blk_mem_gen_v8_4_4 WARNING: Address 3c is outside range for A Read
blk_mem_gen_v8_4_4 WARNING: Address 3d is outside range for A Read
blk_mem_gen_v8_4_4 WARNING: Address 3e is outside range for A Read
blk_mem_gen_v8_4_4 WARNING: Address 3c is outside range for A Read
blk_mem_gen_v8_4_4 WARNING: Address 3d is outside range for A Read
blk_mem_gen_v8_4_4 WARNING: Address 3e is outside range for A Read
blk_mem_gen_v8_4_4 WARNING: Address 3c is outside range for A Read
blk_mem_gen_v8_4_4 WARNING: Address 3d is outside range for A Read
blk_mem_gen_v8_4_4 WARNING: Address 3e is outside range for A Read
blk_mem_gen_v8_4_4 WARNING: Address 3c is outside range for A Read
blk_mem_gen_v8_4_4 WARNING: Address 3d is outside range for A Read
blk_mem_gen_v8_4_4 WARNING: Address 3e is outside range for A Read
blk_mem_gen_v8_4_4 WARNING: Address 3c is outside range for A Read
blk_mem_gen_v8_4_4 WARNING: Address 3d is outside range for A Read
blk_mem_gen_v8_4_4 WARNING: Address 3e is outside range for A Read
blk_mem_gen_v8_4_4 WARNING: Address 3c is outside range for A Read
blk_mem_gen_v8_4_4 WARNING: Address 3d is outside range for A Read
blk_mem_gen_v8_4_4 WARNING: Address 3e is outside range for A Read
blk_mem_gen_v8_4_4 WARNING: Address 3c is outside range for A Read
blk_mem_gen_v8_4_4 WARNING: Address 3d is outside range for A Read
blk_mem_gen_v8_4_4 WARNING: Address 3e is outside range for A Read
blk_mem_gen_v8_4_4 WARNING: Address 3c is outside range for A Read
blk_mem_gen_v8_4_4 WARNING: Address 3d is outside range for A Read
blk_mem_gen_v8_4_4 WARNING: Address 3e is outside range for A Read
blk_mem_gen_v8_4_4 WARNING: Address 3c is outside range for A Read
blk_mem_gen_v8_4_4 WARNING: Address 3d is outside range for A Read
blk_mem_gen_v8_4_4 WARNING: Address 3e is outside range for A Read
blk_mem_gen_v8_4_4 WARNING: Address 3c is outside range for A Read
blk_mem_gen_v8_4_4 WARNING: Address 3d is outside range for A Read
blk_mem_gen_v8_4_4 WARNING: Address 3e is outside range for A Read
blk_mem_gen_v8_4_4 WARNING: Address 3c is outside range for A Read
blk_mem_gen_v8_4_4 WARNING: Address 3d is outside range for A Read
blk_mem_gen_v8_4_4 WARNING: Address 3e is outside range for A Read
blk_mem_gen_v8_4_4 WARNING: Address 3c is outside range for A Read
blk_mem_gen_v8_4_4 WARNING: Address 3d is outside range for A Read
blk_mem_gen_v8_4_4 WARNING: Address 3e is outside range for A Read
blk_mem_gen_v8_4_4 WARNING: Address 3c is outside range for A Read
blk_mem_gen_v8_4_4 WARNING: Address 3d is outside range for A Read
blk_mem_gen_v8_4_4 WARNING: Address 3e is outside range for A Read
blk_mem_gen_v8_4_4 WARNING: Address 3c is outside range for A Read
blk_mem_gen_v8_4_4 WARNING: Address 3d is outside range for A Read
blk_mem_gen_v8_4_4 WARNING: Address 3e is outside range for A Read
blk_mem_gen_v8_4_4 WARNING: Address 3c is outside range for A Read
blk_mem_gen_v8_4_4 WARNING: Address 3d is outside range for A Read
blk_mem_gen_v8_4_4 WARNING: Address 3e is outside range for A Read
blk_mem_gen_v8_4_4 WARNING: Address 3c is outside range for A Read
blk_mem_gen_v8_4_4 WARNING: Address 3d is outside range for A Read
blk_mem_gen_v8_4_4 WARNING: Address 3e is outside range for A Read
blk_mem_gen_v8_4_4 WARNING: Address 3c is outside range for A Read
blk_mem_gen_v8_4_4 WARNING: Address 3d is outside range for A Read
blk_mem_gen_v8_4_4 WARNING: Address 3e is outside range for A Read
blk_mem_gen_v8_4_4 WARNING: Address 3c is outside range for A Read
blk_mem_gen_v8_4_4 WARNING: Address 3d is outside range for A Read
blk_mem_gen_v8_4_4 WARNING: Address 3e is outside range for A Read
blk_mem_gen_v8_4_4 WARNING: Address 3c is outside range for A Read
blk_mem_gen_v8_4_4 WARNING: Address 3d is outside range for A Read
blk_mem_gen_v8_4_4 WARNING: Address 3e is outside range for A Read
blk_mem_gen_v8_4_4 WARNING: Address 3c is outside range for A Read
blk_mem_gen_v8_4_4 WARNING: Address 3d is outside range for A Read
blk_mem_gen_v8_4_4 WARNING: Address 3e is outside range for A Read
blk_mem_gen_v8_4_4 WARNING: Address 3c is outside range for A Read
blk_mem_gen_v8_4_4 WARNING: Address 3d is outside range for A Read
blk_mem_gen_v8_4_4 WARNING: Address 3e is outside range for A Read
blk_mem_gen_v8_4_4 WARNING: Address 3c is outside range for A Read
blk_mem_gen_v8_4_4 WARNING: Address 3d is outside range for A Read
blk_mem_gen_v8_4_4 WARNING: Address 3e is outside range for A Read
blk_mem_gen_v8_4_4 WARNING: Address 3c is outside range for A Read
blk_mem_gen_v8_4_4 WARNING: Address 3d is outside range for A Read
blk_mem_gen_v8_4_4 WARNING: Address 3e is outside range for A Read
blk_mem_gen_v8_4_4 WARNING: Address 3c is outside range for A Read
blk_mem_gen_v8_4_4 WARNING: Address 3d is outside range for A Read
blk_mem_gen_v8_4_4 WARNING: Address 3e is outside range for A Read
blk_mem_gen_v8_4_4 WARNING: Address 3c is outside range for A Read
blk_mem_gen_v8_4_4 WARNING: Address 3d is outside range for A Read
blk_mem_gen_v8_4_4 WARNING: Address 3e is outside range for A Read
blk_mem_gen_v8_4_4 WARNING: Address 3c is outside range for A Read
blk_mem_gen_v8_4_4 WARNING: Address 3d is outside range for A Read
blk_mem_gen_v8_4_4 WARNING: Address 3e is outside range for A Read
blk_mem_gen_v8_4_4 WARNING: Address 3c is outside range for A Read
blk_mem_gen_v8_4_4 WARNING: Address 3d is outside range for A Read
blk_mem_gen_v8_4_4 WARNING: Address 3e is outside range for A Read
blk_mem_gen_v8_4_4 WARNING: Address 3c is outside range for A Read
blk_mem_gen_v8_4_4 WARNING: Address 3d is outside range for A Read
blk_mem_gen_v8_4_4 WARNING: Address 3e is outside range for A Read
blk_mem_gen_v8_4_4 WARNING: Address 3c is outside range for A Read
blk_mem_gen_v8_4_4 WARNING: Address 3d is outside range for A Read
blk_mem_gen_v8_4_4 WARNING: Address 3e is outside range for A Read
blk_mem_gen_v8_4_4 WARNING: Address 3c is outside range for A Read
blk_mem_gen_v8_4_4 WARNING: Address 3d is outside range for A Read
blk_mem_gen_v8_4_4 WARNING: Address 3e is outside range for A Read
blk_mem_gen_v8_4_4 WARNING: Address a is outside range for A Read
blk_mem_gen_v8_4_4 WARNING: Address a is outside range for A Read
blk_mem_gen_v8_4_4 WARNING: Address b is outside range for A Read
